CRITICAL - 2021-12-27 00:27:20 --> shuffle() expects exactly 1 parameter, 2 given
#0 [internal function]: CodeIgniter\Debug\Exceptions->errorHandler(2, 'shuffle() expec...', 'D:\\laragon\\www\\...', 35, Array)
#1 D:\laragon\www\ci4-hmvc\app\Controllers\Home.php(35): shuffle(Array, 1)
#2 D:\laragon\www\ci4-hmvc\system\CodeIgniter.php(824): App\Controllers\Home->index()
#3 D:\laragon\www\ci4-hmvc\system\CodeIgniter.php(410): CodeIgniter\CodeIgniter->runController(Object(App\Controllers\Home))
#4 D:\laragon\www\ci4-hmvc\system\CodeIgniter.php(318): CodeIgniter\CodeIgniter->handleRequest(NULL, Object(Config\Cache), false)
#5 D:\laragon\www\ci4-hmvc\public\index.php(37): CodeIgniter\CodeIgniter->run()
#6 D:\laragon\www\ci4-hmvc\system\Commands\Server\rewrite.php(43): require_once('D:\\laragon\\www\\...')
#7 {main}
CRITICAL - 2021-12-27 00:39:02 --> Trying to access array offset on value of type int
#0 D:\laragon\www\ci4-hmvc\app\Controllers\Home.php(35): CodeIgniter\Debug\Exceptions->errorHandler(8, 'Trying to acces...', 'D:\\laragon\\www\\...', 35, Array)
#1 D:\laragon\www\ci4-hmvc\system\CodeIgniter.php(824): App\Controllers\Home->index()
#2 D:\laragon\www\ci4-hmvc\system\CodeIgniter.php(410): CodeIgniter\CodeIgniter->runController(Object(App\Controllers\Home))
#3 D:\laragon\www\ci4-hmvc\system\CodeIgniter.php(318): CodeIgniter\CodeIgniter->handleRequest(NULL, Object(Config\Cache), false)
#4 D:\laragon\www\ci4-hmvc\public\index.php(37): CodeIgniter\CodeIgniter->run()
#5 D:\laragon\www\ci4-hmvc\system\Commands\Server\rewrite.php(43): require_once('D:\\laragon\\www\\...')
#6 {main}
CRITICAL - 2021-12-27 00:39:02 --> Trying to access array offset on value of type int
#0 D:\laragon\www\ci4-hmvc\app\Controllers\Home.php(35): CodeIgniter\Debug\Exceptions->errorHandler(8, 'Trying to acces...', 'D:\\laragon\\www\\...', 35, Array)
#1 D:\laragon\www\ci4-hmvc\system\CodeIgniter.php(824): App\Controllers\Home->index()
#2 D:\laragon\www\ci4-hmvc\system\CodeIgniter.php(410): CodeIgniter\CodeIgniter->runController(Object(App\Controllers\Home))
#3 D:\laragon\www\ci4-hmvc\system\CodeIgniter.php(318): CodeIgniter\CodeIgniter->handleRequest(NULL, Object(Config\Cache), false)
#4 D:\laragon\www\ci4-hmvc\public\index.php(37): CodeIgniter\CodeIgniter->run()
#5 D:\laragon\www\ci4-hmvc\system\Commands\Server\rewrite.php(43): require_once('D:\\laragon\\www\\...')
#6 {main}
CRITICAL - 2021-12-27 00:39:03 --> Trying to access array offset on value of type int
#0 D:\laragon\www\ci4-hmvc\app\Controllers\Home.php(35): CodeIgniter\Debug\Exceptions->errorHandler(8, 'Trying to acces...', 'D:\\laragon\\www\\...', 35, Array)
#1 D:\laragon\www\ci4-hmvc\system\CodeIgniter.php(824): App\Controllers\Home->index()
#2 D:\laragon\www\ci4-hmvc\system\CodeIgniter.php(410): CodeIgniter\CodeIgniter->runController(Object(App\Controllers\Home))
#3 D:\laragon\www\ci4-hmvc\system\CodeIgniter.php(318): CodeIgniter\CodeIgniter->handleRequest(NULL, Object(Config\Cache), false)
#4 D:\laragon\www\ci4-hmvc\public\index.php(37): CodeIgniter\CodeIgniter->run()
#5 D:\laragon\www\ci4-hmvc\system\Commands\Server\rewrite.php(43): require_once('D:\\laragon\\www\\...')
#6 {main}
CRITICAL - 2021-12-27 00:39:08 --> array_rand(): Second argument has to be between 1 and the number of elements in the array
#0 [internal function]: CodeIgniter\Debug\Exceptions->errorHandler(2, 'array_rand(): S...', 'D:\\laragon\\www\\...', 35, Array)
#1 D:\laragon\www\ci4-hmvc\app\Controllers\Home.php(35): array_rand(Array, 4)
#2 D:\laragon\www\ci4-hmvc\system\CodeIgniter.php(824): App\Controllers\Home->index()
#3 D:\laragon\www\ci4-hmvc\system\CodeIgniter.php(410): CodeIgniter\CodeIgniter->runController(Object(App\Controllers\Home))
#4 D:\laragon\www\ci4-hmvc\system\CodeIgniter.php(318): CodeIgniter\CodeIgniter->handleRequest(NULL, Object(Config\Cache), false)
#5 D:\laragon\www\ci4-hmvc\public\index.php(37): CodeIgniter\CodeIgniter->run()
#6 D:\laragon\www\ci4-hmvc\system\Commands\Server\rewrite.php(43): require_once('D:\\laragon\\www\\...')
#7 {main}
CRITICAL - 2021-12-27 00:39:09 --> array_rand(): Second argument has to be between 1 and the number of elements in the array
#0 [internal function]: CodeIgniter\Debug\Exceptions->errorHandler(2, 'array_rand(): S...', 'D:\\laragon\\www\\...', 35, Array)
#1 D:\laragon\www\ci4-hmvc\app\Controllers\Home.php(35): array_rand(Array, 4)
#2 D:\laragon\www\ci4-hmvc\system\CodeIgniter.php(824): App\Controllers\Home->index()
#3 D:\laragon\www\ci4-hmvc\system\CodeIgniter.php(410): CodeIgniter\CodeIgniter->runController(Object(App\Controllers\Home))
#4 D:\laragon\www\ci4-hmvc\system\CodeIgniter.php(318): CodeIgniter\CodeIgniter->handleRequest(NULL, Object(Config\Cache), false)
#5 D:\laragon\www\ci4-hmvc\public\index.php(37): CodeIgniter\CodeIgniter->run()
#6 D:\laragon\www\ci4-hmvc\system\Commands\Server\rewrite.php(43): require_once('D:\\laragon\\www\\...')
#7 {main}
CRITICAL - 2021-12-27 00:39:09 --> array_rand(): Second argument has to be between 1 and the number of elements in the array
#0 [internal function]: CodeIgniter\Debug\Exceptions->errorHandler(2, 'array_rand(): S...', 'D:\\laragon\\www\\...', 35, Array)
#1 D:\laragon\www\ci4-hmvc\app\Controllers\Home.php(35): array_rand(Array, 4)
#2 D:\laragon\www\ci4-hmvc\system\CodeIgniter.php(824): App\Controllers\Home->index()
#3 D:\laragon\www\ci4-hmvc\system\CodeIgniter.php(410): CodeIgniter\CodeIgniter->runController(Object(App\Controllers\Home))
#4 D:\laragon\www\ci4-hmvc\system\CodeIgniter.php(318): CodeIgniter\CodeIgniter->handleRequest(NULL, Object(Config\Cache), false)
#5 D:\laragon\www\ci4-hmvc\public\index.php(37): CodeIgniter\CodeIgniter->run()
#6 D:\laragon\www\ci4-hmvc\system\Commands\Server\rewrite.php(43): require_once('D:\\laragon\\www\\...')
#7 {main}
CRITICAL - 2021-12-27 00:39:10 --> array_rand(): Second argument has to be between 1 and the number of elements in the array
#0 [internal function]: CodeIgniter\Debug\Exceptions->errorHandler(2, 'array_rand(): S...', 'D:\\laragon\\www\\...', 35, Array)
#1 D:\laragon\www\ci4-hmvc\app\Controllers\Home.php(35): array_rand(Array, 4)
#2 D:\laragon\www\ci4-hmvc\system\CodeIgniter.php(824): App\Controllers\Home->index()
#3 D:\laragon\www\ci4-hmvc\system\CodeIgniter.php(410): CodeIgniter\CodeIgniter->runController(Object(App\Controllers\Home))
#4 D:\laragon\www\ci4-hmvc\system\CodeIgniter.php(318): CodeIgniter\CodeIgniter->handleRequest(NULL, Object(Config\Cache), false)
#5 D:\laragon\www\ci4-hmvc\public\index.php(37): CodeIgniter\CodeIgniter->run()
#6 D:\laragon\www\ci4-hmvc\system\Commands\Server\rewrite.php(43): require_once('D:\\laragon\\www\\...')
#7 {main}
CRITICAL - 2021-12-27 00:39:11 --> array_rand(): Second argument has to be between 1 and the number of elements in the array
#0 [internal function]: CodeIgniter\Debug\Exceptions->errorHandler(2, 'array_rand(): S...', 'D:\\laragon\\www\\...', 35, Array)
#1 D:\laragon\www\ci4-hmvc\app\Controllers\Home.php(35): array_rand(Array, 4)
#2 D:\laragon\www\ci4-hmvc\system\CodeIgniter.php(824): App\Controllers\Home->index()
#3 D:\laragon\www\ci4-hmvc\system\CodeIgniter.php(410): CodeIgniter\CodeIgniter->runController(Object(App\Controllers\Home))
#4 D:\laragon\www\ci4-hmvc\system\CodeIgniter.php(318): CodeIgniter\CodeIgniter->handleRequest(NULL, Object(Config\Cache), false)
#5 D:\laragon\www\ci4-hmvc\public\index.php(37): CodeIgniter\CodeIgniter->run()
#6 D:\laragon\www\ci4-hmvc\system\Commands\Server\rewrite.php(43): require_once('D:\\laragon\\www\\...')
#7 {main}
CRITICAL - 2021-12-27 22:30:03 --> Trying to get property 'published_at' of non-object
#0 D:\laragon\www\ci4-hmvc\modules\Post\Views\partials\new.php(522): CodeIgniter\Debug\Exceptions->errorHandler(8, 'Trying to get p...', 'D:\\laragon\\www\\...', 522, Array)
#1 D:\laragon\www\ci4-hmvc\system\View\View.php(214): include('D:\\laragon\\www\\...')
#2 D:\laragon\www\ci4-hmvc\system\View\View.php(217): CodeIgniter\View\View->CodeIgniter\View\{closure}()
#3 D:\laragon\www\ci4-hmvc\system\View\View.php(432): CodeIgniter\View\View->render('\\Modules\\Post\\V...', NULL, true)
#4 D:\laragon\www\ci4-hmvc\modules\Post\Views\index.php(11): CodeIgniter\View\View->include('\\Modules\\Post\\V...')
#5 D:\laragon\www\ci4-hmvc\system\View\View.php(214): include('D:\\laragon\\www\\...')
#6 D:\laragon\www\ci4-hmvc\system\View\View.php(217): CodeIgniter\View\View->CodeIgniter\View\{closure}()
#7 D:\laragon\www\ci4-hmvc\system\Common.php(1097): CodeIgniter\View\View->render('\\Modules\\Post\\V...', Array, true)
#8 D:\laragon\www\ci4-hmvc\app\Controllers\Home.php(35): view('\\Modules\\Post\\V...', Array)
#9 D:\laragon\www\ci4-hmvc\system\CodeIgniter.php(824): App\Controllers\Home->index()
#10 D:\laragon\www\ci4-hmvc\system\CodeIgniter.php(410): CodeIgniter\CodeIgniter->runController(Object(App\Controllers\Home))
#11 D:\laragon\www\ci4-hmvc\system\CodeIgniter.php(318): CodeIgniter\CodeIgniter->handleRequest(NULL, Object(Config\Cache), false)
#12 D:\laragon\www\ci4-hmvc\public\index.php(37): CodeIgniter\CodeIgniter->run()
#13 D:\laragon\www\ci4-hmvc\system\Commands\Server\rewrite.php(43): require_once('D:\\laragon\\www\\...')
#14 {main}
