ERROR - 2022-06-03 02:43:22 --> Error connecting to the database: No connection could be made because the target machine actively refused it.

CRITICAL - 2022-06-03 02:43:22 --> Unable to connect to the database.
Main connection [MySQLi]: No connection could be made because the target machine actively refused it.

#0 D:\laragon\www\ci4-blog-post\system\Database\BaseConnection.php(577): CodeIgniter\Database\BaseConnection->initialize()
#1 D:\laragon\www\ci4-blog-post\system\Database\BaseBuilder.php(1443): CodeIgniter\Database\BaseConnection->query('SELECT *\nFROM `...', Array, false)
#2 D:\laragon\www\ci4-blog-post\system\Model.php(723): CodeIgniter\Database\BaseBuilder->get()
#3 D:\laragon\www\ci4-blog-post\modules\Post\Models\CategoriesModel.php(21): CodeIgniter\Model->__call('get', Array)
#4 D:\laragon\www\ci4-blog-post\modules\Post\Controllers\Post.php(23): Modules\Post\Models\CategoriesModel->getCategories()
#5 D:\laragon\www\ci4-blog-post\system\CodeIgniter.php(824): Modules\Post\Controllers\Post->index()
#6 D:\laragon\www\ci4-blog-post\system\CodeIgniter.php(410): CodeIgniter\CodeIgniter->runController(Object(Modules\Post\Controllers\Post))
#7 D:\laragon\www\ci4-blog-post\system\CodeIgniter.php(318): CodeIgniter\CodeIgniter->handleRequest(NULL, Object(Config\Cache), false)
#8 D:\laragon\www\ci4-blog-post\public\index.php(37): CodeIgniter\CodeIgniter->run()
#9 D:\laragon\www\ci4-blog-post\system\Commands\Server\rewrite.php(43): require_once('D:\\laragon\\www\\...')
#10 {main}
ERROR - 2022-06-03 02:43:42 --> Error connecting to the database: No connection could be made because the target machine actively refused it.

CRITICAL - 2022-06-03 02:43:42 --> Unable to connect to the database.
Main connection [MySQLi]: No connection could be made because the target machine actively refused it.

#0 D:\laragon\www\ci4-blog-post\system\Database\BaseConnection.php(577): CodeIgniter\Database\BaseConnection->initialize()
#1 D:\laragon\www\ci4-blog-post\system\Database\BaseBuilder.php(1443): CodeIgniter\Database\BaseConnection->query('SELECT *\nFROM `...', Array, false)
#2 D:\laragon\www\ci4-blog-post\system\Model.php(723): CodeIgniter\Database\BaseBuilder->get()
#3 D:\laragon\www\ci4-blog-post\modules\Post\Models\CategoriesModel.php(21): CodeIgniter\Model->__call('get', Array)
#4 D:\laragon\www\ci4-blog-post\modules\Post\Controllers\Post.php(23): Modules\Post\Models\CategoriesModel->getCategories()
#5 D:\laragon\www\ci4-blog-post\system\CodeIgniter.php(824): Modules\Post\Controllers\Post->index()
#6 D:\laragon\www\ci4-blog-post\system\CodeIgniter.php(410): CodeIgniter\CodeIgniter->runController(Object(Modules\Post\Controllers\Post))
#7 D:\laragon\www\ci4-blog-post\system\CodeIgniter.php(318): CodeIgniter\CodeIgniter->handleRequest(NULL, Object(Config\Cache), false)
#8 D:\laragon\www\ci4-blog-post\public\index.php(37): CodeIgniter\CodeIgniter->run()
#9 D:\laragon\www\ci4-blog-post\system\Commands\Server\rewrite.php(43): require_once('D:\\laragon\\www\\...')
#10 {main}
ERROR - 2022-06-03 02:43:47 --> Error connecting to the database: No connection could be made because the target machine actively refused it.

CRITICAL - 2022-06-03 02:43:47 --> Unable to connect to the database.
Main connection [MySQLi]: No connection could be made because the target machine actively refused it.

#0 D:\laragon\www\ci4-blog-post\system\Database\BaseConnection.php(577): CodeIgniter\Database\BaseConnection->initialize()
#1 D:\laragon\www\ci4-blog-post\system\Database\BaseBuilder.php(1443): CodeIgniter\Database\BaseConnection->query('SELECT *\nFROM `...', Array, false)
#2 D:\laragon\www\ci4-blog-post\system\Model.php(723): CodeIgniter\Database\BaseBuilder->get()
#3 D:\laragon\www\ci4-blog-post\modules\Post\Models\CategoriesModel.php(21): CodeIgniter\Model->__call('get', Array)
#4 D:\laragon\www\ci4-blog-post\modules\Post\Controllers\Post.php(23): Modules\Post\Models\CategoriesModel->getCategories()
#5 D:\laragon\www\ci4-blog-post\system\CodeIgniter.php(824): Modules\Post\Controllers\Post->index()
#6 D:\laragon\www\ci4-blog-post\system\CodeIgniter.php(410): CodeIgniter\CodeIgniter->runController(Object(Modules\Post\Controllers\Post))
#7 D:\laragon\www\ci4-blog-post\system\CodeIgniter.php(318): CodeIgniter\CodeIgniter->handleRequest(NULL, Object(Config\Cache), false)
#8 D:\laragon\www\ci4-blog-post\public\index.php(37): CodeIgniter\CodeIgniter->run()
#9 D:\laragon\www\ci4-blog-post\system\Commands\Server\rewrite.php(43): require_once('D:\\laragon\\www\\...')
#10 {main}
CRITICAL - 2022-06-03 02:44:46 --> Array to string conversion
#0 D:\laragon\www\ci4-blog-post\modules\Post\Views\partials\new.php(36): CodeIgniter\Debug\Exceptions->errorHandler(8, 'Array to string...', 'D:\\laragon\\www\\...', 36, Array)
#1 D:\laragon\www\ci4-blog-post\system\View\View.php(214): include('D:\\laragon\\www\\...')
#2 D:\laragon\www\ci4-blog-post\system\View\View.php(217): CodeIgniter\View\View->CodeIgniter\View\{closure}()
#3 D:\laragon\www\ci4-blog-post\system\View\View.php(432): CodeIgniter\View\View->render('\\Modules\\Post\\V...', NULL, true)
#4 D:\laragon\www\ci4-blog-post\modules\Post\Views\pages\index.php(11): CodeIgniter\View\View->include('\\Modules\\Post\\V...')
#5 D:\laragon\www\ci4-blog-post\system\View\View.php(214): include('D:\\laragon\\www\\...')
#6 D:\laragon\www\ci4-blog-post\system\View\View.php(217): CodeIgniter\View\View->CodeIgniter\View\{closure}()
#7 D:\laragon\www\ci4-blog-post\system\Common.php(1097): CodeIgniter\View\View->render('Post\\Views\\page...', Array, true)
#8 D:\laragon\www\ci4-blog-post\modules\Post\Controllers\Post.php(74): view('Post\\Views\\page...', Array)
#9 D:\laragon\www\ci4-blog-post\system\CodeIgniter.php(824): Modules\Post\Controllers\Post->index()
#10 D:\laragon\www\ci4-blog-post\system\CodeIgniter.php(410): CodeIgniter\CodeIgniter->runController(Object(Modules\Post\Controllers\Post))
#11 D:\laragon\www\ci4-blog-post\system\CodeIgniter.php(318): CodeIgniter\CodeIgniter->handleRequest(NULL, Object(Config\Cache), false)
#12 D:\laragon\www\ci4-blog-post\public\index.php(37): CodeIgniter\CodeIgniter->run()
#13 D:\laragon\www\ci4-blog-post\system\Commands\Server\rewrite.php(43): require_once('D:\\laragon\\www\\...')
#14 {main}
CRITICAL - 2022-06-03 02:45:03 --> Array to string conversion
#0 D:\laragon\www\ci4-blog-post\modules\Post\Views\partials\new.php(36): CodeIgniter\Debug\Exceptions->errorHandler(8, 'Array to string...', 'D:\\laragon\\www\\...', 36, Array)
#1 D:\laragon\www\ci4-blog-post\system\View\View.php(214): include('D:\\laragon\\www\\...')
#2 D:\laragon\www\ci4-blog-post\system\View\View.php(217): CodeIgniter\View\View->CodeIgniter\View\{closure}()
#3 D:\laragon\www\ci4-blog-post\system\View\View.php(432): CodeIgniter\View\View->render('\\Modules\\Post\\V...', NULL, true)
#4 D:\laragon\www\ci4-blog-post\modules\Post\Views\pages\index.php(11): CodeIgniter\View\View->include('\\Modules\\Post\\V...')
#5 D:\laragon\www\ci4-blog-post\system\View\View.php(214): include('D:\\laragon\\www\\...')
#6 D:\laragon\www\ci4-blog-post\system\View\View.php(217): CodeIgniter\View\View->CodeIgniter\View\{closure}()
#7 D:\laragon\www\ci4-blog-post\system\Common.php(1097): CodeIgniter\View\View->render('Post\\Views\\page...', Array, true)
#8 D:\laragon\www\ci4-blog-post\modules\Post\Controllers\Post.php(74): view('Post\\Views\\page...', Array)
#9 D:\laragon\www\ci4-blog-post\system\CodeIgniter.php(824): Modules\Post\Controllers\Post->index()
#10 D:\laragon\www\ci4-blog-post\system\CodeIgniter.php(410): CodeIgniter\CodeIgniter->runController(Object(Modules\Post\Controllers\Post))
#11 D:\laragon\www\ci4-blog-post\system\CodeIgniter.php(318): CodeIgniter\CodeIgniter->handleRequest(NULL, Object(Config\Cache), false)
#12 D:\laragon\www\ci4-blog-post\public\index.php(37): CodeIgniter\CodeIgniter->run()
#13 D:\laragon\www\ci4-blog-post\system\Commands\Server\rewrite.php(43): require_once('D:\\laragon\\www\\...')
#14 {main}
CRITICAL - 2022-06-03 02:46:07 --> Array to string conversion
#0 D:\laragon\www\ci4-blog-post\modules\Post\Views\partials\new.php(36): CodeIgniter\Debug\Exceptions->errorHandler(8, 'Array to string...', 'D:\\laragon\\www\\...', 36, Array)
#1 D:\laragon\www\ci4-blog-post\system\View\View.php(214): include('D:\\laragon\\www\\...')
#2 D:\laragon\www\ci4-blog-post\system\View\View.php(217): CodeIgniter\View\View->CodeIgniter\View\{closure}()
#3 D:\laragon\www\ci4-blog-post\system\View\View.php(432): CodeIgniter\View\View->render('\\Modules\\Post\\V...', NULL, true)
#4 D:\laragon\www\ci4-blog-post\modules\Post\Views\pages\index.php(11): CodeIgniter\View\View->include('\\Modules\\Post\\V...')
#5 D:\laragon\www\ci4-blog-post\system\View\View.php(214): include('D:\\laragon\\www\\...')
#6 D:\laragon\www\ci4-blog-post\system\View\View.php(217): CodeIgniter\View\View->CodeIgniter\View\{closure}()
#7 D:\laragon\www\ci4-blog-post\system\Common.php(1097): CodeIgniter\View\View->render('Post\\Views\\page...', Array, true)
#8 D:\laragon\www\ci4-blog-post\modules\Post\Controllers\Post.php(74): view('Post\\Views\\page...', Array)
#9 D:\laragon\www\ci4-blog-post\system\CodeIgniter.php(824): Modules\Post\Controllers\Post->index()
#10 D:\laragon\www\ci4-blog-post\system\CodeIgniter.php(410): CodeIgniter\CodeIgniter->runController(Object(Modules\Post\Controllers\Post))
#11 D:\laragon\www\ci4-blog-post\system\CodeIgniter.php(318): CodeIgniter\CodeIgniter->handleRequest(NULL, Object(Config\Cache), false)
#12 D:\laragon\www\ci4-blog-post\public\index.php(37): CodeIgniter\CodeIgniter->run()
#13 D:\laragon\www\ci4-blog-post\system\Commands\Server\rewrite.php(43): require_once('D:\\laragon\\www\\...')
#14 {main}
CRITICAL - 2022-06-03 02:50:36 --> Undefined variable: fashion
#0 D:\laragon\www\ci4-blog-post\modules\Post\Views\partials\new2.php(39): CodeIgniter\Debug\Exceptions->errorHandler(8, 'Undefined varia...', 'D:\\laragon\\www\\...', 39, Array)
#1 D:\laragon\www\ci4-blog-post\system\View\View.php(214): include('D:\\laragon\\www\\...')
#2 D:\laragon\www\ci4-blog-post\system\View\View.php(217): CodeIgniter\View\View->CodeIgniter\View\{closure}()
#3 D:\laragon\www\ci4-blog-post\system\View\View.php(432): CodeIgniter\View\View->render('\\Modules\\Post\\V...', NULL, true)
#4 D:\laragon\www\ci4-blog-post\modules\Post\Views\pages\index.php(11): CodeIgniter\View\View->include('\\Modules\\Post\\V...')
#5 D:\laragon\www\ci4-blog-post\system\View\View.php(214): include('D:\\laragon\\www\\...')
#6 D:\laragon\www\ci4-blog-post\system\View\View.php(217): CodeIgniter\View\View->CodeIgniter\View\{closure}()
#7 D:\laragon\www\ci4-blog-post\system\Common.php(1097): CodeIgniter\View\View->render('Post\\Views\\page...', Array, true)
#8 D:\laragon\www\ci4-blog-post\modules\Post\Controllers\Post.php(74): view('Post\\Views\\page...', Array)
#9 D:\laragon\www\ci4-blog-post\system\CodeIgniter.php(824): Modules\Post\Controllers\Post->index()
#10 D:\laragon\www\ci4-blog-post\system\CodeIgniter.php(410): CodeIgniter\CodeIgniter->runController(Object(Modules\Post\Controllers\Post))
#11 D:\laragon\www\ci4-blog-post\system\CodeIgniter.php(318): CodeIgniter\CodeIgniter->handleRequest(NULL, Object(Config\Cache), false)
#12 D:\laragon\www\ci4-blog-post\public\index.php(37): CodeIgniter\CodeIgniter->run()
#13 D:\laragon\www\ci4-blog-post\system\Commands\Server\rewrite.php(43): require_once('D:\\laragon\\www\\...')
#14 {main}
CRITICAL - 2022-06-03 03:04:59 --> Undefined variable: postsTab
#0 D:\laragon\www\ci4-blog-post\modules\Post\Views\partials\new.php(35): CodeIgniter\Debug\Exceptions->errorHandler(8, 'Undefined varia...', 'D:\\laragon\\www\\...', 35, Array)
#1 D:\laragon\www\ci4-blog-post\system\View\View.php(214): include('D:\\laragon\\www\\...')
#2 D:\laragon\www\ci4-blog-post\system\View\View.php(217): CodeIgniter\View\View->CodeIgniter\View\{closure}()
#3 D:\laragon\www\ci4-blog-post\system\View\View.php(432): CodeIgniter\View\View->render('\\Modules\\Post\\V...', NULL, true)
#4 D:\laragon\www\ci4-blog-post\modules\Post\Views\pages\index.php(11): CodeIgniter\View\View->include('\\Modules\\Post\\V...')
#5 D:\laragon\www\ci4-blog-post\system\View\View.php(214): include('D:\\laragon\\www\\...')
#6 D:\laragon\www\ci4-blog-post\system\View\View.php(217): CodeIgniter\View\View->CodeIgniter\View\{closure}()
#7 D:\laragon\www\ci4-blog-post\system\Common.php(1097): CodeIgniter\View\View->render('Post\\Views\\page...', Array, true)
#8 D:\laragon\www\ci4-blog-post\modules\Post\Controllers\Post.php(74): view('Post\\Views\\page...', Array)
#9 D:\laragon\www\ci4-blog-post\system\CodeIgniter.php(824): Modules\Post\Controllers\Post->index()
#10 D:\laragon\www\ci4-blog-post\system\CodeIgniter.php(410): CodeIgniter\CodeIgniter->runController(Object(Modules\Post\Controllers\Post))
#11 D:\laragon\www\ci4-blog-post\system\CodeIgniter.php(318): CodeIgniter\CodeIgniter->handleRequest(NULL, Object(Config\Cache), false)
#12 D:\laragon\www\ci4-blog-post\public\index.php(37): CodeIgniter\CodeIgniter->run()
#13 D:\laragon\www\ci4-blog-post\system\Commands\Server\rewrite.php(43): require_once('D:\\laragon\\www\\...')
#14 {main}
CRITICAL - 2022-06-03 03:06:38 --> Array to string conversion
#0 D:\laragon\www\ci4-blog-post\modules\Post\Views\partials\new.php(36): CodeIgniter\Debug\Exceptions->errorHandler(8, 'Array to string...', 'D:\\laragon\\www\\...', 36, Array)
#1 D:\laragon\www\ci4-blog-post\system\View\View.php(214): include('D:\\laragon\\www\\...')
#2 D:\laragon\www\ci4-blog-post\system\View\View.php(217): CodeIgniter\View\View->CodeIgniter\View\{closure}()
#3 D:\laragon\www\ci4-blog-post\system\View\View.php(432): CodeIgniter\View\View->render('\\Modules\\Post\\V...', NULL, true)
#4 D:\laragon\www\ci4-blog-post\modules\Post\Views\pages\index.php(11): CodeIgniter\View\View->include('\\Modules\\Post\\V...')
#5 D:\laragon\www\ci4-blog-post\system\View\View.php(214): include('D:\\laragon\\www\\...')
#6 D:\laragon\www\ci4-blog-post\system\View\View.php(217): CodeIgniter\View\View->CodeIgniter\View\{closure}()
#7 D:\laragon\www\ci4-blog-post\system\Common.php(1097): CodeIgniter\View\View->render('Post\\Views\\page...', Array, true)
#8 D:\laragon\www\ci4-blog-post\modules\Post\Controllers\Post.php(74): view('Post\\Views\\page...', Array)
#9 D:\laragon\www\ci4-blog-post\system\CodeIgniter.php(824): Modules\Post\Controllers\Post->index()
#10 D:\laragon\www\ci4-blog-post\system\CodeIgniter.php(410): CodeIgniter\CodeIgniter->runController(Object(Modules\Post\Controllers\Post))
#11 D:\laragon\www\ci4-blog-post\system\CodeIgniter.php(318): CodeIgniter\CodeIgniter->handleRequest(NULL, Object(Config\Cache), false)
#12 D:\laragon\www\ci4-blog-post\public\index.php(37): CodeIgniter\CodeIgniter->run()
#13 D:\laragon\www\ci4-blog-post\system\Commands\Server\rewrite.php(43): require_once('D:\\laragon\\www\\...')
#14 {main}
CRITICAL - 2022-06-03 03:07:55 --> syntax error, unexpected '->' (T_OBJECT_OPERATOR)
#0 D:\laragon\www\ci4-blog-post\system\View\View.php(217): CodeIgniter\View\View->CodeIgniter\View\{closure}()
#1 D:\laragon\www\ci4-blog-post\system\View\View.php(432): CodeIgniter\View\View->render('\\Modules\\Post\\V...', NULL, true)
#2 D:\laragon\www\ci4-blog-post\modules\Post\Views\pages\index.php(11): CodeIgniter\View\View->include('\\Modules\\Post\\V...')
#3 D:\laragon\www\ci4-blog-post\system\View\View.php(214): include('D:\\laragon\\www\\...')
#4 D:\laragon\www\ci4-blog-post\system\View\View.php(217): CodeIgniter\View\View->CodeIgniter\View\{closure}()
#5 D:\laragon\www\ci4-blog-post\system\Common.php(1097): CodeIgniter\View\View->render('Post\\Views\\page...', Array, true)
#6 D:\laragon\www\ci4-blog-post\modules\Post\Controllers\Post.php(74): view('Post\\Views\\page...', Array)
#7 D:\laragon\www\ci4-blog-post\system\CodeIgniter.php(824): Modules\Post\Controllers\Post->index()
#8 D:\laragon\www\ci4-blog-post\system\CodeIgniter.php(410): CodeIgniter\CodeIgniter->runController(Object(Modules\Post\Controllers\Post))
#9 D:\laragon\www\ci4-blog-post\system\CodeIgniter.php(318): CodeIgniter\CodeIgniter->handleRequest(NULL, Object(Config\Cache), false)
#10 D:\laragon\www\ci4-blog-post\public\index.php(37): CodeIgniter\CodeIgniter->run()
#11 D:\laragon\www\ci4-blog-post\system\Commands\Server\rewrite.php(43): require_once('D:\\laragon\\www\\...')
#12 {main}
CRITICAL - 2022-06-03 03:07:56 --> syntax error, unexpected '->' (T_OBJECT_OPERATOR)
#0 D:\laragon\www\ci4-blog-post\system\View\View.php(217): CodeIgniter\View\View->CodeIgniter\View\{closure}()
#1 D:\laragon\www\ci4-blog-post\system\View\View.php(432): CodeIgniter\View\View->render('\\Modules\\Post\\V...', NULL, true)
#2 D:\laragon\www\ci4-blog-post\modules\Post\Views\pages\index.php(11): CodeIgniter\View\View->include('\\Modules\\Post\\V...')
#3 D:\laragon\www\ci4-blog-post\system\View\View.php(214): include('D:\\laragon\\www\\...')
#4 D:\laragon\www\ci4-blog-post\system\View\View.php(217): CodeIgniter\View\View->CodeIgniter\View\{closure}()
#5 D:\laragon\www\ci4-blog-post\system\Common.php(1097): CodeIgniter\View\View->render('Post\\Views\\page...', Array, true)
#6 D:\laragon\www\ci4-blog-post\modules\Post\Controllers\Post.php(74): view('Post\\Views\\page...', Array)
#7 D:\laragon\www\ci4-blog-post\system\CodeIgniter.php(824): Modules\Post\Controllers\Post->index()
#8 D:\laragon\www\ci4-blog-post\system\CodeIgniter.php(410): CodeIgniter\CodeIgniter->runController(Object(Modules\Post\Controllers\Post))
#9 D:\laragon\www\ci4-blog-post\system\CodeIgniter.php(318): CodeIgniter\CodeIgniter->handleRequest(NULL, Object(Config\Cache), false)
#10 D:\laragon\www\ci4-blog-post\public\index.php(37): CodeIgniter\CodeIgniter->run()
#11 D:\laragon\www\ci4-blog-post\system\Commands\Server\rewrite.php(43): require_once('D:\\laragon\\www\\...')
#12 {main}
CRITICAL - 2022-06-03 03:08:13 --> Trying to get property 'category' of non-object
#0 D:\laragon\www\ci4-blog-post\modules\Post\Views\partials\new.php(35): CodeIgniter\Debug\Exceptions->errorHandler(8, 'Trying to get p...', 'D:\\laragon\\www\\...', 35, Array)
#1 D:\laragon\www\ci4-blog-post\system\View\View.php(214): include('D:\\laragon\\www\\...')
#2 D:\laragon\www\ci4-blog-post\system\View\View.php(217): CodeIgniter\View\View->CodeIgniter\View\{closure}()
#3 D:\laragon\www\ci4-blog-post\system\View\View.php(432): CodeIgniter\View\View->render('\\Modules\\Post\\V...', NULL, true)
#4 D:\laragon\www\ci4-blog-post\modules\Post\Views\pages\index.php(11): CodeIgniter\View\View->include('\\Modules\\Post\\V...')
#5 D:\laragon\www\ci4-blog-post\system\View\View.php(214): include('D:\\laragon\\www\\...')
#6 D:\laragon\www\ci4-blog-post\system\View\View.php(217): CodeIgniter\View\View->CodeIgniter\View\{closure}()
#7 D:\laragon\www\ci4-blog-post\system\Common.php(1097): CodeIgniter\View\View->render('Post\\Views\\page...', Array, true)
#8 D:\laragon\www\ci4-blog-post\modules\Post\Controllers\Post.php(74): view('Post\\Views\\page...', Array)
#9 D:\laragon\www\ci4-blog-post\system\CodeIgniter.php(824): Modules\Post\Controllers\Post->index()
#10 D:\laragon\www\ci4-blog-post\system\CodeIgniter.php(410): CodeIgniter\CodeIgniter->runController(Object(Modules\Post\Controllers\Post))
#11 D:\laragon\www\ci4-blog-post\system\CodeIgniter.php(318): CodeIgniter\CodeIgniter->handleRequest(NULL, Object(Config\Cache), false)
#12 D:\laragon\www\ci4-blog-post\public\index.php(37): CodeIgniter\CodeIgniter->run()
#13 D:\laragon\www\ci4-blog-post\system\Commands\Server\rewrite.php(43): require_once('D:\\laragon\\www\\...')
#14 {main}
CRITICAL - 2022-06-03 03:08:14 --> Trying to get property 'category' of non-object
#0 D:\laragon\www\ci4-blog-post\modules\Post\Views\partials\new.php(35): CodeIgniter\Debug\Exceptions->errorHandler(8, 'Trying to get p...', 'D:\\laragon\\www\\...', 35, Array)
#1 D:\laragon\www\ci4-blog-post\system\View\View.php(214): include('D:\\laragon\\www\\...')
#2 D:\laragon\www\ci4-blog-post\system\View\View.php(217): CodeIgniter\View\View->CodeIgniter\View\{closure}()
#3 D:\laragon\www\ci4-blog-post\system\View\View.php(432): CodeIgniter\View\View->render('\\Modules\\Post\\V...', NULL, true)
#4 D:\laragon\www\ci4-blog-post\modules\Post\Views\pages\index.php(11): CodeIgniter\View\View->include('\\Modules\\Post\\V...')
#5 D:\laragon\www\ci4-blog-post\system\View\View.php(214): include('D:\\laragon\\www\\...')
#6 D:\laragon\www\ci4-blog-post\system\View\View.php(217): CodeIgniter\View\View->CodeIgniter\View\{closure}()
#7 D:\laragon\www\ci4-blog-post\system\Common.php(1097): CodeIgniter\View\View->render('Post\\Views\\page...', Array, true)
#8 D:\laragon\www\ci4-blog-post\modules\Post\Controllers\Post.php(74): view('Post\\Views\\page...', Array)
#9 D:\laragon\www\ci4-blog-post\system\CodeIgniter.php(824): Modules\Post\Controllers\Post->index()
#10 D:\laragon\www\ci4-blog-post\system\CodeIgniter.php(410): CodeIgniter\CodeIgniter->runController(Object(Modules\Post\Controllers\Post))
#11 D:\laragon\www\ci4-blog-post\system\CodeIgniter.php(318): CodeIgniter\CodeIgniter->handleRequest(NULL, Object(Config\Cache), false)
#12 D:\laragon\www\ci4-blog-post\public\index.php(37): CodeIgniter\CodeIgniter->run()
#13 D:\laragon\www\ci4-blog-post\system\Commands\Server\rewrite.php(43): require_once('D:\\laragon\\www\\...')
#14 {main}
CRITICAL - 2022-06-03 03:08:24 --> Trying to get property 'category' of non-object
#0 D:\laragon\www\ci4-blog-post\modules\Post\Views\partials\new.php(35): CodeIgniter\Debug\Exceptions->errorHandler(8, 'Trying to get p...', 'D:\\laragon\\www\\...', 35, Array)
#1 D:\laragon\www\ci4-blog-post\system\View\View.php(214): include('D:\\laragon\\www\\...')
#2 D:\laragon\www\ci4-blog-post\system\View\View.php(217): CodeIgniter\View\View->CodeIgniter\View\{closure}()
#3 D:\laragon\www\ci4-blog-post\system\View\View.php(432): CodeIgniter\View\View->render('\\Modules\\Post\\V...', NULL, true)
#4 D:\laragon\www\ci4-blog-post\modules\Post\Views\pages\index.php(11): CodeIgniter\View\View->include('\\Modules\\Post\\V...')
#5 D:\laragon\www\ci4-blog-post\system\View\View.php(214): include('D:\\laragon\\www\\...')
#6 D:\laragon\www\ci4-blog-post\system\View\View.php(217): CodeIgniter\View\View->CodeIgniter\View\{closure}()
#7 D:\laragon\www\ci4-blog-post\system\Common.php(1097): CodeIgniter\View\View->render('Post\\Views\\page...', Array, true)
#8 D:\laragon\www\ci4-blog-post\modules\Post\Controllers\Post.php(74): view('Post\\Views\\page...', Array)
#9 D:\laragon\www\ci4-blog-post\system\CodeIgniter.php(824): Modules\Post\Controllers\Post->index()
#10 D:\laragon\www\ci4-blog-post\system\CodeIgniter.php(410): CodeIgniter\CodeIgniter->runController(Object(Modules\Post\Controllers\Post))
#11 D:\laragon\www\ci4-blog-post\system\CodeIgniter.php(318): CodeIgniter\CodeIgniter->handleRequest(NULL, Object(Config\Cache), false)
#12 D:\laragon\www\ci4-blog-post\public\index.php(37): CodeIgniter\CodeIgniter->run()
#13 D:\laragon\www\ci4-blog-post\system\Commands\Server\rewrite.php(43): require_once('D:\\laragon\\www\\...')
#14 {main}
CRITICAL - 2022-06-03 03:11:42 --> Array to string conversion
#0 D:\laragon\www\ci4-blog-post\modules\Post\Views\partials\new.php(36): CodeIgniter\Debug\Exceptions->errorHandler(8, 'Array to string...', 'D:\\laragon\\www\\...', 36, Array)
#1 D:\laragon\www\ci4-blog-post\system\View\View.php(214): include('D:\\laragon\\www\\...')
#2 D:\laragon\www\ci4-blog-post\system\View\View.php(217): CodeIgniter\View\View->CodeIgniter\View\{closure}()
#3 D:\laragon\www\ci4-blog-post\system\View\View.php(432): CodeIgniter\View\View->render('\\Modules\\Post\\V...', NULL, true)
#4 D:\laragon\www\ci4-blog-post\modules\Post\Views\pages\index.php(11): CodeIgniter\View\View->include('\\Modules\\Post\\V...')
#5 D:\laragon\www\ci4-blog-post\system\View\View.php(214): include('D:\\laragon\\www\\...')
#6 D:\laragon\www\ci4-blog-post\system\View\View.php(217): CodeIgniter\View\View->CodeIgniter\View\{closure}()
#7 D:\laragon\www\ci4-blog-post\system\Common.php(1097): CodeIgniter\View\View->render('Post\\Views\\page...', Array, true)
#8 D:\laragon\www\ci4-blog-post\modules\Post\Controllers\Post.php(74): view('Post\\Views\\page...', Array)
#9 D:\laragon\www\ci4-blog-post\system\CodeIgniter.php(824): Modules\Post\Controllers\Post->index()
#10 D:\laragon\www\ci4-blog-post\system\CodeIgniter.php(410): CodeIgniter\CodeIgniter->runController(Object(Modules\Post\Controllers\Post))
#11 D:\laragon\www\ci4-blog-post\system\CodeIgniter.php(318): CodeIgniter\CodeIgniter->handleRequest(NULL, Object(Config\Cache), false)
#12 D:\laragon\www\ci4-blog-post\public\index.php(37): CodeIgniter\CodeIgniter->run()
#13 D:\laragon\www\ci4-blog-post\system\Commands\Server\rewrite.php(43): require_once('D:\\laragon\\www\\...')
#14 {main}
CRITICAL - 2022-06-03 03:11:48 --> Array to string conversion
#0 D:\laragon\www\ci4-blog-post\modules\Post\Views\partials\new.php(36): CodeIgniter\Debug\Exceptions->errorHandler(8, 'Array to string...', 'D:\\laragon\\www\\...', 36, Array)
#1 D:\laragon\www\ci4-blog-post\system\View\View.php(214): include('D:\\laragon\\www\\...')
#2 D:\laragon\www\ci4-blog-post\system\View\View.php(217): CodeIgniter\View\View->CodeIgniter\View\{closure}()
#3 D:\laragon\www\ci4-blog-post\system\View\View.php(432): CodeIgniter\View\View->render('\\Modules\\Post\\V...', NULL, true)
#4 D:\laragon\www\ci4-blog-post\modules\Post\Views\pages\index.php(11): CodeIgniter\View\View->include('\\Modules\\Post\\V...')
#5 D:\laragon\www\ci4-blog-post\system\View\View.php(214): include('D:\\laragon\\www\\...')
#6 D:\laragon\www\ci4-blog-post\system\View\View.php(217): CodeIgniter\View\View->CodeIgniter\View\{closure}()
#7 D:\laragon\www\ci4-blog-post\system\Common.php(1097): CodeIgniter\View\View->render('Post\\Views\\page...', Array, true)
#8 D:\laragon\www\ci4-blog-post\modules\Post\Controllers\Post.php(74): view('Post\\Views\\page...', Array)
#9 D:\laragon\www\ci4-blog-post\system\CodeIgniter.php(824): Modules\Post\Controllers\Post->index()
#10 D:\laragon\www\ci4-blog-post\system\CodeIgniter.php(410): CodeIgniter\CodeIgniter->runController(Object(Modules\Post\Controllers\Post))
#11 D:\laragon\www\ci4-blog-post\system\CodeIgniter.php(318): CodeIgniter\CodeIgniter->handleRequest(NULL, Object(Config\Cache), false)
#12 D:\laragon\www\ci4-blog-post\public\index.php(37): CodeIgniter\CodeIgniter->run()
#13 D:\laragon\www\ci4-blog-post\system\Commands\Server\rewrite.php(43): require_once('D:\\laragon\\www\\...')
#14 {main}
CRITICAL - 2022-06-03 03:13:19 --> Trying to get property 'fashion' of non-object
#0 D:\laragon\www\ci4-blog-post\modules\Post\Controllers\Post.php(36): CodeIgniter\Debug\Exceptions->errorHandler(8, 'Trying to get p...', 'D:\\laragon\\www\\...', 36, Array)
#1 D:\laragon\www\ci4-blog-post\system\CodeIgniter.php(824): Modules\Post\Controllers\Post->index()
#2 D:\laragon\www\ci4-blog-post\system\CodeIgniter.php(410): CodeIgniter\CodeIgniter->runController(Object(Modules\Post\Controllers\Post))
#3 D:\laragon\www\ci4-blog-post\system\CodeIgniter.php(318): CodeIgniter\CodeIgniter->handleRequest(NULL, Object(Config\Cache), false)
#4 D:\laragon\www\ci4-blog-post\public\index.php(37): CodeIgniter\CodeIgniter->run()
#5 D:\laragon\www\ci4-blog-post\system\Commands\Server\rewrite.php(43): require_once('D:\\laragon\\www\\...')
#6 {main}
CRITICAL - 2022-06-03 03:13:20 --> Trying to get property 'fashion' of non-object
#0 D:\laragon\www\ci4-blog-post\modules\Post\Controllers\Post.php(36): CodeIgniter\Debug\Exceptions->errorHandler(8, 'Trying to get p...', 'D:\\laragon\\www\\...', 36, Array)
#1 D:\laragon\www\ci4-blog-post\system\CodeIgniter.php(824): Modules\Post\Controllers\Post->index()
#2 D:\laragon\www\ci4-blog-post\system\CodeIgniter.php(410): CodeIgniter\CodeIgniter->runController(Object(Modules\Post\Controllers\Post))
#3 D:\laragon\www\ci4-blog-post\system\CodeIgniter.php(318): CodeIgniter\CodeIgniter->handleRequest(NULL, Object(Config\Cache), false)
#4 D:\laragon\www\ci4-blog-post\public\index.php(37): CodeIgniter\CodeIgniter->run()
#5 D:\laragon\www\ci4-blog-post\system\Commands\Server\rewrite.php(43): require_once('D:\\laragon\\www\\...')
#6 {main}
CRITICAL - 2022-06-03 03:13:25 --> Trying to get property 'fashion' of non-object
#0 D:\laragon\www\ci4-blog-post\modules\Post\Controllers\Post.php(36): CodeIgniter\Debug\Exceptions->errorHandler(8, 'Trying to get p...', 'D:\\laragon\\www\\...', 36, Array)
#1 D:\laragon\www\ci4-blog-post\system\CodeIgniter.php(824): Modules\Post\Controllers\Post->index()
#2 D:\laragon\www\ci4-blog-post\system\CodeIgniter.php(410): CodeIgniter\CodeIgniter->runController(Object(Modules\Post\Controllers\Post))
#3 D:\laragon\www\ci4-blog-post\system\CodeIgniter.php(318): CodeIgniter\CodeIgniter->handleRequest(NULL, Object(Config\Cache), false)
#4 D:\laragon\www\ci4-blog-post\public\index.php(37): CodeIgniter\CodeIgniter->run()
#5 D:\laragon\www\ci4-blog-post\system\Commands\Server\rewrite.php(43): require_once('D:\\laragon\\www\\...')
#6 {main}
CRITICAL - 2022-06-03 03:15:33 --> Array to string conversion
#0 D:\laragon\www\ci4-blog-post\modules\Post\Views\partials\new.php(37): CodeIgniter\Debug\Exceptions->errorHandler(8, 'Array to string...', 'D:\\laragon\\www\\...', 37, Array)
#1 D:\laragon\www\ci4-blog-post\system\View\View.php(214): include('D:\\laragon\\www\\...')
#2 D:\laragon\www\ci4-blog-post\system\View\View.php(217): CodeIgniter\View\View->CodeIgniter\View\{closure}()
#3 D:\laragon\www\ci4-blog-post\system\View\View.php(432): CodeIgniter\View\View->render('\\Modules\\Post\\V...', NULL, true)
#4 D:\laragon\www\ci4-blog-post\modules\Post\Views\pages\index.php(11): CodeIgniter\View\View->include('\\Modules\\Post\\V...')
#5 D:\laragon\www\ci4-blog-post\system\View\View.php(214): include('D:\\laragon\\www\\...')
#6 D:\laragon\www\ci4-blog-post\system\View\View.php(217): CodeIgniter\View\View->CodeIgniter\View\{closure}()
#7 D:\laragon\www\ci4-blog-post\system\Common.php(1097): CodeIgniter\View\View->render('Post\\Views\\page...', Array, true)
#8 D:\laragon\www\ci4-blog-post\modules\Post\Controllers\Post.php(75): view('Post\\Views\\page...', Array)
#9 D:\laragon\www\ci4-blog-post\system\CodeIgniter.php(824): Modules\Post\Controllers\Post->index()
#10 D:\laragon\www\ci4-blog-post\system\CodeIgniter.php(410): CodeIgniter\CodeIgniter->runController(Object(Modules\Post\Controllers\Post))
#11 D:\laragon\www\ci4-blog-post\system\CodeIgniter.php(318): CodeIgniter\CodeIgniter->handleRequest(NULL, Object(Config\Cache), false)
#12 D:\laragon\www\ci4-blog-post\public\index.php(37): CodeIgniter\CodeIgniter->run()
#13 D:\laragon\www\ci4-blog-post\system\Commands\Server\rewrite.php(43): require_once('D:\\laragon\\www\\...')
#14 {main}
CRITICAL - 2022-06-03 03:20:07 --> Trying to get property 'category' of non-object
#0 D:\laragon\www\ci4-blog-post\modules\Post\Views\partials\new.php(36): CodeIgniter\Debug\Exceptions->errorHandler(8, 'Trying to get p...', 'D:\\laragon\\www\\...', 36, Array)
#1 D:\laragon\www\ci4-blog-post\system\View\View.php(214): include('D:\\laragon\\www\\...')
#2 D:\laragon\www\ci4-blog-post\system\View\View.php(217): CodeIgniter\View\View->CodeIgniter\View\{closure}()
#3 D:\laragon\www\ci4-blog-post\system\View\View.php(432): CodeIgniter\View\View->render('\\Modules\\Post\\V...', NULL, true)
#4 D:\laragon\www\ci4-blog-post\modules\Post\Views\pages\index.php(11): CodeIgniter\View\View->include('\\Modules\\Post\\V...')
#5 D:\laragon\www\ci4-blog-post\system\View\View.php(214): include('D:\\laragon\\www\\...')
#6 D:\laragon\www\ci4-blog-post\system\View\View.php(217): CodeIgniter\View\View->CodeIgniter\View\{closure}()
#7 D:\laragon\www\ci4-blog-post\system\Common.php(1097): CodeIgniter\View\View->render('Post\\Views\\page...', Array, true)
#8 D:\laragon\www\ci4-blog-post\modules\Post\Controllers\Post.php(76): view('Post\\Views\\page...', Array)
#9 D:\laragon\www\ci4-blog-post\system\CodeIgniter.php(824): Modules\Post\Controllers\Post->index()
#10 D:\laragon\www\ci4-blog-post\system\CodeIgniter.php(410): CodeIgniter\CodeIgniter->runController(Object(Modules\Post\Controllers\Post))
#11 D:\laragon\www\ci4-blog-post\system\CodeIgniter.php(318): CodeIgniter\CodeIgniter->handleRequest(NULL, Object(Config\Cache), false)
#12 D:\laragon\www\ci4-blog-post\public\index.php(37): CodeIgniter\CodeIgniter->run()
#13 D:\laragon\www\ci4-blog-post\system\Commands\Server\rewrite.php(43): require_once('D:\\laragon\\www\\...')
#14 {main}
CRITICAL - 2022-06-03 03:20:12 --> Trying to get property 'category' of non-object
#0 D:\laragon\www\ci4-blog-post\modules\Post\Views\partials\new.php(36): CodeIgniter\Debug\Exceptions->errorHandler(8, 'Trying to get p...', 'D:\\laragon\\www\\...', 36, Array)
#1 D:\laragon\www\ci4-blog-post\system\View\View.php(214): include('D:\\laragon\\www\\...')
#2 D:\laragon\www\ci4-blog-post\system\View\View.php(217): CodeIgniter\View\View->CodeIgniter\View\{closure}()
#3 D:\laragon\www\ci4-blog-post\system\View\View.php(432): CodeIgniter\View\View->render('\\Modules\\Post\\V...', NULL, true)
#4 D:\laragon\www\ci4-blog-post\modules\Post\Views\pages\index.php(11): CodeIgniter\View\View->include('\\Modules\\Post\\V...')
#5 D:\laragon\www\ci4-blog-post\system\View\View.php(214): include('D:\\laragon\\www\\...')
#6 D:\laragon\www\ci4-blog-post\system\View\View.php(217): CodeIgniter\View\View->CodeIgniter\View\{closure}()
#7 D:\laragon\www\ci4-blog-post\system\Common.php(1097): CodeIgniter\View\View->render('Post\\Views\\page...', Array, true)
#8 D:\laragon\www\ci4-blog-post\modules\Post\Controllers\Post.php(76): view('Post\\Views\\page...', Array)
#9 D:\laragon\www\ci4-blog-post\system\CodeIgniter.php(824): Modules\Post\Controllers\Post->index()
#10 D:\laragon\www\ci4-blog-post\system\CodeIgniter.php(410): CodeIgniter\CodeIgniter->runController(Object(Modules\Post\Controllers\Post))
#11 D:\laragon\www\ci4-blog-post\system\CodeIgniter.php(318): CodeIgniter\CodeIgniter->handleRequest(NULL, Object(Config\Cache), false)
#12 D:\laragon\www\ci4-blog-post\public\index.php(37): CodeIgniter\CodeIgniter->run()
#13 D:\laragon\www\ci4-blog-post\system\Commands\Server\rewrite.php(43): require_once('D:\\laragon\\www\\...')
#14 {main}
CRITICAL - 2022-06-03 03:24:32 --> Array to string conversion
#0 D:\laragon\www\ci4-blog-post\modules\Post\Views\partials\new.php(36): CodeIgniter\Debug\Exceptions->errorHandler(8, 'Array to string...', 'D:\\laragon\\www\\...', 36, Array)
#1 D:\laragon\www\ci4-blog-post\system\View\View.php(214): include('D:\\laragon\\www\\...')
#2 D:\laragon\www\ci4-blog-post\system\View\View.php(217): CodeIgniter\View\View->CodeIgniter\View\{closure}()
#3 D:\laragon\www\ci4-blog-post\system\View\View.php(432): CodeIgniter\View\View->render('\\Modules\\Post\\V...', NULL, true)
#4 D:\laragon\www\ci4-blog-post\modules\Post\Views\pages\index.php(11): CodeIgniter\View\View->include('\\Modules\\Post\\V...')
#5 D:\laragon\www\ci4-blog-post\system\View\View.php(214): include('D:\\laragon\\www\\...')
#6 D:\laragon\www\ci4-blog-post\system\View\View.php(217): CodeIgniter\View\View->CodeIgniter\View\{closure}()
#7 D:\laragon\www\ci4-blog-post\system\Common.php(1097): CodeIgniter\View\View->render('Post\\Views\\page...', Array, true)
#8 D:\laragon\www\ci4-blog-post\modules\Post\Controllers\Post.php(77): view('Post\\Views\\page...', Array)
#9 D:\laragon\www\ci4-blog-post\system\CodeIgniter.php(824): Modules\Post\Controllers\Post->index()
#10 D:\laragon\www\ci4-blog-post\system\CodeIgniter.php(410): CodeIgniter\CodeIgniter->runController(Object(Modules\Post\Controllers\Post))
#11 D:\laragon\www\ci4-blog-post\system\CodeIgniter.php(318): CodeIgniter\CodeIgniter->handleRequest(NULL, Object(Config\Cache), false)
#12 D:\laragon\www\ci4-blog-post\public\index.php(37): CodeIgniter\CodeIgniter->run()
#13 D:\laragon\www\ci4-blog-post\system\Commands\Server\rewrite.php(43): require_once('D:\\laragon\\www\\...')
#14 {main}
CRITICAL - 2022-06-03 03:24:33 --> Array to string conversion
#0 D:\laragon\www\ci4-blog-post\modules\Post\Views\partials\new.php(36): CodeIgniter\Debug\Exceptions->errorHandler(8, 'Array to string...', 'D:\\laragon\\www\\...', 36, Array)
#1 D:\laragon\www\ci4-blog-post\system\View\View.php(214): include('D:\\laragon\\www\\...')
#2 D:\laragon\www\ci4-blog-post\system\View\View.php(217): CodeIgniter\View\View->CodeIgniter\View\{closure}()
#3 D:\laragon\www\ci4-blog-post\system\View\View.php(432): CodeIgniter\View\View->render('\\Modules\\Post\\V...', NULL, true)
#4 D:\laragon\www\ci4-blog-post\modules\Post\Views\pages\index.php(11): CodeIgniter\View\View->include('\\Modules\\Post\\V...')
#5 D:\laragon\www\ci4-blog-post\system\View\View.php(214): include('D:\\laragon\\www\\...')
#6 D:\laragon\www\ci4-blog-post\system\View\View.php(217): CodeIgniter\View\View->CodeIgniter\View\{closure}()
#7 D:\laragon\www\ci4-blog-post\system\Common.php(1097): CodeIgniter\View\View->render('Post\\Views\\page...', Array, true)
#8 D:\laragon\www\ci4-blog-post\modules\Post\Controllers\Post.php(77): view('Post\\Views\\page...', Array)
#9 D:\laragon\www\ci4-blog-post\system\CodeIgniter.php(824): Modules\Post\Controllers\Post->index()
#10 D:\laragon\www\ci4-blog-post\system\CodeIgniter.php(410): CodeIgniter\CodeIgniter->runController(Object(Modules\Post\Controllers\Post))
#11 D:\laragon\www\ci4-blog-post\system\CodeIgniter.php(318): CodeIgniter\CodeIgniter->handleRequest(NULL, Object(Config\Cache), false)
#12 D:\laragon\www\ci4-blog-post\public\index.php(37): CodeIgniter\CodeIgniter->run()
#13 D:\laragon\www\ci4-blog-post\system\Commands\Server\rewrite.php(43): require_once('D:\\laragon\\www\\...')
#14 {main}
CRITICAL - 2022-06-03 03:29:02 --> Undefined property: stdClass::$catery
#0 D:\laragon\www\ci4-blog-post\modules\Post\Controllers\Post.php(40): CodeIgniter\Debug\Exceptions->errorHandler(8, 'Undefined prope...', 'D:\\laragon\\www\\...', 40, Array)
#1 D:\laragon\www\ci4-blog-post\system\CodeIgniter.php(824): Modules\Post\Controllers\Post->index()
#2 D:\laragon\www\ci4-blog-post\system\CodeIgniter.php(410): CodeIgniter\CodeIgniter->runController(Object(Modules\Post\Controllers\Post))
#3 D:\laragon\www\ci4-blog-post\system\CodeIgniter.php(318): CodeIgniter\CodeIgniter->handleRequest(NULL, Object(Config\Cache), false)
#4 D:\laragon\www\ci4-blog-post\public\index.php(37): CodeIgniter\CodeIgniter->run()
#5 D:\laragon\www\ci4-blog-post\system\Commands\Server\rewrite.php(43): require_once('D:\\laragon\\www\\...')
#6 {main}
CRITICAL - 2022-06-03 03:29:03 --> Undefined property: stdClass::$catery
#0 D:\laragon\www\ci4-blog-post\modules\Post\Controllers\Post.php(40): CodeIgniter\Debug\Exceptions->errorHandler(8, 'Undefined prope...', 'D:\\laragon\\www\\...', 40, Array)
#1 D:\laragon\www\ci4-blog-post\system\CodeIgniter.php(824): Modules\Post\Controllers\Post->index()
#2 D:\laragon\www\ci4-blog-post\system\CodeIgniter.php(410): CodeIgniter\CodeIgniter->runController(Object(Modules\Post\Controllers\Post))
#3 D:\laragon\www\ci4-blog-post\system\CodeIgniter.php(318): CodeIgniter\CodeIgniter->handleRequest(NULL, Object(Config\Cache), false)
#4 D:\laragon\www\ci4-blog-post\public\index.php(37): CodeIgniter\CodeIgniter->run()
#5 D:\laragon\www\ci4-blog-post\system\Commands\Server\rewrite.php(43): require_once('D:\\laragon\\www\\...')
#6 {main}
CRITICAL - 2022-06-03 03:29:11 --> Undefined property: stdClass::$catery
#0 D:\laragon\www\ci4-blog-post\modules\Post\Controllers\Post.php(40): CodeIgniter\Debug\Exceptions->errorHandler(8, 'Undefined prope...', 'D:\\laragon\\www\\...', 40, Array)
#1 D:\laragon\www\ci4-blog-post\system\CodeIgniter.php(824): Modules\Post\Controllers\Post->index()
#2 D:\laragon\www\ci4-blog-post\system\CodeIgniter.php(410): CodeIgniter\CodeIgniter->runController(Object(Modules\Post\Controllers\Post))
#3 D:\laragon\www\ci4-blog-post\system\CodeIgniter.php(318): CodeIgniter\CodeIgniter->handleRequest(NULL, Object(Config\Cache), false)
#4 D:\laragon\www\ci4-blog-post\public\index.php(37): CodeIgniter\CodeIgniter->run()
#5 D:\laragon\www\ci4-blog-post\system\Commands\Server\rewrite.php(43): require_once('D:\\laragon\\www\\...')
#6 {main}
CRITICAL - 2022-06-03 03:30:37 --> Undefined variable: tab
#0 D:\laragon\www\ci4-blog-post\modules\Post\Views\partials\new.php(36): CodeIgniter\Debug\Exceptions->errorHandler(8, 'Undefined varia...', 'D:\\laragon\\www\\...', 36, Array)
#1 D:\laragon\www\ci4-blog-post\system\View\View.php(214): include('D:\\laragon\\www\\...')
#2 D:\laragon\www\ci4-blog-post\system\View\View.php(217): CodeIgniter\View\View->CodeIgniter\View\{closure}()
#3 D:\laragon\www\ci4-blog-post\system\View\View.php(432): CodeIgniter\View\View->render('\\Modules\\Post\\V...', NULL, true)
#4 D:\laragon\www\ci4-blog-post\modules\Post\Views\pages\index.php(11): CodeIgniter\View\View->include('\\Modules\\Post\\V...')
#5 D:\laragon\www\ci4-blog-post\system\View\View.php(214): include('D:\\laragon\\www\\...')
#6 D:\laragon\www\ci4-blog-post\system\View\View.php(217): CodeIgniter\View\View->CodeIgniter\View\{closure}()
#7 D:\laragon\www\ci4-blog-post\system\Common.php(1097): CodeIgniter\View\View->render('Post\\Views\\page...', Array, true)
#8 D:\laragon\www\ci4-blog-post\modules\Post\Controllers\Post.php(81): view('Post\\Views\\page...', Array)
#9 D:\laragon\www\ci4-blog-post\system\CodeIgniter.php(824): Modules\Post\Controllers\Post->index()
#10 D:\laragon\www\ci4-blog-post\system\CodeIgniter.php(410): CodeIgniter\CodeIgniter->runController(Object(Modules\Post\Controllers\Post))
#11 D:\laragon\www\ci4-blog-post\system\CodeIgniter.php(318): CodeIgniter\CodeIgniter->handleRequest(NULL, Object(Config\Cache), false)
#12 D:\laragon\www\ci4-blog-post\public\index.php(37): CodeIgniter\CodeIgniter->run()
#13 D:\laragon\www\ci4-blog-post\system\Commands\Server\rewrite.php(43): require_once('D:\\laragon\\www\\...')
#14 {main}
CRITICAL - 2022-06-03 03:36:43 --> Undefined offset: 0
#0 D:\laragon\www\ci4-blog-post\modules\Post\Controllers\Post.php(36): CodeIgniter\Debug\Exceptions->errorHandler(8, 'Undefined offse...', 'D:\\laragon\\www\\...', 36, Array)
#1 D:\laragon\www\ci4-blog-post\system\CodeIgniter.php(824): Modules\Post\Controllers\Post->index()
#2 D:\laragon\www\ci4-blog-post\system\CodeIgniter.php(410): CodeIgniter\CodeIgniter->runController(Object(Modules\Post\Controllers\Post))
#3 D:\laragon\www\ci4-blog-post\system\CodeIgniter.php(318): CodeIgniter\CodeIgniter->handleRequest(NULL, Object(Config\Cache), false)
#4 D:\laragon\www\ci4-blog-post\public\index.php(37): CodeIgniter\CodeIgniter->run()
#5 D:\laragon\www\ci4-blog-post\system\Commands\Server\rewrite.php(43): require_once('D:\\laragon\\www\\...')
#6 {main}
CRITICAL - 2022-06-03 03:36:58 --> Use of undefined constant fashion - assumed 'fashion' (this will throw an Error in a future version of PHP)
#0 D:\laragon\www\ci4-blog-post\modules\Post\Controllers\Post.php(36): CodeIgniter\Debug\Exceptions->errorHandler(2, 'Use of undefine...', 'D:\\laragon\\www\\...', 36, Array)
#1 D:\laragon\www\ci4-blog-post\system\CodeIgniter.php(824): Modules\Post\Controllers\Post->index()
#2 D:\laragon\www\ci4-blog-post\system\CodeIgniter.php(410): CodeIgniter\CodeIgniter->runController(Object(Modules\Post\Controllers\Post))
#3 D:\laragon\www\ci4-blog-post\system\CodeIgniter.php(318): CodeIgniter\CodeIgniter->handleRequest(NULL, Object(Config\Cache), false)
#4 D:\laragon\www\ci4-blog-post\public\index.php(37): CodeIgniter\CodeIgniter->run()
#5 D:\laragon\www\ci4-blog-post\system\Commands\Server\rewrite.php(43): require_once('D:\\laragon\\www\\...')
#6 {main}
CRITICAL - 2022-06-03 03:41:22 --> Array to string conversion
#0 D:\laragon\www\ci4-blog-post\modules\Post\Views\partials\new.php(36): CodeIgniter\Debug\Exceptions->errorHandler(8, 'Array to string...', 'D:\\laragon\\www\\...', 36, Array)
#1 D:\laragon\www\ci4-blog-post\system\View\View.php(214): include('D:\\laragon\\www\\...')
#2 D:\laragon\www\ci4-blog-post\system\View\View.php(217): CodeIgniter\View\View->CodeIgniter\View\{closure}()
#3 D:\laragon\www\ci4-blog-post\system\View\View.php(432): CodeIgniter\View\View->render('\\Modules\\Post\\V...', NULL, true)
#4 D:\laragon\www\ci4-blog-post\modules\Post\Views\pages\index.php(11): CodeIgniter\View\View->include('\\Modules\\Post\\V...')
#5 D:\laragon\www\ci4-blog-post\system\View\View.php(214): include('D:\\laragon\\www\\...')
#6 D:\laragon\www\ci4-blog-post\system\View\View.php(217): CodeIgniter\View\View->CodeIgniter\View\{closure}()
#7 D:\laragon\www\ci4-blog-post\system\Common.php(1097): CodeIgniter\View\View->render('Post\\Views\\page...', Array, true)
#8 D:\laragon\www\ci4-blog-post\modules\Post\Controllers\Post.php(73): view('Post\\Views\\page...', Array)
#9 D:\laragon\www\ci4-blog-post\system\CodeIgniter.php(824): Modules\Post\Controllers\Post->index()
#10 D:\laragon\www\ci4-blog-post\system\CodeIgniter.php(410): CodeIgniter\CodeIgniter->runController(Object(Modules\Post\Controllers\Post))
#11 D:\laragon\www\ci4-blog-post\system\CodeIgniter.php(318): CodeIgniter\CodeIgniter->handleRequest(NULL, Object(Config\Cache), false)
#12 D:\laragon\www\ci4-blog-post\public\index.php(37): CodeIgniter\CodeIgniter->run()
#13 D:\laragon\www\ci4-blog-post\system\Commands\Server\rewrite.php(43): require_once('D:\\laragon\\www\\...')
#14 {main}
CRITICAL - 2022-06-03 03:41:24 --> Array to string conversion
#0 D:\laragon\www\ci4-blog-post\modules\Post\Views\partials\new.php(36): CodeIgniter\Debug\Exceptions->errorHandler(8, 'Array to string...', 'D:\\laragon\\www\\...', 36, Array)
#1 D:\laragon\www\ci4-blog-post\system\View\View.php(214): include('D:\\laragon\\www\\...')
#2 D:\laragon\www\ci4-blog-post\system\View\View.php(217): CodeIgniter\View\View->CodeIgniter\View\{closure}()
#3 D:\laragon\www\ci4-blog-post\system\View\View.php(432): CodeIgniter\View\View->render('\\Modules\\Post\\V...', NULL, true)
#4 D:\laragon\www\ci4-blog-post\modules\Post\Views\pages\index.php(11): CodeIgniter\View\View->include('\\Modules\\Post\\V...')
#5 D:\laragon\www\ci4-blog-post\system\View\View.php(214): include('D:\\laragon\\www\\...')
#6 D:\laragon\www\ci4-blog-post\system\View\View.php(217): CodeIgniter\View\View->CodeIgniter\View\{closure}()
#7 D:\laragon\www\ci4-blog-post\system\Common.php(1097): CodeIgniter\View\View->render('Post\\Views\\page...', Array, true)
#8 D:\laragon\www\ci4-blog-post\modules\Post\Controllers\Post.php(73): view('Post\\Views\\page...', Array)
#9 D:\laragon\www\ci4-blog-post\system\CodeIgniter.php(824): Modules\Post\Controllers\Post->index()
#10 D:\laragon\www\ci4-blog-post\system\CodeIgniter.php(410): CodeIgniter\CodeIgniter->runController(Object(Modules\Post\Controllers\Post))
#11 D:\laragon\www\ci4-blog-post\system\CodeIgniter.php(318): CodeIgniter\CodeIgniter->handleRequest(NULL, Object(Config\Cache), false)
#12 D:\laragon\www\ci4-blog-post\public\index.php(37): CodeIgniter\CodeIgniter->run()
#13 D:\laragon\www\ci4-blog-post\system\Commands\Server\rewrite.php(43): require_once('D:\\laragon\\www\\...')
#14 {main}
CRITICAL - 2022-06-03 03:41:37 --> Array to string conversion
#0 D:\laragon\www\ci4-blog-post\modules\Post\Views\partials\new.php(36): CodeIgniter\Debug\Exceptions->errorHandler(8, 'Array to string...', 'D:\\laragon\\www\\...', 36, Array)
#1 D:\laragon\www\ci4-blog-post\system\View\View.php(214): include('D:\\laragon\\www\\...')
#2 D:\laragon\www\ci4-blog-post\system\View\View.php(217): CodeIgniter\View\View->CodeIgniter\View\{closure}()
#3 D:\laragon\www\ci4-blog-post\system\View\View.php(432): CodeIgniter\View\View->render('\\Modules\\Post\\V...', NULL, true)
#4 D:\laragon\www\ci4-blog-post\modules\Post\Views\pages\index.php(11): CodeIgniter\View\View->include('\\Modules\\Post\\V...')
#5 D:\laragon\www\ci4-blog-post\system\View\View.php(214): include('D:\\laragon\\www\\...')
#6 D:\laragon\www\ci4-blog-post\system\View\View.php(217): CodeIgniter\View\View->CodeIgniter\View\{closure}()
#7 D:\laragon\www\ci4-blog-post\system\Common.php(1097): CodeIgniter\View\View->render('Post\\Views\\page...', Array, true)
#8 D:\laragon\www\ci4-blog-post\modules\Post\Controllers\Post.php(73): view('Post\\Views\\page...', Array)
#9 D:\laragon\www\ci4-blog-post\system\CodeIgniter.php(824): Modules\Post\Controllers\Post->index()
#10 D:\laragon\www\ci4-blog-post\system\CodeIgniter.php(410): CodeIgniter\CodeIgniter->runController(Object(Modules\Post\Controllers\Post))
#11 D:\laragon\www\ci4-blog-post\system\CodeIgniter.php(318): CodeIgniter\CodeIgniter->handleRequest(NULL, Object(Config\Cache), false)
#12 D:\laragon\www\ci4-blog-post\public\index.php(37): CodeIgniter\CodeIgniter->run()
#13 D:\laragon\www\ci4-blog-post\system\Commands\Server\rewrite.php(43): require_once('D:\\laragon\\www\\...')
#14 {main}
CRITICAL - 2022-06-03 03:42:54 --> array_keys() expects parameter 1 to be array, object given
#0 [internal function]: CodeIgniter\Debug\Exceptions->errorHandler(2, 'array_keys() ex...', 'D:\\laragon\\www\\...', 36, Array)
#1 D:\laragon\www\ci4-blog-post\modules\Post\Views\partials\new.php(36): array_keys(Object(stdClass))
#2 D:\laragon\www\ci4-blog-post\system\View\View.php(214): include('D:\\laragon\\www\\...')
#3 D:\laragon\www\ci4-blog-post\system\View\View.php(217): CodeIgniter\View\View->CodeIgniter\View\{closure}()
#4 D:\laragon\www\ci4-blog-post\system\View\View.php(432): CodeIgniter\View\View->render('\\Modules\\Post\\V...', NULL, true)
#5 D:\laragon\www\ci4-blog-post\modules\Post\Views\pages\index.php(11): CodeIgniter\View\View->include('\\Modules\\Post\\V...')
#6 D:\laragon\www\ci4-blog-post\system\View\View.php(214): include('D:\\laragon\\www\\...')
#7 D:\laragon\www\ci4-blog-post\system\View\View.php(217): CodeIgniter\View\View->CodeIgniter\View\{closure}()
#8 D:\laragon\www\ci4-blog-post\system\Common.php(1097): CodeIgniter\View\View->render('Post\\Views\\page...', Array, true)
#9 D:\laragon\www\ci4-blog-post\modules\Post\Controllers\Post.php(73): view('Post\\Views\\page...', Array)
#10 D:\laragon\www\ci4-blog-post\system\CodeIgniter.php(824): Modules\Post\Controllers\Post->index()
#11 D:\laragon\www\ci4-blog-post\system\CodeIgniter.php(410): CodeIgniter\CodeIgniter->runController(Object(Modules\Post\Controllers\Post))
#12 D:\laragon\www\ci4-blog-post\system\CodeIgniter.php(318): CodeIgniter\CodeIgniter->handleRequest(NULL, Object(Config\Cache), false)
#13 D:\laragon\www\ci4-blog-post\public\index.php(37): CodeIgniter\CodeIgniter->run()
#14 D:\laragon\www\ci4-blog-post\system\Commands\Server\rewrite.php(43): require_once('D:\\laragon\\www\\...')
#15 {main}
CRITICAL - 2022-06-03 03:43:02 --> Cannot use [] for reading
#0 [internal function]: CodeIgniter\Debug\Exceptions->shutdownHandler()
#1 {main}
CRITICAL - 2022-06-03 03:47:52 --> Array to string conversion
#0 D:\laragon\www\ci4-blog-post\modules\Post\Views\partials\new.php(37): CodeIgniter\Debug\Exceptions->errorHandler(8, 'Array to string...', 'D:\\laragon\\www\\...', 37, Array)
#1 D:\laragon\www\ci4-blog-post\system\View\View.php(214): include('D:\\laragon\\www\\...')
#2 D:\laragon\www\ci4-blog-post\system\View\View.php(217): CodeIgniter\View\View->CodeIgniter\View\{closure}()
#3 D:\laragon\www\ci4-blog-post\system\View\View.php(432): CodeIgniter\View\View->render('\\Modules\\Post\\V...', NULL, true)
#4 D:\laragon\www\ci4-blog-post\modules\Post\Views\pages\index.php(11): CodeIgniter\View\View->include('\\Modules\\Post\\V...')
#5 D:\laragon\www\ci4-blog-post\system\View\View.php(214): include('D:\\laragon\\www\\...')
#6 D:\laragon\www\ci4-blog-post\system\View\View.php(217): CodeIgniter\View\View->CodeIgniter\View\{closure}()
#7 D:\laragon\www\ci4-blog-post\system\Common.php(1097): CodeIgniter\View\View->render('Post\\Views\\page...', Array, true)
#8 D:\laragon\www\ci4-blog-post\modules\Post\Controllers\Post.php(73): view('Post\\Views\\page...', Array)
#9 D:\laragon\www\ci4-blog-post\system\CodeIgniter.php(824): Modules\Post\Controllers\Post->index()
#10 D:\laragon\www\ci4-blog-post\system\CodeIgniter.php(410): CodeIgniter\CodeIgniter->runController(Object(Modules\Post\Controllers\Post))
#11 D:\laragon\www\ci4-blog-post\system\CodeIgniter.php(318): CodeIgniter\CodeIgniter->handleRequest(NULL, Object(Config\Cache), false)
#12 D:\laragon\www\ci4-blog-post\public\index.php(37): CodeIgniter\CodeIgniter->run()
#13 D:\laragon\www\ci4-blog-post\system\Commands\Server\rewrite.php(43): require_once('D:\\laragon\\www\\...')
#14 {main}
CRITICAL - 2022-06-03 03:48:03 --> Array to string conversion
#0 D:\laragon\www\ci4-blog-post\modules\Post\Views\partials\new.php(37): CodeIgniter\Debug\Exceptions->errorHandler(8, 'Array to string...', 'D:\\laragon\\www\\...', 37, Array)
#1 D:\laragon\www\ci4-blog-post\system\View\View.php(214): include('D:\\laragon\\www\\...')
#2 D:\laragon\www\ci4-blog-post\system\View\View.php(217): CodeIgniter\View\View->CodeIgniter\View\{closure}()
#3 D:\laragon\www\ci4-blog-post\system\View\View.php(432): CodeIgniter\View\View->render('\\Modules\\Post\\V...', NULL, true)
#4 D:\laragon\www\ci4-blog-post\modules\Post\Views\pages\index.php(11): CodeIgniter\View\View->include('\\Modules\\Post\\V...')
#5 D:\laragon\www\ci4-blog-post\system\View\View.php(214): include('D:\\laragon\\www\\...')
#6 D:\laragon\www\ci4-blog-post\system\View\View.php(217): CodeIgniter\View\View->CodeIgniter\View\{closure}()
#7 D:\laragon\www\ci4-blog-post\system\Common.php(1097): CodeIgniter\View\View->render('Post\\Views\\page...', Array, true)
#8 D:\laragon\www\ci4-blog-post\modules\Post\Controllers\Post.php(73): view('Post\\Views\\page...', Array)
#9 D:\laragon\www\ci4-blog-post\system\CodeIgniter.php(824): Modules\Post\Controllers\Post->index()
#10 D:\laragon\www\ci4-blog-post\system\CodeIgniter.php(410): CodeIgniter\CodeIgniter->runController(Object(Modules\Post\Controllers\Post))
#11 D:\laragon\www\ci4-blog-post\system\CodeIgniter.php(318): CodeIgniter\CodeIgniter->handleRequest(NULL, Object(Config\Cache), false)
#12 D:\laragon\www\ci4-blog-post\public\index.php(37): CodeIgniter\CodeIgniter->run()
#13 D:\laragon\www\ci4-blog-post\system\Commands\Server\rewrite.php(43): require_once('D:\\laragon\\www\\...')
#14 {main}
CRITICAL - 2022-06-03 04:22:05 --> strtolower() expects parameter 1 to be string, array given
#0 [internal function]: CodeIgniter\Debug\Exceptions->errorHandler(2, 'strtolower() ex...', 'D:\\laragon\\www\\...', 25, Array)
#1 D:\laragon\www\ci4-blog-post\modules\Post\Controllers\Post.php(25): strtolower(Array)
#2 D:\laragon\www\ci4-blog-post\system\CodeIgniter.php(824): Modules\Post\Controllers\Post->index()
#3 D:\laragon\www\ci4-blog-post\system\CodeIgniter.php(410): CodeIgniter\CodeIgniter->runController(Object(Modules\Post\Controllers\Post))
#4 D:\laragon\www\ci4-blog-post\system\CodeIgniter.php(318): CodeIgniter\CodeIgniter->handleRequest(NULL, Object(Config\Cache), false)
#5 D:\laragon\www\ci4-blog-post\public\index.php(37): CodeIgniter\CodeIgniter->run()
#6 D:\laragon\www\ci4-blog-post\system\Commands\Server\rewrite.php(43): require_once('D:\\laragon\\www\\...')
#7 {main}
CRITICAL - 2022-06-03 04:22:22 --> Array to string conversion
#0 D:\laragon\www\ci4-blog-post\modules\Post\Controllers\Post.php(25): CodeIgniter\Debug\Exceptions->errorHandler(8, 'Array to string...', 'D:\\laragon\\www\\...', 25, Array)
#1 D:\laragon\www\ci4-blog-post\system\CodeIgniter.php(824): Modules\Post\Controllers\Post->index()
#2 D:\laragon\www\ci4-blog-post\system\CodeIgniter.php(410): CodeIgniter\CodeIgniter->runController(Object(Modules\Post\Controllers\Post))
#3 D:\laragon\www\ci4-blog-post\system\CodeIgniter.php(318): CodeIgniter\CodeIgniter->handleRequest(NULL, Object(Config\Cache), false)
#4 D:\laragon\www\ci4-blog-post\public\index.php(37): CodeIgniter\CodeIgniter->run()
#5 D:\laragon\www\ci4-blog-post\system\Commands\Server\rewrite.php(43): require_once('D:\\laragon\\www\\...')
#6 {main}
