CRITICAL - 2022-06-02 00:19:33 --> Invalid file: Post\Views\index.php
#0 D:\laragon\www\ci4-blog-post\system\View\View.php(198): CodeIgniter\Exceptions\FrameworkException::forInvalidFile('Post\\Views\\inde...')
#1 D:\laragon\www\ci4-blog-post\system\Common.php(1097): CodeIgniter\View\View->render('Post\\Views\\inde...', Array, true)
#2 D:\laragon\www\ci4-blog-post\modules\Post\Controllers\Post.php(66): view('Post\\Views\\inde...', Array)
#3 D:\laragon\www\ci4-blog-post\system\CodeIgniter.php(824): Modules\Post\Controllers\Post->index()
#4 D:\laragon\www\ci4-blog-post\system\CodeIgniter.php(410): CodeIgniter\CodeIgniter->runController(Object(Modules\Post\Controllers\Post))
#5 D:\laragon\www\ci4-blog-post\system\CodeIgniter.php(318): CodeIgniter\CodeIgniter->handleRequest(NULL, Object(Config\Cache), false)
#6 D:\laragon\www\ci4-blog-post\public\index.php(37): CodeIgniter\CodeIgniter->run()
#7 D:\laragon\www\ci4-blog-post\system\Commands\Server\rewrite.php(43): require_once('D:\\laragon\\www\\...')
#8 {main}
CRITICAL - 2022-06-02 01:16:55 --> Undefined index: fashion
#0 D:\laragon\www\ci4-blog-post\modules\Post\Controllers\Post.php(37): CodeIgniter\Debug\Exceptions->errorHandler(8, 'Undefined index...', 'D:\\laragon\\www\\...', 37, Array)
#1 D:\laragon\www\ci4-blog-post\system\CodeIgniter.php(824): Modules\Post\Controllers\Post->index()
#2 D:\laragon\www\ci4-blog-post\system\CodeIgniter.php(410): CodeIgniter\CodeIgniter->runController(Object(Modules\Post\Controllers\Post))
#3 D:\laragon\www\ci4-blog-post\system\CodeIgniter.php(318): CodeIgniter\CodeIgniter->handleRequest(NULL, Object(Config\Cache), false)
#4 D:\laragon\www\ci4-blog-post\public\index.php(37): CodeIgniter\CodeIgniter->run()
#5 D:\laragon\www\ci4-blog-post\system\Commands\Server\rewrite.php(43): require_once('D:\\laragon\\www\\...')
#6 {main}
CRITICAL - 2022-06-02 01:17:10 --> Undefined variable: array_keys
#0 D:\laragon\www\ci4-blog-post\modules\Post\Views\partials\new.php(40): CodeIgniter\Debug\Exceptions->errorHandler(8, 'Undefined varia...', 'D:\\laragon\\www\\...', 40, Array)
#1 D:\laragon\www\ci4-blog-post\system\View\View.php(214): include('D:\\laragon\\www\\...')
#2 D:\laragon\www\ci4-blog-post\system\View\View.php(217): CodeIgniter\View\View->CodeIgniter\View\{closure}()
#3 D:\laragon\www\ci4-blog-post\system\View\View.php(432): CodeIgniter\View\View->render('\\Modules\\Post\\V...', NULL, true)
#4 D:\laragon\www\ci4-blog-post\modules\Post\Views\pages\index.php(11): CodeIgniter\View\View->include('\\Modules\\Post\\V...')
#5 D:\laragon\www\ci4-blog-post\system\View\View.php(214): include('D:\\laragon\\www\\...')
#6 D:\laragon\www\ci4-blog-post\system\View\View.php(217): CodeIgniter\View\View->CodeIgniter\View\{closure}()
#7 D:\laragon\www\ci4-blog-post\system\Common.php(1097): CodeIgniter\View\View->render('Post\\Views\\page...', Array, true)
#8 D:\laragon\www\ci4-blog-post\modules\Post\Controllers\Post.php(73): view('Post\\Views\\page...', Array)
#9 D:\laragon\www\ci4-blog-post\system\CodeIgniter.php(824): Modules\Post\Controllers\Post->index()
#10 D:\laragon\www\ci4-blog-post\system\CodeIgniter.php(410): CodeIgniter\CodeIgniter->runController(Object(Modules\Post\Controllers\Post))
#11 D:\laragon\www\ci4-blog-post\system\CodeIgniter.php(318): CodeIgniter\CodeIgniter->handleRequest(NULL, Object(Config\Cache), false)
#12 D:\laragon\www\ci4-blog-post\public\index.php(37): CodeIgniter\CodeIgniter->run()
#13 D:\laragon\www\ci4-blog-post\system\Commands\Server\rewrite.php(43): require_once('D:\\laragon\\www\\...')
#14 {main}
CRITICAL - 2022-06-02 01:17:59 --> Undefined variable: fashion
#0 D:\laragon\www\ci4-blog-post\modules\Post\Views\partials\new.php(65): CodeIgniter\Debug\Exceptions->errorHandler(8, 'Undefined varia...', 'D:\\laragon\\www\\...', 65, Array)
#1 D:\laragon\www\ci4-blog-post\system\View\View.php(214): include('D:\\laragon\\www\\...')
#2 D:\laragon\www\ci4-blog-post\system\View\View.php(217): CodeIgniter\View\View->CodeIgniter\View\{closure}()
#3 D:\laragon\www\ci4-blog-post\system\View\View.php(432): CodeIgniter\View\View->render('\\Modules\\Post\\V...', NULL, true)
#4 D:\laragon\www\ci4-blog-post\modules\Post\Views\pages\index.php(11): CodeIgniter\View\View->include('\\Modules\\Post\\V...')
#5 D:\laragon\www\ci4-blog-post\system\View\View.php(214): include('D:\\laragon\\www\\...')
#6 D:\laragon\www\ci4-blog-post\system\View\View.php(217): CodeIgniter\View\View->CodeIgniter\View\{closure}()
#7 D:\laragon\www\ci4-blog-post\system\Common.php(1097): CodeIgniter\View\View->render('Post\\Views\\page...', Array, true)
#8 D:\laragon\www\ci4-blog-post\modules\Post\Controllers\Post.php(73): view('Post\\Views\\page...', Array)
#9 D:\laragon\www\ci4-blog-post\system\CodeIgniter.php(824): Modules\Post\Controllers\Post->index()
#10 D:\laragon\www\ci4-blog-post\system\CodeIgniter.php(410): CodeIgniter\CodeIgniter->runController(Object(Modules\Post\Controllers\Post))
#11 D:\laragon\www\ci4-blog-post\system\CodeIgniter.php(318): CodeIgniter\CodeIgniter->handleRequest(NULL, Object(Config\Cache), false)
#12 D:\laragon\www\ci4-blog-post\public\index.php(37): CodeIgniter\CodeIgniter->run()
#13 D:\laragon\www\ci4-blog-post\system\Commands\Server\rewrite.php(43): require_once('D:\\laragon\\www\\...')
#14 {main}
CRITICAL - 2022-06-02 01:18:52 --> Undefined variable: fashion
#0 D:\laragon\www\ci4-blog-post\modules\Post\Views\partials\new.php(66): CodeIgniter\Debug\Exceptions->errorHandler(8, 'Undefined varia...', 'D:\\laragon\\www\\...', 66, Array)
#1 D:\laragon\www\ci4-blog-post\system\View\View.php(214): include('D:\\laragon\\www\\...')
#2 D:\laragon\www\ci4-blog-post\system\View\View.php(217): CodeIgniter\View\View->CodeIgniter\View\{closure}()
#3 D:\laragon\www\ci4-blog-post\system\View\View.php(432): CodeIgniter\View\View->render('\\Modules\\Post\\V...', NULL, true)
#4 D:\laragon\www\ci4-blog-post\modules\Post\Views\pages\index.php(11): CodeIgniter\View\View->include('\\Modules\\Post\\V...')
#5 D:\laragon\www\ci4-blog-post\system\View\View.php(214): include('D:\\laragon\\www\\...')
#6 D:\laragon\www\ci4-blog-post\system\View\View.php(217): CodeIgniter\View\View->CodeIgniter\View\{closure}()
#7 D:\laragon\www\ci4-blog-post\system\Common.php(1097): CodeIgniter\View\View->render('Post\\Views\\page...', Array, true)
#8 D:\laragon\www\ci4-blog-post\modules\Post\Controllers\Post.php(73): view('Post\\Views\\page...', Array)
#9 D:\laragon\www\ci4-blog-post\system\CodeIgniter.php(824): Modules\Post\Controllers\Post->index()
#10 D:\laragon\www\ci4-blog-post\system\CodeIgniter.php(410): CodeIgniter\CodeIgniter->runController(Object(Modules\Post\Controllers\Post))
#11 D:\laragon\www\ci4-blog-post\system\CodeIgniter.php(318): CodeIgniter\CodeIgniter->handleRequest(NULL, Object(Config\Cache), false)
#12 D:\laragon\www\ci4-blog-post\public\index.php(37): CodeIgniter\CodeIgniter->run()
#13 D:\laragon\www\ci4-blog-post\system\Commands\Server\rewrite.php(43): require_once('D:\\laragon\\www\\...')
#14 {main}
CRITICAL - 2022-06-02 02:16:15 --> Undefined variable: fashion
#0 D:\laragon\www\ci4-blog-post\modules\Post\Views\partials\new.php(66): CodeIgniter\Debug\Exceptions->errorHandler(8, 'Undefined varia...', 'D:\\laragon\\www\\...', 66, Array)
#1 D:\laragon\www\ci4-blog-post\system\View\View.php(214): include('D:\\laragon\\www\\...')
#2 D:\laragon\www\ci4-blog-post\system\View\View.php(217): CodeIgniter\View\View->CodeIgniter\View\{closure}()
#3 D:\laragon\www\ci4-blog-post\system\View\View.php(432): CodeIgniter\View\View->render('\\Modules\\Post\\V...', NULL, true)
#4 D:\laragon\www\ci4-blog-post\modules\Post\Views\pages\index.php(11): CodeIgniter\View\View->include('\\Modules\\Post\\V...')
#5 D:\laragon\www\ci4-blog-post\system\View\View.php(214): include('D:\\laragon\\www\\...')
#6 D:\laragon\www\ci4-blog-post\system\View\View.php(217): CodeIgniter\View\View->CodeIgniter\View\{closure}()
#7 D:\laragon\www\ci4-blog-post\system\Common.php(1097): CodeIgniter\View\View->render('Post\\Views\\page...', Array, true)
#8 D:\laragon\www\ci4-blog-post\modules\Post\Controllers\Post.php(73): view('Post\\Views\\page...', Array)
#9 D:\laragon\www\ci4-blog-post\system\CodeIgniter.php(824): Modules\Post\Controllers\Post->index()
#10 D:\laragon\www\ci4-blog-post\system\CodeIgniter.php(410): CodeIgniter\CodeIgniter->runController(Object(Modules\Post\Controllers\Post))
#11 D:\laragon\www\ci4-blog-post\system\CodeIgniter.php(318): CodeIgniter\CodeIgniter->handleRequest(NULL, Object(Config\Cache), false)
#12 D:\laragon\www\ci4-blog-post\public\index.php(37): CodeIgniter\CodeIgniter->run()
#13 D:\laragon\www\ci4-blog-post\system\Commands\Server\rewrite.php(43): require_once('D:\\laragon\\www\\...')
#14 {main}
CRITICAL - 2022-06-02 02:16:40 --> Undefined variable: fashion
#0 D:\laragon\www\ci4-blog-post\modules\Post\Views\partials\new.php(66): CodeIgniter\Debug\Exceptions->errorHandler(8, 'Undefined varia...', 'D:\\laragon\\www\\...', 66, Array)
#1 D:\laragon\www\ci4-blog-post\system\View\View.php(214): include('D:\\laragon\\www\\...')
#2 D:\laragon\www\ci4-blog-post\system\View\View.php(217): CodeIgniter\View\View->CodeIgniter\View\{closure}()
#3 D:\laragon\www\ci4-blog-post\system\View\View.php(432): CodeIgniter\View\View->render('\\Modules\\Post\\V...', NULL, true)
#4 D:\laragon\www\ci4-blog-post\modules\Post\Views\pages\index.php(11): CodeIgniter\View\View->include('\\Modules\\Post\\V...')
#5 D:\laragon\www\ci4-blog-post\system\View\View.php(214): include('D:\\laragon\\www\\...')
#6 D:\laragon\www\ci4-blog-post\system\View\View.php(217): CodeIgniter\View\View->CodeIgniter\View\{closure}()
#7 D:\laragon\www\ci4-blog-post\system\Common.php(1097): CodeIgniter\View\View->render('Post\\Views\\page...', Array, true)
#8 D:\laragon\www\ci4-blog-post\modules\Post\Controllers\Post.php(73): view('Post\\Views\\page...', Array)
#9 D:\laragon\www\ci4-blog-post\system\CodeIgniter.php(824): Modules\Post\Controllers\Post->index()
#10 D:\laragon\www\ci4-blog-post\system\CodeIgniter.php(410): CodeIgniter\CodeIgniter->runController(Object(Modules\Post\Controllers\Post))
#11 D:\laragon\www\ci4-blog-post\system\CodeIgniter.php(318): CodeIgniter\CodeIgniter->handleRequest(NULL, Object(Config\Cache), false)
#12 D:\laragon\www\ci4-blog-post\public\index.php(37): CodeIgniter\CodeIgniter->run()
#13 D:\laragon\www\ci4-blog-post\system\Commands\Server\rewrite.php(43): require_once('D:\\laragon\\www\\...')
#14 {main}
CRITICAL - 2022-06-02 02:16:56 --> Undefined variable: fashion
#0 D:\laragon\www\ci4-blog-post\modules\Post\Views\partials\new.php(66): CodeIgniter\Debug\Exceptions->errorHandler(8, 'Undefined varia...', 'D:\\laragon\\www\\...', 66, Array)
#1 D:\laragon\www\ci4-blog-post\system\View\View.php(214): include('D:\\laragon\\www\\...')
#2 D:\laragon\www\ci4-blog-post\system\View\View.php(217): CodeIgniter\View\View->CodeIgniter\View\{closure}()
#3 D:\laragon\www\ci4-blog-post\system\View\View.php(432): CodeIgniter\View\View->render('\\Modules\\Post\\V...', NULL, true)
#4 D:\laragon\www\ci4-blog-post\modules\Post\Views\pages\index.php(11): CodeIgniter\View\View->include('\\Modules\\Post\\V...')
#5 D:\laragon\www\ci4-blog-post\system\View\View.php(214): include('D:\\laragon\\www\\...')
#6 D:\laragon\www\ci4-blog-post\system\View\View.php(217): CodeIgniter\View\View->CodeIgniter\View\{closure}()
#7 D:\laragon\www\ci4-blog-post\system\Common.php(1097): CodeIgniter\View\View->render('Post\\Views\\page...', Array, true)
#8 D:\laragon\www\ci4-blog-post\modules\Post\Controllers\Post.php(73): view('Post\\Views\\page...', Array)
#9 D:\laragon\www\ci4-blog-post\system\CodeIgniter.php(824): Modules\Post\Controllers\Post->index()
#10 D:\laragon\www\ci4-blog-post\system\CodeIgniter.php(410): CodeIgniter\CodeIgniter->runController(Object(Modules\Post\Controllers\Post))
#11 D:\laragon\www\ci4-blog-post\system\CodeIgniter.php(318): CodeIgniter\CodeIgniter->handleRequest(NULL, Object(Config\Cache), false)
#12 D:\laragon\www\ci4-blog-post\public\index.php(37): CodeIgniter\CodeIgniter->run()
#13 D:\laragon\www\ci4-blog-post\system\Commands\Server\rewrite.php(43): require_once('D:\\laragon\\www\\...')
#14 {main}
CRITICAL - 2022-06-02 03:03:35 --> Undefined variable: fashion
#0 D:\laragon\www\ci4-blog-post\modules\Post\Views\partials\new2.php(39): CodeIgniter\Debug\Exceptions->errorHandler(8, 'Undefined varia...', 'D:\\laragon\\www\\...', 39, Array)
#1 D:\laragon\www\ci4-blog-post\system\View\View.php(214): include('D:\\laragon\\www\\...')
#2 D:\laragon\www\ci4-blog-post\system\View\View.php(217): CodeIgniter\View\View->CodeIgniter\View\{closure}()
#3 D:\laragon\www\ci4-blog-post\system\View\View.php(432): CodeIgniter\View\View->render('\\Modules\\Post\\V...', NULL, true)
#4 D:\laragon\www\ci4-blog-post\modules\Post\Views\pages\index.php(11): CodeIgniter\View\View->include('\\Modules\\Post\\V...')
#5 D:\laragon\www\ci4-blog-post\system\View\View.php(214): include('D:\\laragon\\www\\...')
#6 D:\laragon\www\ci4-blog-post\system\View\View.php(217): CodeIgniter\View\View->CodeIgniter\View\{closure}()
#7 D:\laragon\www\ci4-blog-post\system\Common.php(1097): CodeIgniter\View\View->render('Post\\Views\\page...', Array, true)
#8 D:\laragon\www\ci4-blog-post\modules\Post\Controllers\Post.php(73): view('Post\\Views\\page...', Array)
#9 D:\laragon\www\ci4-blog-post\system\CodeIgniter.php(824): Modules\Post\Controllers\Post->index()
#10 D:\laragon\www\ci4-blog-post\system\CodeIgniter.php(410): CodeIgniter\CodeIgniter->runController(Object(Modules\Post\Controllers\Post))
#11 D:\laragon\www\ci4-blog-post\system\CodeIgniter.php(318): CodeIgniter\CodeIgniter->handleRequest(NULL, Object(Config\Cache), false)
#12 D:\laragon\www\ci4-blog-post\public\index.php(37): CodeIgniter\CodeIgniter->run()
#13 D:\laragon\www\ci4-blog-post\system\Commands\Server\rewrite.php(43): require_once('D:\\laragon\\www\\...')
#14 {main}
CRITICAL - 2022-06-02 03:26:29 --> Call to a member function keys() on array
#0 D:\laragon\www\ci4-blog-post\system\CodeIgniter.php(824): Modules\Post\Controllers\Post->index()
#1 D:\laragon\www\ci4-blog-post\system\CodeIgniter.php(410): CodeIgniter\CodeIgniter->runController(Object(Modules\Post\Controllers\Post))
#2 D:\laragon\www\ci4-blog-post\system\CodeIgniter.php(318): CodeIgniter\CodeIgniter->handleRequest(NULL, Object(Config\Cache), false)
#3 D:\laragon\www\ci4-blog-post\public\index.php(37): CodeIgniter\CodeIgniter->run()
#4 D:\laragon\www\ci4-blog-post\system\Commands\Server\rewrite.php(43): require_once('D:\\laragon\\www\\...')
#5 {main}
CRITICAL - 2022-06-02 03:35:45 --> Array to string conversion
#0 D:\laragon\www\ci4-blog-post\modules\Post\Views\partials\new.php(36): CodeIgniter\Debug\Exceptions->errorHandler(8, 'Array to string...', 'D:\\laragon\\www\\...', 36, Array)
#1 D:\laragon\www\ci4-blog-post\system\View\View.php(214): include('D:\\laragon\\www\\...')
#2 D:\laragon\www\ci4-blog-post\system\View\View.php(217): CodeIgniter\View\View->CodeIgniter\View\{closure}()
#3 D:\laragon\www\ci4-blog-post\system\View\View.php(432): CodeIgniter\View\View->render('\\Modules\\Post\\V...', NULL, true)
#4 D:\laragon\www\ci4-blog-post\modules\Post\Views\pages\index.php(11): CodeIgniter\View\View->include('\\Modules\\Post\\V...')
#5 D:\laragon\www\ci4-blog-post\system\View\View.php(214): include('D:\\laragon\\www\\...')
#6 D:\laragon\www\ci4-blog-post\system\View\View.php(217): CodeIgniter\View\View->CodeIgniter\View\{closure}()
#7 D:\laragon\www\ci4-blog-post\system\Common.php(1097): CodeIgniter\View\View->render('Post\\Views\\page...', Array, true)
#8 D:\laragon\www\ci4-blog-post\modules\Post\Controllers\Post.php(74): view('Post\\Views\\page...', Array)
#9 D:\laragon\www\ci4-blog-post\system\CodeIgniter.php(824): Modules\Post\Controllers\Post->index()
#10 D:\laragon\www\ci4-blog-post\system\CodeIgniter.php(410): CodeIgniter\CodeIgniter->runController(Object(Modules\Post\Controllers\Post))
#11 D:\laragon\www\ci4-blog-post\system\CodeIgniter.php(318): CodeIgniter\CodeIgniter->handleRequest(NULL, Object(Config\Cache), false)
#12 D:\laragon\www\ci4-blog-post\public\index.php(37): CodeIgniter\CodeIgniter->run()
#13 D:\laragon\www\ci4-blog-post\system\Commands\Server\rewrite.php(43): require_once('D:\\laragon\\www\\...')
#14 {main}
CRITICAL - 2022-06-02 03:36:01 --> Array to string conversion
#0 D:\laragon\www\ci4-blog-post\modules\Post\Views\partials\new.php(36): CodeIgniter\Debug\Exceptions->errorHandler(8, 'Array to string...', 'D:\\laragon\\www\\...', 36, Array)
#1 D:\laragon\www\ci4-blog-post\system\View\View.php(214): include('D:\\laragon\\www\\...')
#2 D:\laragon\www\ci4-blog-post\system\View\View.php(217): CodeIgniter\View\View->CodeIgniter\View\{closure}()
#3 D:\laragon\www\ci4-blog-post\system\View\View.php(432): CodeIgniter\View\View->render('\\Modules\\Post\\V...', NULL, true)
#4 D:\laragon\www\ci4-blog-post\modules\Post\Views\pages\index.php(11): CodeIgniter\View\View->include('\\Modules\\Post\\V...')
#5 D:\laragon\www\ci4-blog-post\system\View\View.php(214): include('D:\\laragon\\www\\...')
#6 D:\laragon\www\ci4-blog-post\system\View\View.php(217): CodeIgniter\View\View->CodeIgniter\View\{closure}()
#7 D:\laragon\www\ci4-blog-post\system\Common.php(1097): CodeIgniter\View\View->render('Post\\Views\\page...', Array, true)
#8 D:\laragon\www\ci4-blog-post\modules\Post\Controllers\Post.php(74): view('Post\\Views\\page...', Array)
#9 D:\laragon\www\ci4-blog-post\system\CodeIgniter.php(824): Modules\Post\Controllers\Post->index()
#10 D:\laragon\www\ci4-blog-post\system\CodeIgniter.php(410): CodeIgniter\CodeIgniter->runController(Object(Modules\Post\Controllers\Post))
#11 D:\laragon\www\ci4-blog-post\system\CodeIgniter.php(318): CodeIgniter\CodeIgniter->handleRequest(NULL, Object(Config\Cache), false)
#12 D:\laragon\www\ci4-blog-post\public\index.php(37): CodeIgniter\CodeIgniter->run()
#13 D:\laragon\www\ci4-blog-post\system\Commands\Server\rewrite.php(43): require_once('D:\\laragon\\www\\...')
#14 {main}
CRITICAL - 2022-06-02 03:36:22 --> Array to string conversion
#0 D:\laragon\www\ci4-blog-post\modules\Post\Views\partials\new.php(36): CodeIgniter\Debug\Exceptions->errorHandler(8, 'Array to string...', 'D:\\laragon\\www\\...', 36, Array)
#1 D:\laragon\www\ci4-blog-post\system\View\View.php(214): include('D:\\laragon\\www\\...')
#2 D:\laragon\www\ci4-blog-post\system\View\View.php(217): CodeIgniter\View\View->CodeIgniter\View\{closure}()
#3 D:\laragon\www\ci4-blog-post\system\View\View.php(432): CodeIgniter\View\View->render('\\Modules\\Post\\V...', NULL, true)
#4 D:\laragon\www\ci4-blog-post\modules\Post\Views\pages\index.php(11): CodeIgniter\View\View->include('\\Modules\\Post\\V...')
#5 D:\laragon\www\ci4-blog-post\system\View\View.php(214): include('D:\\laragon\\www\\...')
#6 D:\laragon\www\ci4-blog-post\system\View\View.php(217): CodeIgniter\View\View->CodeIgniter\View\{closure}()
#7 D:\laragon\www\ci4-blog-post\system\Common.php(1097): CodeIgniter\View\View->render('Post\\Views\\page...', Array, true)
#8 D:\laragon\www\ci4-blog-post\modules\Post\Controllers\Post.php(74): view('Post\\Views\\page...', Array)
#9 D:\laragon\www\ci4-blog-post\system\CodeIgniter.php(824): Modules\Post\Controllers\Post->index()
#10 D:\laragon\www\ci4-blog-post\system\CodeIgniter.php(410): CodeIgniter\CodeIgniter->runController(Object(Modules\Post\Controllers\Post))
#11 D:\laragon\www\ci4-blog-post\system\CodeIgniter.php(318): CodeIgniter\CodeIgniter->handleRequest(NULL, Object(Config\Cache), false)
#12 D:\laragon\www\ci4-blog-post\public\index.php(37): CodeIgniter\CodeIgniter->run()
#13 D:\laragon\www\ci4-blog-post\system\Commands\Server\rewrite.php(43): require_once('D:\\laragon\\www\\...')
#14 {main}
CRITICAL - 2022-06-02 03:36:24 --> Array to string conversion
#0 D:\laragon\www\ci4-blog-post\modules\Post\Views\partials\new.php(36): CodeIgniter\Debug\Exceptions->errorHandler(8, 'Array to string...', 'D:\\laragon\\www\\...', 36, Array)
#1 D:\laragon\www\ci4-blog-post\system\View\View.php(214): include('D:\\laragon\\www\\...')
#2 D:\laragon\www\ci4-blog-post\system\View\View.php(217): CodeIgniter\View\View->CodeIgniter\View\{closure}()
#3 D:\laragon\www\ci4-blog-post\system\View\View.php(432): CodeIgniter\View\View->render('\\Modules\\Post\\V...', NULL, true)
#4 D:\laragon\www\ci4-blog-post\modules\Post\Views\pages\index.php(11): CodeIgniter\View\View->include('\\Modules\\Post\\V...')
#5 D:\laragon\www\ci4-blog-post\system\View\View.php(214): include('D:\\laragon\\www\\...')
#6 D:\laragon\www\ci4-blog-post\system\View\View.php(217): CodeIgniter\View\View->CodeIgniter\View\{closure}()
#7 D:\laragon\www\ci4-blog-post\system\Common.php(1097): CodeIgniter\View\View->render('Post\\Views\\page...', Array, true)
#8 D:\laragon\www\ci4-blog-post\modules\Post\Controllers\Post.php(74): view('Post\\Views\\page...', Array)
#9 D:\laragon\www\ci4-blog-post\system\CodeIgniter.php(824): Modules\Post\Controllers\Post->index()
#10 D:\laragon\www\ci4-blog-post\system\CodeIgniter.php(410): CodeIgniter\CodeIgniter->runController(Object(Modules\Post\Controllers\Post))
#11 D:\laragon\www\ci4-blog-post\system\CodeIgniter.php(318): CodeIgniter\CodeIgniter->handleRequest(NULL, Object(Config\Cache), false)
#12 D:\laragon\www\ci4-blog-post\public\index.php(37): CodeIgniter\CodeIgniter->run()
#13 D:\laragon\www\ci4-blog-post\system\Commands\Server\rewrite.php(43): require_once('D:\\laragon\\www\\...')
#14 {main}
CRITICAL - 2022-06-02 03:39:35 --> Array to string conversion
#0 D:\laragon\www\ci4-blog-post\modules\Post\Views\partials\new.php(36): CodeIgniter\Debug\Exceptions->errorHandler(8, 'Array to string...', 'D:\\laragon\\www\\...', 36, Array)
#1 D:\laragon\www\ci4-blog-post\system\View\View.php(214): include('D:\\laragon\\www\\...')
#2 D:\laragon\www\ci4-blog-post\system\View\View.php(217): CodeIgniter\View\View->CodeIgniter\View\{closure}()
#3 D:\laragon\www\ci4-blog-post\system\View\View.php(432): CodeIgniter\View\View->render('\\Modules\\Post\\V...', NULL, true)
#4 D:\laragon\www\ci4-blog-post\modules\Post\Views\pages\index.php(11): CodeIgniter\View\View->include('\\Modules\\Post\\V...')
#5 D:\laragon\www\ci4-blog-post\system\View\View.php(214): include('D:\\laragon\\www\\...')
#6 D:\laragon\www\ci4-blog-post\system\View\View.php(217): CodeIgniter\View\View->CodeIgniter\View\{closure}()
#7 D:\laragon\www\ci4-blog-post\system\Common.php(1097): CodeIgniter\View\View->render('Post\\Views\\page...', Array, true)
#8 D:\laragon\www\ci4-blog-post\modules\Post\Controllers\Post.php(74): view('Post\\Views\\page...', Array)
#9 D:\laragon\www\ci4-blog-post\system\CodeIgniter.php(824): Modules\Post\Controllers\Post->index()
#10 D:\laragon\www\ci4-blog-post\system\CodeIgniter.php(410): CodeIgniter\CodeIgniter->runController(Object(Modules\Post\Controllers\Post))
#11 D:\laragon\www\ci4-blog-post\system\CodeIgniter.php(318): CodeIgniter\CodeIgniter->handleRequest(NULL, Object(Config\Cache), false)
#12 D:\laragon\www\ci4-blog-post\public\index.php(37): CodeIgniter\CodeIgniter->run()
#13 D:\laragon\www\ci4-blog-post\system\Commands\Server\rewrite.php(43): require_once('D:\\laragon\\www\\...')
#14 {main}
CRITICAL - 2022-06-02 03:39:36 --> Array to string conversion
#0 D:\laragon\www\ci4-blog-post\modules\Post\Views\partials\new.php(36): CodeIgniter\Debug\Exceptions->errorHandler(8, 'Array to string...', 'D:\\laragon\\www\\...', 36, Array)
#1 D:\laragon\www\ci4-blog-post\system\View\View.php(214): include('D:\\laragon\\www\\...')
#2 D:\laragon\www\ci4-blog-post\system\View\View.php(217): CodeIgniter\View\View->CodeIgniter\View\{closure}()
#3 D:\laragon\www\ci4-blog-post\system\View\View.php(432): CodeIgniter\View\View->render('\\Modules\\Post\\V...', NULL, true)
#4 D:\laragon\www\ci4-blog-post\modules\Post\Views\pages\index.php(11): CodeIgniter\View\View->include('\\Modules\\Post\\V...')
#5 D:\laragon\www\ci4-blog-post\system\View\View.php(214): include('D:\\laragon\\www\\...')
#6 D:\laragon\www\ci4-blog-post\system\View\View.php(217): CodeIgniter\View\View->CodeIgniter\View\{closure}()
#7 D:\laragon\www\ci4-blog-post\system\Common.php(1097): CodeIgniter\View\View->render('Post\\Views\\page...', Array, true)
#8 D:\laragon\www\ci4-blog-post\modules\Post\Controllers\Post.php(74): view('Post\\Views\\page...', Array)
#9 D:\laragon\www\ci4-blog-post\system\CodeIgniter.php(824): Modules\Post\Controllers\Post->index()
#10 D:\laragon\www\ci4-blog-post\system\CodeIgniter.php(410): CodeIgniter\CodeIgniter->runController(Object(Modules\Post\Controllers\Post))
#11 D:\laragon\www\ci4-blog-post\system\CodeIgniter.php(318): CodeIgniter\CodeIgniter->handleRequest(NULL, Object(Config\Cache), false)
#12 D:\laragon\www\ci4-blog-post\public\index.php(37): CodeIgniter\CodeIgniter->run()
#13 D:\laragon\www\ci4-blog-post\system\Commands\Server\rewrite.php(43): require_once('D:\\laragon\\www\\...')
#14 {main}
CRITICAL - 2022-06-02 03:39:46 --> Array to string conversion
#0 D:\laragon\www\ci4-blog-post\modules\Post\Views\partials\new.php(36): CodeIgniter\Debug\Exceptions->errorHandler(8, 'Array to string...', 'D:\\laragon\\www\\...', 36, Array)
#1 D:\laragon\www\ci4-blog-post\system\View\View.php(214): include('D:\\laragon\\www\\...')
#2 D:\laragon\www\ci4-blog-post\system\View\View.php(217): CodeIgniter\View\View->CodeIgniter\View\{closure}()
#3 D:\laragon\www\ci4-blog-post\system\View\View.php(432): CodeIgniter\View\View->render('\\Modules\\Post\\V...', NULL, true)
#4 D:\laragon\www\ci4-blog-post\modules\Post\Views\pages\index.php(11): CodeIgniter\View\View->include('\\Modules\\Post\\V...')
#5 D:\laragon\www\ci4-blog-post\system\View\View.php(214): include('D:\\laragon\\www\\...')
#6 D:\laragon\www\ci4-blog-post\system\View\View.php(217): CodeIgniter\View\View->CodeIgniter\View\{closure}()
#7 D:\laragon\www\ci4-blog-post\system\Common.php(1097): CodeIgniter\View\View->render('Post\\Views\\page...', Array, true)
#8 D:\laragon\www\ci4-blog-post\modules\Post\Controllers\Post.php(74): view('Post\\Views\\page...', Array)
#9 D:\laragon\www\ci4-blog-post\system\CodeIgniter.php(824): Modules\Post\Controllers\Post->index()
#10 D:\laragon\www\ci4-blog-post\system\CodeIgniter.php(410): CodeIgniter\CodeIgniter->runController(Object(Modules\Post\Controllers\Post))
#11 D:\laragon\www\ci4-blog-post\system\CodeIgniter.php(318): CodeIgniter\CodeIgniter->handleRequest(NULL, Object(Config\Cache), false)
#12 D:\laragon\www\ci4-blog-post\public\index.php(37): CodeIgniter\CodeIgniter->run()
#13 D:\laragon\www\ci4-blog-post\system\Commands\Server\rewrite.php(43): require_once('D:\\laragon\\www\\...')
#14 {main}
CRITICAL - 2022-06-02 03:39:47 --> Array to string conversion
#0 D:\laragon\www\ci4-blog-post\modules\Post\Views\partials\new.php(36): CodeIgniter\Debug\Exceptions->errorHandler(8, 'Array to string...', 'D:\\laragon\\www\\...', 36, Array)
#1 D:\laragon\www\ci4-blog-post\system\View\View.php(214): include('D:\\laragon\\www\\...')
#2 D:\laragon\www\ci4-blog-post\system\View\View.php(217): CodeIgniter\View\View->CodeIgniter\View\{closure}()
#3 D:\laragon\www\ci4-blog-post\system\View\View.php(432): CodeIgniter\View\View->render('\\Modules\\Post\\V...', NULL, true)
#4 D:\laragon\www\ci4-blog-post\modules\Post\Views\pages\index.php(11): CodeIgniter\View\View->include('\\Modules\\Post\\V...')
#5 D:\laragon\www\ci4-blog-post\system\View\View.php(214): include('D:\\laragon\\www\\...')
#6 D:\laragon\www\ci4-blog-post\system\View\View.php(217): CodeIgniter\View\View->CodeIgniter\View\{closure}()
#7 D:\laragon\www\ci4-blog-post\system\Common.php(1097): CodeIgniter\View\View->render('Post\\Views\\page...', Array, true)
#8 D:\laragon\www\ci4-blog-post\modules\Post\Controllers\Post.php(74): view('Post\\Views\\page...', Array)
#9 D:\laragon\www\ci4-blog-post\system\CodeIgniter.php(824): Modules\Post\Controllers\Post->index()
#10 D:\laragon\www\ci4-blog-post\system\CodeIgniter.php(410): CodeIgniter\CodeIgniter->runController(Object(Modules\Post\Controllers\Post))
#11 D:\laragon\www\ci4-blog-post\system\CodeIgniter.php(318): CodeIgniter\CodeIgniter->handleRequest(NULL, Object(Config\Cache), false)
#12 D:\laragon\www\ci4-blog-post\public\index.php(37): CodeIgniter\CodeIgniter->run()
#13 D:\laragon\www\ci4-blog-post\system\Commands\Server\rewrite.php(43): require_once('D:\\laragon\\www\\...')
#14 {main}
CRITICAL - 2022-06-02 03:39:48 --> Array to string conversion
#0 D:\laragon\www\ci4-blog-post\modules\Post\Views\partials\new.php(36): CodeIgniter\Debug\Exceptions->errorHandler(8, 'Array to string...', 'D:\\laragon\\www\\...', 36, Array)
#1 D:\laragon\www\ci4-blog-post\system\View\View.php(214): include('D:\\laragon\\www\\...')
#2 D:\laragon\www\ci4-blog-post\system\View\View.php(217): CodeIgniter\View\View->CodeIgniter\View\{closure}()
#3 D:\laragon\www\ci4-blog-post\system\View\View.php(432): CodeIgniter\View\View->render('\\Modules\\Post\\V...', NULL, true)
#4 D:\laragon\www\ci4-blog-post\modules\Post\Views\pages\index.php(11): CodeIgniter\View\View->include('\\Modules\\Post\\V...')
#5 D:\laragon\www\ci4-blog-post\system\View\View.php(214): include('D:\\laragon\\www\\...')
#6 D:\laragon\www\ci4-blog-post\system\View\View.php(217): CodeIgniter\View\View->CodeIgniter\View\{closure}()
#7 D:\laragon\www\ci4-blog-post\system\Common.php(1097): CodeIgniter\View\View->render('Post\\Views\\page...', Array, true)
#8 D:\laragon\www\ci4-blog-post\modules\Post\Controllers\Post.php(74): view('Post\\Views\\page...', Array)
#9 D:\laragon\www\ci4-blog-post\system\CodeIgniter.php(824): Modules\Post\Controllers\Post->index()
#10 D:\laragon\www\ci4-blog-post\system\CodeIgniter.php(410): CodeIgniter\CodeIgniter->runController(Object(Modules\Post\Controllers\Post))
#11 D:\laragon\www\ci4-blog-post\system\CodeIgniter.php(318): CodeIgniter\CodeIgniter->handleRequest(NULL, Object(Config\Cache), false)
#12 D:\laragon\www\ci4-blog-post\public\index.php(37): CodeIgniter\CodeIgniter->run()
#13 D:\laragon\www\ci4-blog-post\system\Commands\Server\rewrite.php(43): require_once('D:\\laragon\\www\\...')
#14 {main}
CRITICAL - 2022-06-02 03:39:53 --> Array to string conversion
#0 D:\laragon\www\ci4-blog-post\modules\Post\Views\partials\new.php(36): CodeIgniter\Debug\Exceptions->errorHandler(8, 'Array to string...', 'D:\\laragon\\www\\...', 36, Array)
#1 D:\laragon\www\ci4-blog-post\system\View\View.php(214): include('D:\\laragon\\www\\...')
#2 D:\laragon\www\ci4-blog-post\system\View\View.php(217): CodeIgniter\View\View->CodeIgniter\View\{closure}()
#3 D:\laragon\www\ci4-blog-post\system\View\View.php(432): CodeIgniter\View\View->render('\\Modules\\Post\\V...', NULL, true)
#4 D:\laragon\www\ci4-blog-post\modules\Post\Views\pages\index.php(11): CodeIgniter\View\View->include('\\Modules\\Post\\V...')
#5 D:\laragon\www\ci4-blog-post\system\View\View.php(214): include('D:\\laragon\\www\\...')
#6 D:\laragon\www\ci4-blog-post\system\View\View.php(217): CodeIgniter\View\View->CodeIgniter\View\{closure}()
#7 D:\laragon\www\ci4-blog-post\system\Common.php(1097): CodeIgniter\View\View->render('Post\\Views\\page...', Array, true)
#8 D:\laragon\www\ci4-blog-post\modules\Post\Controllers\Post.php(74): view('Post\\Views\\page...', Array)
#9 D:\laragon\www\ci4-blog-post\system\CodeIgniter.php(824): Modules\Post\Controllers\Post->index()
#10 D:\laragon\www\ci4-blog-post\system\CodeIgniter.php(410): CodeIgniter\CodeIgniter->runController(Object(Modules\Post\Controllers\Post))
#11 D:\laragon\www\ci4-blog-post\system\CodeIgniter.php(318): CodeIgniter\CodeIgniter->handleRequest(NULL, Object(Config\Cache), false)
#12 D:\laragon\www\ci4-blog-post\public\index.php(37): CodeIgniter\CodeIgniter->run()
#13 D:\laragon\www\ci4-blog-post\system\Commands\Server\rewrite.php(43): require_once('D:\\laragon\\www\\...')
#14 {main}
