ERROR - 2022-05-30 00:38:40 --> Error connecting to the database: No connection could be made because the target machine actively refused it.

CRITICAL - 2022-05-30 00:38:40 --> Unable to connect to the database.
Main connection [MySQLi]: No connection could be made because the target machine actively refused it.

#0 D:\laragon\www\ci4-blog-post-hmvc\system\Database\BaseConnection.php(577): CodeIgniter\Database\BaseConnection->initialize()
#1 D:\laragon\www\ci4-blog-post-hmvc\system\Database\BaseBuilder.php(1443): CodeIgniter\Database\BaseConnection->query('SELECT *\nFROM `...', Array, false)
#2 D:\laragon\www\ci4-blog-post-hmvc\system\Model.php(723): CodeIgniter\Database\BaseBuilder->get()
#3 D:\laragon\www\ci4-blog-post-hmvc\modules\Post\Models\CategoriesModel.php(21): CodeIgniter\Model->__call('get', Array)
#4 D:\laragon\www\ci4-blog-post-hmvc\app\Controllers\Home.php(22): Modules\Post\Models\CategoriesModel->getCategories()
#5 D:\laragon\www\ci4-blog-post-hmvc\system\CodeIgniter.php(824): App\Controllers\Home->index()
#6 D:\laragon\www\ci4-blog-post-hmvc\system\CodeIgniter.php(410): CodeIgniter\CodeIgniter->runController(Object(App\Controllers\Home))
#7 D:\laragon\www\ci4-blog-post-hmvc\system\CodeIgniter.php(318): CodeIgniter\CodeIgniter->handleRequest(NULL, Object(Config\Cache), false)
#8 D:\laragon\www\ci4-blog-post-hmvc\public\index.php(37): CodeIgniter\CodeIgniter->run()
#9 D:\laragon\www\ci4-blog-post-hmvc\system\Commands\Server\rewrite.php(43): require_once('D:\\laragon\\www\\...')
#10 {main}
CRITICAL - 2022-05-30 00:51:54 --> Invalid file: \Views\index.php
#0 D:\laragon\www\ci4-blog-post-hmvc\system\View\View.php(198): CodeIgniter\Exceptions\FrameworkException::forInvalidFile('\\Views\\index.ph...')
#1 D:\laragon\www\ci4-blog-post-hmvc\system\Common.php(1097): CodeIgniter\View\View->render('\\Views\\index', Array, true)
#2 D:\laragon\www\ci4-blog-post-hmvc\modules\Post\Controllers\Post.php(24): view('\\Views\\index', Array)
#3 D:\laragon\www\ci4-blog-post-hmvc\system\CodeIgniter.php(824): Modules\Post\Controllers\Post->index()
#4 D:\laragon\www\ci4-blog-post-hmvc\system\CodeIgniter.php(410): CodeIgniter\CodeIgniter->runController(Object(Modules\Post\Controllers\Post))
#5 D:\laragon\www\ci4-blog-post-hmvc\system\CodeIgniter.php(318): CodeIgniter\CodeIgniter->handleRequest(NULL, Object(Config\Cache), false)
#6 D:\laragon\www\ci4-blog-post-hmvc\public\index.php(37): CodeIgniter\CodeIgniter->run()
#7 D:\laragon\www\ci4-blog-post-hmvc\system\Commands\Server\rewrite.php(43): require_once('D:\\laragon\\www\\...')
#8 {main}
CRITICAL - 2022-05-30 00:57:11 --> Undefined variable: newest
#0 D:\laragon\www\ci4-blog-post-hmvc\modules\Post\Views\partials\trending.php(9): CodeIgniter\Debug\Exceptions->errorHandler(8, 'Undefined varia...', 'D:\\laragon\\www\\...', 9, Array)
#1 D:\laragon\www\ci4-blog-post-hmvc\system\View\View.php(214): include('D:\\laragon\\www\\...')
#2 D:\laragon\www\ci4-blog-post-hmvc\system\View\View.php(217): CodeIgniter\View\View->CodeIgniter\View\{closure}()
#3 D:\laragon\www\ci4-blog-post-hmvc\system\View\View.php(432): CodeIgniter\View\View->render('\\Modules\\Post\\V...', NULL, true)
#4 D:\laragon\www\ci4-blog-post-hmvc\modules\Post\Views\index.php(7): CodeIgniter\View\View->include('\\Modules\\Post\\V...')
#5 D:\laragon\www\ci4-blog-post-hmvc\system\View\View.php(214): include('D:\\laragon\\www\\...')
#6 D:\laragon\www\ci4-blog-post-hmvc\system\View\View.php(217): CodeIgniter\View\View->CodeIgniter\View\{closure}()
#7 D:\laragon\www\ci4-blog-post-hmvc\system\Common.php(1097): CodeIgniter\View\View->render('Post\\Views\\inde...', Array, true)
#8 D:\laragon\www\ci4-blog-post-hmvc\modules\Post\Controllers\Post.php(24): view('Post\\Views\\inde...', Array)
#9 D:\laragon\www\ci4-blog-post-hmvc\system\CodeIgniter.php(824): Modules\Post\Controllers\Post->index()
#10 D:\laragon\www\ci4-blog-post-hmvc\system\CodeIgniter.php(410): CodeIgniter\CodeIgniter->runController(Object(Modules\Post\Controllers\Post))
#11 D:\laragon\www\ci4-blog-post-hmvc\system\CodeIgniter.php(318): CodeIgniter\CodeIgniter->handleRequest(NULL, Object(Config\Cache), false)
#12 D:\laragon\www\ci4-blog-post-hmvc\public\index.php(37): CodeIgniter\CodeIgniter->run()
#13 D:\laragon\www\ci4-blog-post-hmvc\system\Commands\Server\rewrite.php(43): require_once('D:\\laragon\\www\\...')
#14 {main}
CRITICAL - 2022-05-30 01:14:23 --> Too few arguments to function Modules\Post\Controllers\Post::detail(), 0 passed in D:\laragon\www\ci4-blog-post-hmvc\system\CodeIgniter.php on line 824 and exactly 1 expected
#0 D:\laragon\www\ci4-blog-post-hmvc\system\CodeIgniter.php(824): Modules\Post\Controllers\Post->detail()
#1 D:\laragon\www\ci4-blog-post-hmvc\system\CodeIgniter.php(410): CodeIgniter\CodeIgniter->runController(Object(Modules\Post\Controllers\Post))
#2 D:\laragon\www\ci4-blog-post-hmvc\system\CodeIgniter.php(318): CodeIgniter\CodeIgniter->handleRequest(NULL, Object(Config\Cache), false)
#3 D:\laragon\www\ci4-blog-post-hmvc\public\index.php(37): CodeIgniter\CodeIgniter->run()
#4 D:\laragon\www\ci4-blog-post-hmvc\system\Commands\Server\rewrite.php(43): require_once('D:\\laragon\\www\\...')
#5 {main}
ERROR - 2022-05-30 01:48:57 --> Table 'posts' already exists
ERROR - 2022-05-30 01:50:16 --> Table 'posts' already exists
ERROR - 2022-05-30 02:02:54 --> Table 'blog_ci4.users' doesn't exist
ERROR - 2022-05-30 02:04:58 --> Table 'blog_ci4.users' doesn't exist
CRITICAL - 2022-05-30 02:04:58 --> Table 'blog_ci4.users' doesn't exist
#0 D:\laragon\www\ci4-blog-post-hmvc\system\Database\MySQLi\Connection.php(292): mysqli->query('SELECT `title`,...', 0)
#1 D:\laragon\www\ci4-blog-post-hmvc\system\Database\BaseConnection.php(670): CodeIgniter\Database\MySQLi\Connection->execute('SELECT `title`,...')
#2 D:\laragon\www\ci4-blog-post-hmvc\system\Database\BaseConnection.php(598): CodeIgniter\Database\BaseConnection->simpleQuery('SELECT `title`,...')
#3 D:\laragon\www\ci4-blog-post-hmvc\system\Database\BaseBuilder.php(1443): CodeIgniter\Database\BaseConnection->query('SELECT `title`,...', Array, false)
#4 D:\laragon\www\ci4-blog-post-hmvc\system\Model.php(723): CodeIgniter\Database\BaseBuilder->get()
#5 D:\laragon\www\ci4-blog-post-hmvc\modules\Post\Models\PostModel.php(59): CodeIgniter\Model->__call('get', Array)
#6 D:\laragon\www\ci4-blog-post-hmvc\modules\Post\Controllers\Post.php(43): Modules\Post\Models\PostModel->getDetail('vero-voluptatem...')
#7 D:\laragon\www\ci4-blog-post-hmvc\system\CodeIgniter.php(824): Modules\Post\Controllers\Post->detail('vero-voluptatem...')
#8 D:\laragon\www\ci4-blog-post-hmvc\system\CodeIgniter.php(410): CodeIgniter\CodeIgniter->runController(Object(Modules\Post\Controllers\Post))
#9 D:\laragon\www\ci4-blog-post-hmvc\system\CodeIgniter.php(318): CodeIgniter\CodeIgniter->handleRequest(NULL, Object(Config\Cache), false)
#10 D:\laragon\www\ci4-blog-post-hmvc\public\index.php(37): CodeIgniter\CodeIgniter->run()
#11 D:\laragon\www\ci4-blog-post-hmvc\system\Commands\Server\rewrite.php(43): require_once('D:\\laragon\\www\\...')
#12 {main}
ERROR - 2022-05-30 02:06:17 --> Unknown column 'posts.user_id' in 'on clause'
CRITICAL - 2022-05-30 02:06:17 --> Unknown column 'posts.user_id' in 'on clause'
#0 D:\laragon\www\ci4-blog-post-hmvc\system\Database\MySQLi\Connection.php(292): mysqli->query('SELECT `title`,...', 0)
#1 D:\laragon\www\ci4-blog-post-hmvc\system\Database\BaseConnection.php(670): CodeIgniter\Database\MySQLi\Connection->execute('SELECT `title`,...')
#2 D:\laragon\www\ci4-blog-post-hmvc\system\Database\BaseConnection.php(598): CodeIgniter\Database\BaseConnection->simpleQuery('SELECT `title`,...')
#3 D:\laragon\www\ci4-blog-post-hmvc\system\Database\BaseBuilder.php(1443): CodeIgniter\Database\BaseConnection->query('SELECT `title`,...', Array, false)
#4 D:\laragon\www\ci4-blog-post-hmvc\system\Model.php(723): CodeIgniter\Database\BaseBuilder->get(5)
#5 D:\laragon\www\ci4-blog-post-hmvc\modules\Post\Models\PostModel.php(49): CodeIgniter\Model->__call('get', Array)
#6 D:\laragon\www\ci4-blog-post-hmvc\modules\Post\Controllers\Post.php(24): Modules\Post\Models\PostModel->getNewest()
#7 D:\laragon\www\ci4-blog-post-hmvc\system\CodeIgniter.php(824): Modules\Post\Controllers\Post->index()
#8 D:\laragon\www\ci4-blog-post-hmvc\system\CodeIgniter.php(410): CodeIgniter\CodeIgniter->runController(Object(Modules\Post\Controllers\Post))
#9 D:\laragon\www\ci4-blog-post-hmvc\system\CodeIgniter.php(318): CodeIgniter\CodeIgniter->handleRequest(NULL, Object(Config\Cache), false)
#10 D:\laragon\www\ci4-blog-post-hmvc\public\index.php(37): CodeIgniter\CodeIgniter->run()
#11 D:\laragon\www\ci4-blog-post-hmvc\system\Commands\Server\rewrite.php(43): require_once('D:\\laragon\\www\\...')
#12 {main}
ERROR - 2022-05-30 02:06:19 --> Unknown column 'posts.user_id' in 'on clause'
CRITICAL - 2022-05-30 02:06:19 --> Unknown column 'posts.user_id' in 'on clause'
#0 D:\laragon\www\ci4-blog-post-hmvc\system\Database\MySQLi\Connection.php(292): mysqli->query('SELECT `title`,...', 0)
#1 D:\laragon\www\ci4-blog-post-hmvc\system\Database\BaseConnection.php(670): CodeIgniter\Database\MySQLi\Connection->execute('SELECT `title`,...')
#2 D:\laragon\www\ci4-blog-post-hmvc\system\Database\BaseConnection.php(598): CodeIgniter\Database\BaseConnection->simpleQuery('SELECT `title`,...')
#3 D:\laragon\www\ci4-blog-post-hmvc\system\Database\BaseBuilder.php(1443): CodeIgniter\Database\BaseConnection->query('SELECT `title`,...', Array, false)
#4 D:\laragon\www\ci4-blog-post-hmvc\system\Model.php(723): CodeIgniter\Database\BaseBuilder->get(5)
#5 D:\laragon\www\ci4-blog-post-hmvc\modules\Post\Models\PostModel.php(49): CodeIgniter\Model->__call('get', Array)
#6 D:\laragon\www\ci4-blog-post-hmvc\modules\Post\Controllers\Post.php(24): Modules\Post\Models\PostModel->getNewest()
#7 D:\laragon\www\ci4-blog-post-hmvc\system\CodeIgniter.php(824): Modules\Post\Controllers\Post->index()
#8 D:\laragon\www\ci4-blog-post-hmvc\system\CodeIgniter.php(410): CodeIgniter\CodeIgniter->runController(Object(Modules\Post\Controllers\Post))
#9 D:\laragon\www\ci4-blog-post-hmvc\system\CodeIgniter.php(318): CodeIgniter\CodeIgniter->handleRequest(NULL, Object(Config\Cache), false)
#10 D:\laragon\www\ci4-blog-post-hmvc\public\index.php(37): CodeIgniter\CodeIgniter->run()
#11 D:\laragon\www\ci4-blog-post-hmvc\system\Commands\Server\rewrite.php(43): require_once('D:\\laragon\\www\\...')
#12 {main}
CRITICAL - 2022-05-30 02:48:58 --> Trying to get property 'title' of non-object
#0 D:\laragon\www\ci4-blog-post-hmvc\modules\Post\Views\blog-details.php(16): CodeIgniter\Debug\Exceptions->errorHandler(8, 'Trying to get p...', 'D:\\laragon\\www\\...', 16, Array)
#1 D:\laragon\www\ci4-blog-post-hmvc\system\View\View.php(214): include('D:\\laragon\\www\\...')
#2 D:\laragon\www\ci4-blog-post-hmvc\system\View\View.php(217): CodeIgniter\View\View->CodeIgniter\View\{closure}()
#3 D:\laragon\www\ci4-blog-post-hmvc\system\Common.php(1097): CodeIgniter\View\View->render('Post\\Views\\blog...', Array, true)
#4 D:\laragon\www\ci4-blog-post-hmvc\modules\Post\Controllers\Post.php(47): view('Post\\Views\\blog...', Array)
#5 D:\laragon\www\ci4-blog-post-hmvc\system\CodeIgniter.php(824): Modules\Post\Controllers\Post->detail('site.webmanifes...')
#6 D:\laragon\www\ci4-blog-post-hmvc\system\CodeIgniter.php(410): CodeIgniter\CodeIgniter->runController(Object(Modules\Post\Controllers\Post))
#7 D:\laragon\www\ci4-blog-post-hmvc\system\CodeIgniter.php(318): CodeIgniter\CodeIgniter->handleRequest(NULL, Object(Config\Cache), false)
#8 D:\laragon\www\ci4-blog-post-hmvc\public\index.php(37): CodeIgniter\CodeIgniter->run()
#9 D:\laragon\www\ci4-blog-post-hmvc\system\Commands\Server\rewrite.php(43): require_once('D:\\laragon\\www\\...')
#10 {main}
CRITICAL - 2022-05-30 02:51:36 --> Trying to get property 'title' of non-object
#0 D:\laragon\www\ci4-blog-post-hmvc\modules\Post\Views\blog-details.php(16): CodeIgniter\Debug\Exceptions->errorHandler(8, 'Trying to get p...', 'D:\\laragon\\www\\...', 16, Array)
#1 D:\laragon\www\ci4-blog-post-hmvc\system\View\View.php(214): include('D:\\laragon\\www\\...')
#2 D:\laragon\www\ci4-blog-post-hmvc\system\View\View.php(217): CodeIgniter\View\View->CodeIgniter\View\{closure}()
#3 D:\laragon\www\ci4-blog-post-hmvc\system\Common.php(1097): CodeIgniter\View\View->render('Post\\Views\\blog...', Array, true)
#4 D:\laragon\www\ci4-blog-post-hmvc\modules\Post\Controllers\Post.php(47): view('Post\\Views\\blog...', Array)
#5 D:\laragon\www\ci4-blog-post-hmvc\system\CodeIgniter.php(824): Modules\Post\Controllers\Post->detail('site.webmanifes...')
#6 D:\laragon\www\ci4-blog-post-hmvc\system\CodeIgniter.php(410): CodeIgniter\CodeIgniter->runController(Object(Modules\Post\Controllers\Post))
#7 D:\laragon\www\ci4-blog-post-hmvc\system\CodeIgniter.php(318): CodeIgniter\CodeIgniter->handleRequest(NULL, Object(Config\Cache), false)
#8 D:\laragon\www\ci4-blog-post-hmvc\public\index.php(37): CodeIgniter\CodeIgniter->run()
#9 D:\laragon\www\ci4-blog-post-hmvc\system\Commands\Server\rewrite.php(43): require_once('D:\\laragon\\www\\...')
#10 {main}
CRITICAL - 2022-05-30 02:53:01 --> Trying to get property 'title' of non-object
#0 D:\laragon\www\ci4-blog-post-hmvc\modules\Post\Views\blog-details.php(16): CodeIgniter\Debug\Exceptions->errorHandler(8, 'Trying to get p...', 'D:\\laragon\\www\\...', 16, Array)
#1 D:\laragon\www\ci4-blog-post-hmvc\system\View\View.php(214): include('D:\\laragon\\www\\...')
#2 D:\laragon\www\ci4-blog-post-hmvc\system\View\View.php(217): CodeIgniter\View\View->CodeIgniter\View\{closure}()
#3 D:\laragon\www\ci4-blog-post-hmvc\system\Common.php(1097): CodeIgniter\View\View->render('Post\\Views\\blog...', Array, true)
#4 D:\laragon\www\ci4-blog-post-hmvc\modules\Post\Controllers\Post.php(47): view('Post\\Views\\blog...', Array)
#5 D:\laragon\www\ci4-blog-post-hmvc\system\CodeIgniter.php(824): Modules\Post\Controllers\Post->detail('site.webmanifes...')
#6 D:\laragon\www\ci4-blog-post-hmvc\system\CodeIgniter.php(410): CodeIgniter\CodeIgniter->runController(Object(Modules\Post\Controllers\Post))
#7 D:\laragon\www\ci4-blog-post-hmvc\system\CodeIgniter.php(318): CodeIgniter\CodeIgniter->handleRequest(NULL, Object(Config\Cache), false)
#8 D:\laragon\www\ci4-blog-post-hmvc\public\index.php(37): CodeIgniter\CodeIgniter->run()
#9 D:\laragon\www\ci4-blog-post-hmvc\system\Commands\Server\rewrite.php(43): require_once('D:\\laragon\\www\\...')
#10 {main}
CRITICAL - 2022-05-30 02:53:30 --> Trying to get property 'title' of non-object
#0 D:\laragon\www\ci4-blog-post-hmvc\modules\Post\Views\blog-details.php(16): CodeIgniter\Debug\Exceptions->errorHandler(8, 'Trying to get p...', 'D:\\laragon\\www\\...', 16, Array)
#1 D:\laragon\www\ci4-blog-post-hmvc\system\View\View.php(214): include('D:\\laragon\\www\\...')
#2 D:\laragon\www\ci4-blog-post-hmvc\system\View\View.php(217): CodeIgniter\View\View->CodeIgniter\View\{closure}()
#3 D:\laragon\www\ci4-blog-post-hmvc\system\Common.php(1097): CodeIgniter\View\View->render('Post\\Views\\blog...', Array, true)
#4 D:\laragon\www\ci4-blog-post-hmvc\modules\Post\Controllers\Post.php(47): view('Post\\Views\\blog...', Array)
#5 D:\laragon\www\ci4-blog-post-hmvc\system\CodeIgniter.php(824): Modules\Post\Controllers\Post->detail('site.webmanifes...')
#6 D:\laragon\www\ci4-blog-post-hmvc\system\CodeIgniter.php(410): CodeIgniter\CodeIgniter->runController(Object(Modules\Post\Controllers\Post))
#7 D:\laragon\www\ci4-blog-post-hmvc\system\CodeIgniter.php(318): CodeIgniter\CodeIgniter->handleRequest(NULL, Object(Config\Cache), false)
#8 D:\laragon\www\ci4-blog-post-hmvc\public\index.php(37): CodeIgniter\CodeIgniter->run()
#9 D:\laragon\www\ci4-blog-post-hmvc\system\Commands\Server\rewrite.php(43): require_once('D:\\laragon\\www\\...')
#10 {main}
CRITICAL - 2022-05-30 02:53:34 --> Trying to get property 'title' of non-object
#0 D:\laragon\www\ci4-blog-post-hmvc\modules\Post\Views\blog-details.php(16): CodeIgniter\Debug\Exceptions->errorHandler(8, 'Trying to get p...', 'D:\\laragon\\www\\...', 16, Array)
#1 D:\laragon\www\ci4-blog-post-hmvc\system\View\View.php(214): include('D:\\laragon\\www\\...')
#2 D:\laragon\www\ci4-blog-post-hmvc\system\View\View.php(217): CodeIgniter\View\View->CodeIgniter\View\{closure}()
#3 D:\laragon\www\ci4-blog-post-hmvc\system\Common.php(1097): CodeIgniter\View\View->render('Post\\Views\\blog...', Array, true)
#4 D:\laragon\www\ci4-blog-post-hmvc\modules\Post\Controllers\Post.php(47): view('Post\\Views\\blog...', Array)
#5 D:\laragon\www\ci4-blog-post-hmvc\system\CodeIgniter.php(824): Modules\Post\Controllers\Post->detail('site.webmanifes...')
#6 D:\laragon\www\ci4-blog-post-hmvc\system\CodeIgniter.php(410): CodeIgniter\CodeIgniter->runController(Object(Modules\Post\Controllers\Post))
#7 D:\laragon\www\ci4-blog-post-hmvc\system\CodeIgniter.php(318): CodeIgniter\CodeIgniter->handleRequest(NULL, Object(Config\Cache), false)
#8 D:\laragon\www\ci4-blog-post-hmvc\public\index.php(37): CodeIgniter\CodeIgniter->run()
#9 D:\laragon\www\ci4-blog-post-hmvc\system\Commands\Server\rewrite.php(43): require_once('D:\\laragon\\www\\...')
#10 {main}
CRITICAL - 2022-05-30 02:54:30 --> Trying to get property 'title' of non-object
#0 D:\laragon\www\ci4-blog-post-hmvc\modules\Post\Views\blog-details.php(16): CodeIgniter\Debug\Exceptions->errorHandler(8, 'Trying to get p...', 'D:\\laragon\\www\\...', 16, Array)
#1 D:\laragon\www\ci4-blog-post-hmvc\system\View\View.php(214): include('D:\\laragon\\www\\...')
#2 D:\laragon\www\ci4-blog-post-hmvc\system\View\View.php(217): CodeIgniter\View\View->CodeIgniter\View\{closure}()
#3 D:\laragon\www\ci4-blog-post-hmvc\system\Common.php(1097): CodeIgniter\View\View->render('Post\\Views\\blog...', Array, true)
#4 D:\laragon\www\ci4-blog-post-hmvc\modules\Post\Controllers\Post.php(47): view('Post\\Views\\blog...', Array)
#5 D:\laragon\www\ci4-blog-post-hmvc\system\CodeIgniter.php(824): Modules\Post\Controllers\Post->detail('site.webmanifes...')
#6 D:\laragon\www\ci4-blog-post-hmvc\system\CodeIgniter.php(410): CodeIgniter\CodeIgniter->runController(Object(Modules\Post\Controllers\Post))
#7 D:\laragon\www\ci4-blog-post-hmvc\system\CodeIgniter.php(318): CodeIgniter\CodeIgniter->handleRequest(NULL, Object(Config\Cache), false)
#8 D:\laragon\www\ci4-blog-post-hmvc\public\index.php(37): CodeIgniter\CodeIgniter->run()
#9 D:\laragon\www\ci4-blog-post-hmvc\system\Commands\Server\rewrite.php(43): require_once('D:\\laragon\\www\\...')
#10 {main}
CRITICAL - 2022-05-30 02:54:38 --> Trying to get property 'title' of non-object
#0 D:\laragon\www\ci4-blog-post-hmvc\modules\Post\Views\blog-details.php(16): CodeIgniter\Debug\Exceptions->errorHandler(8, 'Trying to get p...', 'D:\\laragon\\www\\...', 16, Array)
#1 D:\laragon\www\ci4-blog-post-hmvc\system\View\View.php(214): include('D:\\laragon\\www\\...')
#2 D:\laragon\www\ci4-blog-post-hmvc\system\View\View.php(217): CodeIgniter\View\View->CodeIgniter\View\{closure}()
#3 D:\laragon\www\ci4-blog-post-hmvc\system\Common.php(1097): CodeIgniter\View\View->render('Post\\Views\\blog...', Array, true)
#4 D:\laragon\www\ci4-blog-post-hmvc\modules\Post\Controllers\Post.php(47): view('Post\\Views\\blog...', Array)
#5 D:\laragon\www\ci4-blog-post-hmvc\system\CodeIgniter.php(824): Modules\Post\Controllers\Post->detail('site.webmanifes...')
#6 D:\laragon\www\ci4-blog-post-hmvc\system\CodeIgniter.php(410): CodeIgniter\CodeIgniter->runController(Object(Modules\Post\Controllers\Post))
#7 D:\laragon\www\ci4-blog-post-hmvc\system\CodeIgniter.php(318): CodeIgniter\CodeIgniter->handleRequest(NULL, Object(Config\Cache), false)
#8 D:\laragon\www\ci4-blog-post-hmvc\public\index.php(37): CodeIgniter\CodeIgniter->run()
#9 D:\laragon\www\ci4-blog-post-hmvc\system\Commands\Server\rewrite.php(43): require_once('D:\\laragon\\www\\...')
#10 {main}
CRITICAL - 2022-05-30 02:55:21 --> Trying to get property 'title' of non-object
#0 D:\laragon\www\ci4-blog-post-hmvc\modules\Post\Views\blog-details.php(16): CodeIgniter\Debug\Exceptions->errorHandler(8, 'Trying to get p...', 'D:\\laragon\\www\\...', 16, Array)
#1 D:\laragon\www\ci4-blog-post-hmvc\system\View\View.php(214): include('D:\\laragon\\www\\...')
#2 D:\laragon\www\ci4-blog-post-hmvc\system\View\View.php(217): CodeIgniter\View\View->CodeIgniter\View\{closure}()
#3 D:\laragon\www\ci4-blog-post-hmvc\system\Common.php(1097): CodeIgniter\View\View->render('Post\\Views\\blog...', Array, true)
#4 D:\laragon\www\ci4-blog-post-hmvc\modules\Post\Controllers\Post.php(47): view('Post\\Views\\blog...', Array)
#5 D:\laragon\www\ci4-blog-post-hmvc\system\CodeIgniter.php(824): Modules\Post\Controllers\Post->detail('site.webmanifes...')
#6 D:\laragon\www\ci4-blog-post-hmvc\system\CodeIgniter.php(410): CodeIgniter\CodeIgniter->runController(Object(Modules\Post\Controllers\Post))
#7 D:\laragon\www\ci4-blog-post-hmvc\system\CodeIgniter.php(318): CodeIgniter\CodeIgniter->handleRequest(NULL, Object(Config\Cache), false)
#8 D:\laragon\www\ci4-blog-post-hmvc\public\index.php(37): CodeIgniter\CodeIgniter->run()
#9 D:\laragon\www\ci4-blog-post-hmvc\system\Commands\Server\rewrite.php(43): require_once('D:\\laragon\\www\\...')
#10 {main}
CRITICAL - 2022-05-30 02:57:24 --> Trying to get property 'title' of non-object
#0 D:\laragon\www\ci4-blog-post-hmvc\modules\Post\Views\blog-details.php(16): CodeIgniter\Debug\Exceptions->errorHandler(8, 'Trying to get p...', 'D:\\laragon\\www\\...', 16, Array)
#1 D:\laragon\www\ci4-blog-post-hmvc\system\View\View.php(214): include('D:\\laragon\\www\\...')
#2 D:\laragon\www\ci4-blog-post-hmvc\system\View\View.php(217): CodeIgniter\View\View->CodeIgniter\View\{closure}()
#3 D:\laragon\www\ci4-blog-post-hmvc\system\Common.php(1097): CodeIgniter\View\View->render('Post\\Views\\blog...', Array, true)
#4 D:\laragon\www\ci4-blog-post-hmvc\modules\Post\Controllers\Post.php(47): view('Post\\Views\\blog...', Array)
#5 D:\laragon\www\ci4-blog-post-hmvc\system\CodeIgniter.php(824): Modules\Post\Controllers\Post->detail('site.webmanifes...')
#6 D:\laragon\www\ci4-blog-post-hmvc\system\CodeIgniter.php(410): CodeIgniter\CodeIgniter->runController(Object(Modules\Post\Controllers\Post))
#7 D:\laragon\www\ci4-blog-post-hmvc\system\CodeIgniter.php(318): CodeIgniter\CodeIgniter->handleRequest(NULL, Object(Config\Cache), false)
#8 D:\laragon\www\ci4-blog-post-hmvc\public\index.php(37): CodeIgniter\CodeIgniter->run()
#9 D:\laragon\www\ci4-blog-post-hmvc\system\Commands\Server\rewrite.php(43): require_once('D:\\laragon\\www\\...')
#10 {main}
CRITICAL - 2022-05-30 02:58:20 --> Trying to get property 'title' of non-object
#0 D:\laragon\www\ci4-blog-post-hmvc\modules\Post\Views\blog-details.php(16): CodeIgniter\Debug\Exceptions->errorHandler(8, 'Trying to get p...', 'D:\\laragon\\www\\...', 16, Array)
#1 D:\laragon\www\ci4-blog-post-hmvc\system\View\View.php(214): include('D:\\laragon\\www\\...')
#2 D:\laragon\www\ci4-blog-post-hmvc\system\View\View.php(217): CodeIgniter\View\View->CodeIgniter\View\{closure}()
#3 D:\laragon\www\ci4-blog-post-hmvc\system\Common.php(1097): CodeIgniter\View\View->render('Post\\Views\\blog...', Array, true)
#4 D:\laragon\www\ci4-blog-post-hmvc\modules\Post\Controllers\Post.php(47): view('Post\\Views\\blog...', Array)
#5 D:\laragon\www\ci4-blog-post-hmvc\system\CodeIgniter.php(824): Modules\Post\Controllers\Post->detail('site.webmanifes...')
#6 D:\laragon\www\ci4-blog-post-hmvc\system\CodeIgniter.php(410): CodeIgniter\CodeIgniter->runController(Object(Modules\Post\Controllers\Post))
#7 D:\laragon\www\ci4-blog-post-hmvc\system\CodeIgniter.php(318): CodeIgniter\CodeIgniter->handleRequest(NULL, Object(Config\Cache), false)
#8 D:\laragon\www\ci4-blog-post-hmvc\public\index.php(37): CodeIgniter\CodeIgniter->run()
#9 D:\laragon\www\ci4-blog-post-hmvc\system\Commands\Server\rewrite.php(43): require_once('D:\\laragon\\www\\...')
#10 {main}
CRITICAL - 2022-05-30 02:58:24 --> Trying to get property 'title' of non-object
#0 D:\laragon\www\ci4-blog-post-hmvc\modules\Post\Views\blog-details.php(16): CodeIgniter\Debug\Exceptions->errorHandler(8, 'Trying to get p...', 'D:\\laragon\\www\\...', 16, Array)
#1 D:\laragon\www\ci4-blog-post-hmvc\system\View\View.php(214): include('D:\\laragon\\www\\...')
#2 D:\laragon\www\ci4-blog-post-hmvc\system\View\View.php(217): CodeIgniter\View\View->CodeIgniter\View\{closure}()
#3 D:\laragon\www\ci4-blog-post-hmvc\system\Common.php(1097): CodeIgniter\View\View->render('Post\\Views\\blog...', Array, true)
#4 D:\laragon\www\ci4-blog-post-hmvc\modules\Post\Controllers\Post.php(47): view('Post\\Views\\blog...', Array)
#5 D:\laragon\www\ci4-blog-post-hmvc\system\CodeIgniter.php(824): Modules\Post\Controllers\Post->detail('site.webmanifes...')
#6 D:\laragon\www\ci4-blog-post-hmvc\system\CodeIgniter.php(410): CodeIgniter\CodeIgniter->runController(Object(Modules\Post\Controllers\Post))
#7 D:\laragon\www\ci4-blog-post-hmvc\system\CodeIgniter.php(318): CodeIgniter\CodeIgniter->handleRequest(NULL, Object(Config\Cache), false)
#8 D:\laragon\www\ci4-blog-post-hmvc\public\index.php(37): CodeIgniter\CodeIgniter->run()
#9 D:\laragon\www\ci4-blog-post-hmvc\system\Commands\Server\rewrite.php(43): require_once('D:\\laragon\\www\\...')
#10 {main}
CRITICAL - 2022-05-30 02:58:31 --> Trying to get property 'title' of non-object
#0 D:\laragon\www\ci4-blog-post-hmvc\modules\Post\Views\blog-details.php(16): CodeIgniter\Debug\Exceptions->errorHandler(8, 'Trying to get p...', 'D:\\laragon\\www\\...', 16, Array)
#1 D:\laragon\www\ci4-blog-post-hmvc\system\View\View.php(214): include('D:\\laragon\\www\\...')
#2 D:\laragon\www\ci4-blog-post-hmvc\system\View\View.php(217): CodeIgniter\View\View->CodeIgniter\View\{closure}()
#3 D:\laragon\www\ci4-blog-post-hmvc\system\Common.php(1097): CodeIgniter\View\View->render('Post\\Views\\blog...', Array, true)
#4 D:\laragon\www\ci4-blog-post-hmvc\modules\Post\Controllers\Post.php(47): view('Post\\Views\\blog...', Array)
#5 D:\laragon\www\ci4-blog-post-hmvc\system\CodeIgniter.php(824): Modules\Post\Controllers\Post->detail('site.webmanifes...')
#6 D:\laragon\www\ci4-blog-post-hmvc\system\CodeIgniter.php(410): CodeIgniter\CodeIgniter->runController(Object(Modules\Post\Controllers\Post))
#7 D:\laragon\www\ci4-blog-post-hmvc\system\CodeIgniter.php(318): CodeIgniter\CodeIgniter->handleRequest(NULL, Object(Config\Cache), false)
#8 D:\laragon\www\ci4-blog-post-hmvc\public\index.php(37): CodeIgniter\CodeIgniter->run()
#9 D:\laragon\www\ci4-blog-post-hmvc\system\Commands\Server\rewrite.php(43): require_once('D:\\laragon\\www\\...')
#10 {main}
CRITICAL - 2022-05-30 02:59:54 --> Trying to get property 'title' of non-object
#0 D:\laragon\www\ci4-blog-post-hmvc\modules\Post\Views\blog-details.php(16): CodeIgniter\Debug\Exceptions->errorHandler(8, 'Trying to get p...', 'D:\\laragon\\www\\...', 16, Array)
#1 D:\laragon\www\ci4-blog-post-hmvc\system\View\View.php(214): include('D:\\laragon\\www\\...')
#2 D:\laragon\www\ci4-blog-post-hmvc\system\View\View.php(217): CodeIgniter\View\View->CodeIgniter\View\{closure}()
#3 D:\laragon\www\ci4-blog-post-hmvc\system\Common.php(1097): CodeIgniter\View\View->render('Post\\Views\\blog...', Array, true)
#4 D:\laragon\www\ci4-blog-post-hmvc\modules\Post\Controllers\Post.php(47): view('Post\\Views\\blog...', Array)
#5 D:\laragon\www\ci4-blog-post-hmvc\system\CodeIgniter.php(824): Modules\Post\Controllers\Post->detail('site.webmanifes...')
#6 D:\laragon\www\ci4-blog-post-hmvc\system\CodeIgniter.php(410): CodeIgniter\CodeIgniter->runController(Object(Modules\Post\Controllers\Post))
#7 D:\laragon\www\ci4-blog-post-hmvc\system\CodeIgniter.php(318): CodeIgniter\CodeIgniter->handleRequest(NULL, Object(Config\Cache), false)
#8 D:\laragon\www\ci4-blog-post-hmvc\public\index.php(37): CodeIgniter\CodeIgniter->run()
#9 D:\laragon\www\ci4-blog-post-hmvc\system\Commands\Server\rewrite.php(43): require_once('D:\\laragon\\www\\...')
#10 {main}
CRITICAL - 2022-05-30 03:00:10 --> Trying to get property 'title' of non-object
#0 D:\laragon\www\ci4-blog-post-hmvc\modules\Post\Views\blog-details.php(16): CodeIgniter\Debug\Exceptions->errorHandler(8, 'Trying to get p...', 'D:\\laragon\\www\\...', 16, Array)
#1 D:\laragon\www\ci4-blog-post-hmvc\system\View\View.php(214): include('D:\\laragon\\www\\...')
#2 D:\laragon\www\ci4-blog-post-hmvc\system\View\View.php(217): CodeIgniter\View\View->CodeIgniter\View\{closure}()
#3 D:\laragon\www\ci4-blog-post-hmvc\system\Common.php(1097): CodeIgniter\View\View->render('Post\\Views\\blog...', Array, true)
#4 D:\laragon\www\ci4-blog-post-hmvc\modules\Post\Controllers\Post.php(47): view('Post\\Views\\blog...', Array)
#5 D:\laragon\www\ci4-blog-post-hmvc\system\CodeIgniter.php(824): Modules\Post\Controllers\Post->detail('site.webmanifes...')
#6 D:\laragon\www\ci4-blog-post-hmvc\system\CodeIgniter.php(410): CodeIgniter\CodeIgniter->runController(Object(Modules\Post\Controllers\Post))
#7 D:\laragon\www\ci4-blog-post-hmvc\system\CodeIgniter.php(318): CodeIgniter\CodeIgniter->handleRequest(NULL, Object(Config\Cache), false)
#8 D:\laragon\www\ci4-blog-post-hmvc\public\index.php(37): CodeIgniter\CodeIgniter->run()
#9 D:\laragon\www\ci4-blog-post-hmvc\system\Commands\Server\rewrite.php(43): require_once('D:\\laragon\\www\\...')
#10 {main}
CRITICAL - 2022-05-30 03:00:13 --> Trying to get property 'title' of non-object
#0 D:\laragon\www\ci4-blog-post-hmvc\modules\Post\Views\blog-details.php(16): CodeIgniter\Debug\Exceptions->errorHandler(8, 'Trying to get p...', 'D:\\laragon\\www\\...', 16, Array)
#1 D:\laragon\www\ci4-blog-post-hmvc\system\View\View.php(214): include('D:\\laragon\\www\\...')
#2 D:\laragon\www\ci4-blog-post-hmvc\system\View\View.php(217): CodeIgniter\View\View->CodeIgniter\View\{closure}()
#3 D:\laragon\www\ci4-blog-post-hmvc\system\Common.php(1097): CodeIgniter\View\View->render('Post\\Views\\blog...', Array, true)
#4 D:\laragon\www\ci4-blog-post-hmvc\modules\Post\Controllers\Post.php(47): view('Post\\Views\\blog...', Array)
#5 D:\laragon\www\ci4-blog-post-hmvc\system\CodeIgniter.php(824): Modules\Post\Controllers\Post->detail('site.webmanifes...')
#6 D:\laragon\www\ci4-blog-post-hmvc\system\CodeIgniter.php(410): CodeIgniter\CodeIgniter->runController(Object(Modules\Post\Controllers\Post))
#7 D:\laragon\www\ci4-blog-post-hmvc\system\CodeIgniter.php(318): CodeIgniter\CodeIgniter->handleRequest(NULL, Object(Config\Cache), false)
#8 D:\laragon\www\ci4-blog-post-hmvc\public\index.php(37): CodeIgniter\CodeIgniter->run()
#9 D:\laragon\www\ci4-blog-post-hmvc\system\Commands\Server\rewrite.php(43): require_once('D:\\laragon\\www\\...')
#10 {main}
CRITICAL - 2022-05-30 03:01:57 --> Trying to get property 'title' of non-object
#0 D:\laragon\www\ci4-blog-post-hmvc\modules\Post\Views\blog-details.php(16): CodeIgniter\Debug\Exceptions->errorHandler(8, 'Trying to get p...', 'D:\\laragon\\www\\...', 16, Array)
#1 D:\laragon\www\ci4-blog-post-hmvc\system\View\View.php(214): include('D:\\laragon\\www\\...')
#2 D:\laragon\www\ci4-blog-post-hmvc\system\View\View.php(217): CodeIgniter\View\View->CodeIgniter\View\{closure}()
#3 D:\laragon\www\ci4-blog-post-hmvc\system\Common.php(1097): CodeIgniter\View\View->render('Post\\Views\\blog...', Array, true)
#4 D:\laragon\www\ci4-blog-post-hmvc\modules\Post\Controllers\Post.php(47): view('Post\\Views\\blog...', Array)
#5 D:\laragon\www\ci4-blog-post-hmvc\system\CodeIgniter.php(824): Modules\Post\Controllers\Post->detail('site.webmanifes...')
#6 D:\laragon\www\ci4-blog-post-hmvc\system\CodeIgniter.php(410): CodeIgniter\CodeIgniter->runController(Object(Modules\Post\Controllers\Post))
#7 D:\laragon\www\ci4-blog-post-hmvc\system\CodeIgniter.php(318): CodeIgniter\CodeIgniter->handleRequest(NULL, Object(Config\Cache), false)
#8 D:\laragon\www\ci4-blog-post-hmvc\public\index.php(37): CodeIgniter\CodeIgniter->run()
#9 D:\laragon\www\ci4-blog-post-hmvc\system\Commands\Server\rewrite.php(43): require_once('D:\\laragon\\www\\...')
#10 {main}
ERROR - 2022-05-30 03:10:36 --> Unknown column 'u.id' in 'on clause'
CRITICAL - 2022-05-30 03:10:36 --> Unknown column 'u.id' in 'on clause'
#0 D:\laragon\www\ci4-blog-post-hmvc\system\Database\MySQLi\Connection.php(292): mysqli->query('SELECT `title`,...', 0)
#1 D:\laragon\www\ci4-blog-post-hmvc\system\Database\BaseConnection.php(670): CodeIgniter\Database\MySQLi\Connection->execute('SELECT `title`,...')
#2 D:\laragon\www\ci4-blog-post-hmvc\system\Database\BaseConnection.php(598): CodeIgniter\Database\BaseConnection->simpleQuery('SELECT `title`,...')
#3 D:\laragon\www\ci4-blog-post-hmvc\system\Database\BaseBuilder.php(1443): CodeIgniter\Database\BaseConnection->query('SELECT `title`,...', Array, false)
#4 D:\laragon\www\ci4-blog-post-hmvc\system\Model.php(723): CodeIgniter\Database\BaseBuilder->get()
#5 D:\laragon\www\ci4-blog-post-hmvc\modules\Post\Models\PostModel.php(59): CodeIgniter\Model->__call('get', Array)
#6 D:\laragon\www\ci4-blog-post-hmvc\modules\Post\Controllers\Post.php(43): Modules\Post\Models\PostModel->getDetail('praesentium-con...')
#7 D:\laragon\www\ci4-blog-post-hmvc\system\CodeIgniter.php(824): Modules\Post\Controllers\Post->detail('praesentium-con...')
#8 D:\laragon\www\ci4-blog-post-hmvc\system\CodeIgniter.php(410): CodeIgniter\CodeIgniter->runController(Object(Modules\Post\Controllers\Post))
#9 D:\laragon\www\ci4-blog-post-hmvc\system\CodeIgniter.php(318): CodeIgniter\CodeIgniter->handleRequest(NULL, Object(Config\Cache), false)
#10 D:\laragon\www\ci4-blog-post-hmvc\public\index.php(37): CodeIgniter\CodeIgniter->run()
#11 D:\laragon\www\ci4-blog-post-hmvc\system\Commands\Server\rewrite.php(43): require_once('D:\\laragon\\www\\...')
#12 {main}
ERROR - 2022-05-30 03:10:52 --> Unknown column 'u.id' in 'on clause'
CRITICAL - 2022-05-30 03:10:52 --> Unknown column 'u.id' in 'on clause'
#0 D:\laragon\www\ci4-blog-post-hmvc\system\Database\MySQLi\Connection.php(292): mysqli->query('SELECT `title`,...', 0)
#1 D:\laragon\www\ci4-blog-post-hmvc\system\Database\BaseConnection.php(670): CodeIgniter\Database\MySQLi\Connection->execute('SELECT `title`,...')
#2 D:\laragon\www\ci4-blog-post-hmvc\system\Database\BaseConnection.php(598): CodeIgniter\Database\BaseConnection->simpleQuery('SELECT `title`,...')
#3 D:\laragon\www\ci4-blog-post-hmvc\system\Database\BaseBuilder.php(1443): CodeIgniter\Database\BaseConnection->query('SELECT `title`,...', Array, false)
#4 D:\laragon\www\ci4-blog-post-hmvc\system\Model.php(723): CodeIgniter\Database\BaseBuilder->get()
#5 D:\laragon\www\ci4-blog-post-hmvc\modules\Post\Models\PostModel.php(59): CodeIgniter\Model->__call('get', Array)
#6 D:\laragon\www\ci4-blog-post-hmvc\modules\Post\Controllers\Post.php(43): Modules\Post\Models\PostModel->getDetail('atque-accusamus...')
#7 D:\laragon\www\ci4-blog-post-hmvc\system\CodeIgniter.php(824): Modules\Post\Controllers\Post->detail('atque-accusamus...')
#8 D:\laragon\www\ci4-blog-post-hmvc\system\CodeIgniter.php(410): CodeIgniter\CodeIgniter->runController(Object(Modules\Post\Controllers\Post))
#9 D:\laragon\www\ci4-blog-post-hmvc\system\CodeIgniter.php(318): CodeIgniter\CodeIgniter->handleRequest(NULL, Object(Config\Cache), false)
#10 D:\laragon\www\ci4-blog-post-hmvc\public\index.php(37): CodeIgniter\CodeIgniter->run()
#11 D:\laragon\www\ci4-blog-post-hmvc\system\Commands\Server\rewrite.php(43): require_once('D:\\laragon\\www\\...')
#12 {main}
CRITICAL - 2022-05-30 03:11:16 --> Trying to get property 'title' of non-object
#0 D:\laragon\www\ci4-blog-post-hmvc\modules\Post\Views\blog-details.php(16): CodeIgniter\Debug\Exceptions->errorHandler(8, 'Trying to get p...', 'D:\\laragon\\www\\...', 16, Array)
#1 D:\laragon\www\ci4-blog-post-hmvc\system\View\View.php(214): include('D:\\laragon\\www\\...')
#2 D:\laragon\www\ci4-blog-post-hmvc\system\View\View.php(217): CodeIgniter\View\View->CodeIgniter\View\{closure}()
#3 D:\laragon\www\ci4-blog-post-hmvc\system\Common.php(1097): CodeIgniter\View\View->render('Post\\Views\\blog...', Array, true)
#4 D:\laragon\www\ci4-blog-post-hmvc\modules\Post\Controllers\Post.php(47): view('Post\\Views\\blog...', Array)
#5 D:\laragon\www\ci4-blog-post-hmvc\system\CodeIgniter.php(824): Modules\Post\Controllers\Post->detail('site.webmanifes...')
#6 D:\laragon\www\ci4-blog-post-hmvc\system\CodeIgniter.php(410): CodeIgniter\CodeIgniter->runController(Object(Modules\Post\Controllers\Post))
#7 D:\laragon\www\ci4-blog-post-hmvc\system\CodeIgniter.php(318): CodeIgniter\CodeIgniter->handleRequest(NULL, Object(Config\Cache), false)
#8 D:\laragon\www\ci4-blog-post-hmvc\public\index.php(37): CodeIgniter\CodeIgniter->run()
#9 D:\laragon\www\ci4-blog-post-hmvc\system\Commands\Server\rewrite.php(43): require_once('D:\\laragon\\www\\...')
#10 {main}
CRITICAL - 2022-05-30 03:14:15 --> Trying to get property 'title' of non-object
#0 D:\laragon\www\ci4-blog-post-hmvc\modules\Post\Views\blog-details.php(16): CodeIgniter\Debug\Exceptions->errorHandler(8, 'Trying to get p...', 'D:\\laragon\\www\\...', 16, Array)
#1 D:\laragon\www\ci4-blog-post-hmvc\system\View\View.php(214): include('D:\\laragon\\www\\...')
#2 D:\laragon\www\ci4-blog-post-hmvc\system\View\View.php(217): CodeIgniter\View\View->CodeIgniter\View\{closure}()
#3 D:\laragon\www\ci4-blog-post-hmvc\system\Common.php(1097): CodeIgniter\View\View->render('Post\\Views\\blog...', Array, true)
#4 D:\laragon\www\ci4-blog-post-hmvc\modules\Post\Controllers\Post.php(47): view('Post\\Views\\blog...', Array)
#5 D:\laragon\www\ci4-blog-post-hmvc\system\CodeIgniter.php(824): Modules\Post\Controllers\Post->detail('site.webmanifes...')
#6 D:\laragon\www\ci4-blog-post-hmvc\system\CodeIgniter.php(410): CodeIgniter\CodeIgniter->runController(Object(Modules\Post\Controllers\Post))
#7 D:\laragon\www\ci4-blog-post-hmvc\system\CodeIgniter.php(318): CodeIgniter\CodeIgniter->handleRequest(NULL, Object(Config\Cache), false)
#8 D:\laragon\www\ci4-blog-post-hmvc\public\index.php(37): CodeIgniter\CodeIgniter->run()
#9 D:\laragon\www\ci4-blog-post-hmvc\system\Commands\Server\rewrite.php(43): require_once('D:\\laragon\\www\\...')
#10 {main}
ERROR - 2022-05-30 03:19:05 --> Table 'authors' already exists
CRITICAL - 2022-05-30 03:37:20 --> Undefined property: stdClass::$excerpt
#0 D:\laragon\www\ci4-blog-post-hmvc\modules\Post\Views\partials\new.php(48): CodeIgniter\Debug\Exceptions->errorHandler(8, 'Undefined prope...', 'D:\\laragon\\www\\...', 48, Array)
#1 D:\laragon\www\ci4-blog-post-hmvc\system\View\View.php(214): include('D:\\laragon\\www\\...')
#2 D:\laragon\www\ci4-blog-post-hmvc\system\View\View.php(217): CodeIgniter\View\View->CodeIgniter\View\{closure}()
#3 D:\laragon\www\ci4-blog-post-hmvc\system\View\View.php(432): CodeIgniter\View\View->render('\\Modules\\Post\\V...', NULL, true)
#4 D:\laragon\www\ci4-blog-post-hmvc\modules\Post\Views\index.php(11): CodeIgniter\View\View->include('\\Modules\\Post\\V...')
#5 D:\laragon\www\ci4-blog-post-hmvc\system\View\View.php(214): include('D:\\laragon\\www\\...')
#6 D:\laragon\www\ci4-blog-post-hmvc\system\View\View.php(217): CodeIgniter\View\View->CodeIgniter\View\{closure}()
#7 D:\laragon\www\ci4-blog-post-hmvc\system\Common.php(1097): CodeIgniter\View\View->render('Post\\Views\\inde...', Array, true)
#8 D:\laragon\www\ci4-blog-post-hmvc\modules\Post\Controllers\Post.php(36): view('Post\\Views\\inde...', Array)
#9 D:\laragon\www\ci4-blog-post-hmvc\system\CodeIgniter.php(824): Modules\Post\Controllers\Post->index()
#10 D:\laragon\www\ci4-blog-post-hmvc\system\CodeIgniter.php(410): CodeIgniter\CodeIgniter->runController(Object(Modules\Post\Controllers\Post))
#11 D:\laragon\www\ci4-blog-post-hmvc\system\CodeIgniter.php(318): CodeIgniter\CodeIgniter->handleRequest(NULL, Object(Config\Cache), false)
#12 D:\laragon\www\ci4-blog-post-hmvc\public\index.php(37): CodeIgniter\CodeIgniter->run()
#13 D:\laragon\www\ci4-blog-post-hmvc\system\Commands\Server\rewrite.php(43): require_once('D:\\laragon\\www\\...')
#14 {main}
CRITICAL - 2022-05-30 03:37:22 --> Undefined property: stdClass::$excerpt
#0 D:\laragon\www\ci4-blog-post-hmvc\modules\Post\Views\partials\new.php(48): CodeIgniter\Debug\Exceptions->errorHandler(8, 'Undefined prope...', 'D:\\laragon\\www\\...', 48, Array)
#1 D:\laragon\www\ci4-blog-post-hmvc\system\View\View.php(214): include('D:\\laragon\\www\\...')
#2 D:\laragon\www\ci4-blog-post-hmvc\system\View\View.php(217): CodeIgniter\View\View->CodeIgniter\View\{closure}()
#3 D:\laragon\www\ci4-blog-post-hmvc\system\View\View.php(432): CodeIgniter\View\View->render('\\Modules\\Post\\V...', NULL, true)
#4 D:\laragon\www\ci4-blog-post-hmvc\modules\Post\Views\index.php(11): CodeIgniter\View\View->include('\\Modules\\Post\\V...')
#5 D:\laragon\www\ci4-blog-post-hmvc\system\View\View.php(214): include('D:\\laragon\\www\\...')
#6 D:\laragon\www\ci4-blog-post-hmvc\system\View\View.php(217): CodeIgniter\View\View->CodeIgniter\View\{closure}()
#7 D:\laragon\www\ci4-blog-post-hmvc\system\Common.php(1097): CodeIgniter\View\View->render('Post\\Views\\inde...', Array, true)
#8 D:\laragon\www\ci4-blog-post-hmvc\modules\Post\Controllers\Post.php(36): view('Post\\Views\\inde...', Array)
#9 D:\laragon\www\ci4-blog-post-hmvc\system\CodeIgniter.php(824): Modules\Post\Controllers\Post->index()
#10 D:\laragon\www\ci4-blog-post-hmvc\system\CodeIgniter.php(410): CodeIgniter\CodeIgniter->runController(Object(Modules\Post\Controllers\Post))
#11 D:\laragon\www\ci4-blog-post-hmvc\system\CodeIgniter.php(318): CodeIgniter\CodeIgniter->handleRequest(NULL, Object(Config\Cache), false)
#12 D:\laragon\www\ci4-blog-post-hmvc\public\index.php(37): CodeIgniter\CodeIgniter->run()
#13 D:\laragon\www\ci4-blog-post-hmvc\system\Commands\Server\rewrite.php(43): require_once('D:\\laragon\\www\\...')
#14 {main}
CRITICAL - 2022-05-30 03:38:01 --> Undefined property: stdClass::$excerpt
#0 D:\laragon\www\ci4-blog-post-hmvc\modules\Post\Views\partials\new.php(48): CodeIgniter\Debug\Exceptions->errorHandler(8, 'Undefined prope...', 'D:\\laragon\\www\\...', 48, Array)
#1 D:\laragon\www\ci4-blog-post-hmvc\system\View\View.php(214): include('D:\\laragon\\www\\...')
#2 D:\laragon\www\ci4-blog-post-hmvc\system\View\View.php(217): CodeIgniter\View\View->CodeIgniter\View\{closure}()
#3 D:\laragon\www\ci4-blog-post-hmvc\system\View\View.php(432): CodeIgniter\View\View->render('\\Modules\\Post\\V...', NULL, true)
#4 D:\laragon\www\ci4-blog-post-hmvc\modules\Post\Views\index.php(11): CodeIgniter\View\View->include('\\Modules\\Post\\V...')
#5 D:\laragon\www\ci4-blog-post-hmvc\system\View\View.php(214): include('D:\\laragon\\www\\...')
#6 D:\laragon\www\ci4-blog-post-hmvc\system\View\View.php(217): CodeIgniter\View\View->CodeIgniter\View\{closure}()
#7 D:\laragon\www\ci4-blog-post-hmvc\system\Common.php(1097): CodeIgniter\View\View->render('Post\\Views\\inde...', Array, true)
#8 D:\laragon\www\ci4-blog-post-hmvc\modules\Post\Controllers\Post.php(36): view('Post\\Views\\inde...', Array)
#9 D:\laragon\www\ci4-blog-post-hmvc\system\CodeIgniter.php(824): Modules\Post\Controllers\Post->index()
#10 D:\laragon\www\ci4-blog-post-hmvc\system\CodeIgniter.php(410): CodeIgniter\CodeIgniter->runController(Object(Modules\Post\Controllers\Post))
#11 D:\laragon\www\ci4-blog-post-hmvc\system\CodeIgniter.php(318): CodeIgniter\CodeIgniter->handleRequest(NULL, Object(Config\Cache), false)
#12 D:\laragon\www\ci4-blog-post-hmvc\public\index.php(37): CodeIgniter\CodeIgniter->run()
#13 D:\laragon\www\ci4-blog-post-hmvc\system\Commands\Server\rewrite.php(43): require_once('D:\\laragon\\www\\...')
#14 {main}
CRITICAL - 2022-05-30 03:38:03 --> Undefined property: stdClass::$excerpt
#0 D:\laragon\www\ci4-blog-post-hmvc\modules\Post\Views\partials\new.php(48): CodeIgniter\Debug\Exceptions->errorHandler(8, 'Undefined prope...', 'D:\\laragon\\www\\...', 48, Array)
#1 D:\laragon\www\ci4-blog-post-hmvc\system\View\View.php(214): include('D:\\laragon\\www\\...')
#2 D:\laragon\www\ci4-blog-post-hmvc\system\View\View.php(217): CodeIgniter\View\View->CodeIgniter\View\{closure}()
#3 D:\laragon\www\ci4-blog-post-hmvc\system\View\View.php(432): CodeIgniter\View\View->render('\\Modules\\Post\\V...', NULL, true)
#4 D:\laragon\www\ci4-blog-post-hmvc\modules\Post\Views\index.php(11): CodeIgniter\View\View->include('\\Modules\\Post\\V...')
#5 D:\laragon\www\ci4-blog-post-hmvc\system\View\View.php(214): include('D:\\laragon\\www\\...')
#6 D:\laragon\www\ci4-blog-post-hmvc\system\View\View.php(217): CodeIgniter\View\View->CodeIgniter\View\{closure}()
#7 D:\laragon\www\ci4-blog-post-hmvc\system\Common.php(1097): CodeIgniter\View\View->render('Post\\Views\\inde...', Array, true)
#8 D:\laragon\www\ci4-blog-post-hmvc\modules\Post\Controllers\Post.php(36): view('Post\\Views\\inde...', Array)
#9 D:\laragon\www\ci4-blog-post-hmvc\system\CodeIgniter.php(824): Modules\Post\Controllers\Post->index()
#10 D:\laragon\www\ci4-blog-post-hmvc\system\CodeIgniter.php(410): CodeIgniter\CodeIgniter->runController(Object(Modules\Post\Controllers\Post))
#11 D:\laragon\www\ci4-blog-post-hmvc\system\CodeIgniter.php(318): CodeIgniter\CodeIgniter->handleRequest(NULL, Object(Config\Cache), false)
#12 D:\laragon\www\ci4-blog-post-hmvc\public\index.php(37): CodeIgniter\CodeIgniter->run()
#13 D:\laragon\www\ci4-blog-post-hmvc\system\Commands\Server\rewrite.php(43): require_once('D:\\laragon\\www\\...')
#14 {main}
CRITICAL - 2022-05-30 03:38:53 --> Undefined property: stdClass::$excerpt
#0 D:\laragon\www\ci4-blog-post-hmvc\modules\Post\Views\partials\new.php(48): CodeIgniter\Debug\Exceptions->errorHandler(8, 'Undefined prope...', 'D:\\laragon\\www\\...', 48, Array)
#1 D:\laragon\www\ci4-blog-post-hmvc\system\View\View.php(214): include('D:\\laragon\\www\\...')
#2 D:\laragon\www\ci4-blog-post-hmvc\system\View\View.php(217): CodeIgniter\View\View->CodeIgniter\View\{closure}()
#3 D:\laragon\www\ci4-blog-post-hmvc\system\View\View.php(432): CodeIgniter\View\View->render('\\Modules\\Post\\V...', NULL, true)
#4 D:\laragon\www\ci4-blog-post-hmvc\modules\Post\Views\index.php(11): CodeIgniter\View\View->include('\\Modules\\Post\\V...')
#5 D:\laragon\www\ci4-blog-post-hmvc\system\View\View.php(214): include('D:\\laragon\\www\\...')
#6 D:\laragon\www\ci4-blog-post-hmvc\system\View\View.php(217): CodeIgniter\View\View->CodeIgniter\View\{closure}()
#7 D:\laragon\www\ci4-blog-post-hmvc\system\Common.php(1097): CodeIgniter\View\View->render('Post\\Views\\inde...', Array, true)
#8 D:\laragon\www\ci4-blog-post-hmvc\modules\Post\Controllers\Post.php(36): view('Post\\Views\\inde...', Array)
#9 D:\laragon\www\ci4-blog-post-hmvc\system\CodeIgniter.php(824): Modules\Post\Controllers\Post->index()
#10 D:\laragon\www\ci4-blog-post-hmvc\system\CodeIgniter.php(410): CodeIgniter\CodeIgniter->runController(Object(Modules\Post\Controllers\Post))
#11 D:\laragon\www\ci4-blog-post-hmvc\system\CodeIgniter.php(318): CodeIgniter\CodeIgniter->handleRequest(NULL, Object(Config\Cache), false)
#12 D:\laragon\www\ci4-blog-post-hmvc\public\index.php(37): CodeIgniter\CodeIgniter->run()
#13 D:\laragon\www\ci4-blog-post-hmvc\system\Commands\Server\rewrite.php(43): require_once('D:\\laragon\\www\\...')
#14 {main}
