CRITICAL - 2021-12-25 02:05:45 --> Call to undefined method CodeIgniter\Database\MySQLi\Result::getResulr()
#0 D:\laragon\www\ci4-hmvc\app\Controllers\Home.php(22): Modules\Post\Models\PostModel->getCategories()
#1 D:\laragon\www\ci4-hmvc\system\CodeIgniter.php(824): App\Controllers\Home->index()
#2 D:\laragon\www\ci4-hmvc\system\CodeIgniter.php(410): CodeIgniter\CodeIgniter->runController(Object(App\Controllers\Home))
#3 D:\laragon\www\ci4-hmvc\system\CodeIgniter.php(318): CodeIgniter\CodeIgniter->handleRequest(NULL, Object(Config\Cache), false)
#4 D:\laragon\www\ci4-hmvc\public\index.php(37): CodeIgniter\CodeIgniter->run()
#5 D:\laragon\www\ci4-hmvc\system\Commands\Server\rewrite.php(43): require_once('D:\\laragon\\www\\...')
#6 {main}
CRITICAL - 2021-12-25 02:06:02 --> Call to undefined method CodeIgniter\Database\MySQLi\Result::getResulr()
#0 D:\laragon\www\ci4-hmvc\app\Controllers\Home.php(22): Modules\Post\Models\PostModel->getCategories()
#1 D:\laragon\www\ci4-hmvc\system\CodeIgniter.php(824): App\Controllers\Home->index()
#2 D:\laragon\www\ci4-hmvc\system\CodeIgniter.php(410): CodeIgniter\CodeIgniter->runController(Object(App\Controllers\Home))
#3 D:\laragon\www\ci4-hmvc\system\CodeIgniter.php(318): CodeIgniter\CodeIgniter->handleRequest(NULL, Object(Config\Cache), false)
#4 D:\laragon\www\ci4-hmvc\public\index.php(37): CodeIgniter\CodeIgniter->run()
#5 D:\laragon\www\ci4-hmvc\system\Commands\Server\rewrite.php(43): require_once('D:\\laragon\\www\\...')
#6 {main}
CRITICAL - 2021-12-25 02:11:08 --> Call to undefined method CodeIgniter\Database\MySQLi\Result::getResulr()
#0 D:\laragon\www\ci4-hmvc\app\Controllers\Home.php(24): Modules\Post\Models\CategoriesModel->getCategories()
#1 D:\laragon\www\ci4-hmvc\system\CodeIgniter.php(824): App\Controllers\Home->index()
#2 D:\laragon\www\ci4-hmvc\system\CodeIgniter.php(410): CodeIgniter\CodeIgniter->runController(Object(App\Controllers\Home))
#3 D:\laragon\www\ci4-hmvc\system\CodeIgniter.php(318): CodeIgniter\CodeIgniter->handleRequest(NULL, Object(Config\Cache), false)
#4 D:\laragon\www\ci4-hmvc\public\index.php(37): CodeIgniter\CodeIgniter->run()
#5 D:\laragon\www\ci4-hmvc\system\Commands\Server\rewrite.php(43): require_once('D:\\laragon\\www\\...')
#6 {main}
CRITICAL - 2021-12-25 02:11:11 --> Call to undefined method CodeIgniter\Database\MySQLi\Result::getResulr()
#0 D:\laragon\www\ci4-hmvc\app\Controllers\Home.php(24): Modules\Post\Models\CategoriesModel->getCategories()
#1 D:\laragon\www\ci4-hmvc\system\CodeIgniter.php(824): App\Controllers\Home->index()
#2 D:\laragon\www\ci4-hmvc\system\CodeIgniter.php(410): CodeIgniter\CodeIgniter->runController(Object(App\Controllers\Home))
#3 D:\laragon\www\ci4-hmvc\system\CodeIgniter.php(318): CodeIgniter\CodeIgniter->handleRequest(NULL, Object(Config\Cache), false)
#4 D:\laragon\www\ci4-hmvc\public\index.php(37): CodeIgniter\CodeIgniter->run()
#5 D:\laragon\www\ci4-hmvc\system\Commands\Server\rewrite.php(43): require_once('D:\\laragon\\www\\...')
#6 {main}
CRITICAL - 2021-12-25 02:23:43 --> Undefined offset: 6
#0 D:\laragon\www\ci4-hmvc\app\Controllers\Home.php(23): CodeIgniter\Debug\Exceptions->errorHandler(8, 'Undefined offse...', 'D:\\laragon\\www\\...', 23, Array)
#1 D:\laragon\www\ci4-hmvc\system\CodeIgniter.php(824): App\Controllers\Home->index()
#2 D:\laragon\www\ci4-hmvc\system\CodeIgniter.php(410): CodeIgniter\CodeIgniter->runController(Object(App\Controllers\Home))
#3 D:\laragon\www\ci4-hmvc\system\CodeIgniter.php(318): CodeIgniter\CodeIgniter->handleRequest(NULL, Object(Config\Cache), false)
#4 D:\laragon\www\ci4-hmvc\public\index.php(37): CodeIgniter\CodeIgniter->run()
#5 D:\laragon\www\ci4-hmvc\system\Commands\Server\rewrite.php(43): require_once('D:\\laragon\\www\\...')
#6 {main}
ERROR - 2021-12-25 02:42:01 --> Unknown column 'p.category_id' in 'on clause'
CRITICAL - 2021-12-25 02:42:01 --> Unknown column 'p.category_id' in 'on clause'
#0 D:\laragon\www\ci4-hmvc\system\Database\MySQLi\Connection.php(292): mysqli->query('SELECT `title`,...', 0)
#1 D:\laragon\www\ci4-hmvc\system\Database\BaseConnection.php(670): CodeIgniter\Database\MySQLi\Connection->execute('SELECT `title`,...')
#2 D:\laragon\www\ci4-hmvc\system\Database\BaseConnection.php(598): CodeIgniter\Database\BaseConnection->simpleQuery('SELECT `title`,...')
#3 D:\laragon\www\ci4-hmvc\system\Database\BaseBuilder.php(1443): CodeIgniter\Database\BaseConnection->query('SELECT `title`,...', Array, false)
#4 D:\laragon\www\ci4-hmvc\system\Model.php(723): CodeIgniter\Database\BaseBuilder->get(5, 5)
#5 D:\laragon\www\ci4-hmvc\modules\Post\Models\PostModel.php(61): CodeIgniter\Model->__call('get', Array)
#6 D:\laragon\www\ci4-hmvc\app\Controllers\Home.php(24): Modules\Post\Models\PostModel->getNewByCategory()
#7 D:\laragon\www\ci4-hmvc\system\CodeIgniter.php(824): App\Controllers\Home->index()
#8 D:\laragon\www\ci4-hmvc\system\CodeIgniter.php(410): CodeIgniter\CodeIgniter->runController(Object(App\Controllers\Home))
#9 D:\laragon\www\ci4-hmvc\system\CodeIgniter.php(318): CodeIgniter\CodeIgniter->handleRequest(NULL, Object(Config\Cache), false)
#10 D:\laragon\www\ci4-hmvc\public\index.php(37): CodeIgniter\CodeIgniter->run()
#11 D:\laragon\www\ci4-hmvc\system\Commands\Server\rewrite.php(43): require_once('D:\\laragon\\www\\...')
#12 {main}
CRITICAL - 2021-12-25 02:42:56 --> Too few arguments to function Modules\Post\Models\PostModel::getNewByCategory(), 0 passed in D:\laragon\www\ci4-hmvc\app\Controllers\Home.php on line 24 and exactly 1 expected
#0 D:\laragon\www\ci4-hmvc\app\Controllers\Home.php(24): Modules\Post\Models\PostModel->getNewByCategory()
#1 D:\laragon\www\ci4-hmvc\system\CodeIgniter.php(824): App\Controllers\Home->index()
#2 D:\laragon\www\ci4-hmvc\system\CodeIgniter.php(410): CodeIgniter\CodeIgniter->runController(Object(App\Controllers\Home))
#3 D:\laragon\www\ci4-hmvc\system\CodeIgniter.php(318): CodeIgniter\CodeIgniter->handleRequest(NULL, Object(Config\Cache), false)
#4 D:\laragon\www\ci4-hmvc\public\index.php(37): CodeIgniter\CodeIgniter->run()
#5 D:\laragon\www\ci4-hmvc\system\Commands\Server\rewrite.php(43): require_once('D:\\laragon\\www\\...')
#6 {main}
ERROR - 2021-12-25 02:45:34 --> Unknown column 'c.category' in 'field list'
CRITICAL - 2021-12-25 02:45:34 --> Unknown column 'c.category' in 'field list'
#0 D:\laragon\www\ci4-hmvc\system\Database\MySQLi\Connection.php(292): mysqli->query('SELECT `title`,...', 0)
#1 D:\laragon\www\ci4-hmvc\system\Database\BaseConnection.php(670): CodeIgniter\Database\MySQLi\Connection->execute('SELECT `title`,...')
#2 D:\laragon\www\ci4-hmvc\system\Database\BaseConnection.php(598): CodeIgniter\Database\BaseConnection->simpleQuery('SELECT `title`,...')
#3 D:\laragon\www\ci4-hmvc\system\Database\BaseBuilder.php(1443): CodeIgniter\Database\BaseConnection->query('SELECT `title`,...', Array, false)
#4 D:\laragon\www\ci4-hmvc\system\Model.php(723): CodeIgniter\Database\BaseBuilder->get(5, 5)
#5 D:\laragon\www\ci4-hmvc\modules\Post\Models\PostModel.php(61): CodeIgniter\Model->__call('get', Array)
#6 D:\laragon\www\ci4-hmvc\app\Controllers\Home.php(24): Modules\Post\Models\PostModel->getNewByCategory()
#7 D:\laragon\www\ci4-hmvc\system\CodeIgniter.php(824): App\Controllers\Home->index()
#8 D:\laragon\www\ci4-hmvc\system\CodeIgniter.php(410): CodeIgniter\CodeIgniter->runController(Object(App\Controllers\Home))
#9 D:\laragon\www\ci4-hmvc\system\CodeIgniter.php(318): CodeIgniter\CodeIgniter->handleRequest(NULL, Object(Config\Cache), false)
#10 D:\laragon\www\ci4-hmvc\public\index.php(37): CodeIgniter\CodeIgniter->run()
#11 D:\laragon\www\ci4-hmvc\system\Commands\Server\rewrite.php(43): require_once('D:\\laragon\\www\\...')
#12 {main}
CRITICAL - 2021-12-25 02:46:28 --> Call to undefined method Modules\Post\Models\PostModel::getResult
#0 D:\laragon\www\ci4-hmvc\modules\Post\Models\PostModel.php(63): CodeIgniter\Model->__call('getResult', Array)
#1 D:\laragon\www\ci4-hmvc\app\Controllers\Home.php(24): Modules\Post\Models\PostModel->getNewByCategory(1)
#2 D:\laragon\www\ci4-hmvc\system\CodeIgniter.php(824): App\Controllers\Home->index()
#3 D:\laragon\www\ci4-hmvc\system\CodeIgniter.php(410): CodeIgniter\CodeIgniter->runController(Object(App\Controllers\Home))
#4 D:\laragon\www\ci4-hmvc\system\CodeIgniter.php(318): CodeIgniter\CodeIgniter->handleRequest(NULL, Object(Config\Cache), false)
#5 D:\laragon\www\ci4-hmvc\public\index.php(37): CodeIgniter\CodeIgniter->run()
#6 D:\laragon\www\ci4-hmvc\system\Commands\Server\rewrite.php(43): require_once('D:\\laragon\\www\\...')
#7 {main}
CRITICAL - 2021-12-25 02:59:00 --> Trying to get property 'category' of non-object
#0 D:\laragon\www\ci4-hmvc\app\Controllers\Home.php(30): CodeIgniter\Debug\Exceptions->errorHandler(8, 'Trying to get p...', 'D:\\laragon\\www\\...', 30, Array)
#1 D:\laragon\www\ci4-hmvc\system\CodeIgniter.php(824): App\Controllers\Home->index()
#2 D:\laragon\www\ci4-hmvc\system\CodeIgniter.php(410): CodeIgniter\CodeIgniter->runController(Object(App\Controllers\Home))
#3 D:\laragon\www\ci4-hmvc\system\CodeIgniter.php(318): CodeIgniter\CodeIgniter->handleRequest(NULL, Object(Config\Cache), false)
#4 D:\laragon\www\ci4-hmvc\public\index.php(37): CodeIgniter\CodeIgniter->run()
#5 D:\laragon\www\ci4-hmvc\system\Commands\Server\rewrite.php(43): require_once('D:\\laragon\\www\\...')
#6 {main}
CRITICAL - 2021-12-25 02:59:01 --> Trying to get property 'category' of non-object
#0 D:\laragon\www\ci4-hmvc\app\Controllers\Home.php(30): CodeIgniter\Debug\Exceptions->errorHandler(8, 'Trying to get p...', 'D:\\laragon\\www\\...', 30, Array)
#1 D:\laragon\www\ci4-hmvc\system\CodeIgniter.php(824): App\Controllers\Home->index()
#2 D:\laragon\www\ci4-hmvc\system\CodeIgniter.php(410): CodeIgniter\CodeIgniter->runController(Object(App\Controllers\Home))
#3 D:\laragon\www\ci4-hmvc\system\CodeIgniter.php(318): CodeIgniter\CodeIgniter->handleRequest(NULL, Object(Config\Cache), false)
#4 D:\laragon\www\ci4-hmvc\public\index.php(37): CodeIgniter\CodeIgniter->run()
#5 D:\laragon\www\ci4-hmvc\system\Commands\Server\rewrite.php(43): require_once('D:\\laragon\\www\\...')
#6 {main}
CRITICAL - 2021-12-25 03:03:41 --> Undefined variable: categoriesNam
#0 D:\laragon\www\ci4-hmvc\app\Controllers\Home.php(26): CodeIgniter\Debug\Exceptions->errorHandler(8, 'Undefined varia...', 'D:\\laragon\\www\\...', 26, Array)
#1 D:\laragon\www\ci4-hmvc\system\CodeIgniter.php(824): App\Controllers\Home->index()
#2 D:\laragon\www\ci4-hmvc\system\CodeIgniter.php(410): CodeIgniter\CodeIgniter->runController(Object(App\Controllers\Home))
#3 D:\laragon\www\ci4-hmvc\system\CodeIgniter.php(318): CodeIgniter\CodeIgniter->handleRequest(NULL, Object(Config\Cache), false)
#4 D:\laragon\www\ci4-hmvc\public\index.php(37): CodeIgniter\CodeIgniter->run()
#5 D:\laragon\www\ci4-hmvc\system\Commands\Server\rewrite.php(43): require_once('D:\\laragon\\www\\...')
#6 {main}
ERROR - 2021-12-25 03:03:52 --> Operand should contain 1 column(s)
CRITICAL - 2021-12-25 03:03:52 --> Operand should contain 1 column(s)
#0 D:\laragon\www\ci4-hmvc\system\Database\MySQLi\Connection.php(292): mysqli->query('SELECT `title`,...', 0)
#1 D:\laragon\www\ci4-hmvc\system\Database\BaseConnection.php(670): CodeIgniter\Database\MySQLi\Connection->execute('SELECT `title`,...')
#2 D:\laragon\www\ci4-hmvc\system\Database\BaseConnection.php(598): CodeIgniter\Database\BaseConnection->simpleQuery('SELECT `title`,...')
#3 D:\laragon\www\ci4-hmvc\system\Database\BaseBuilder.php(1443): CodeIgniter\Database\BaseConnection->query('SELECT `title`,...', Array, false)
#4 D:\laragon\www\ci4-hmvc\system\Model.php(723): CodeIgniter\Database\BaseBuilder->get(5)
#5 D:\laragon\www\ci4-hmvc\modules\Post\Models\PostModel.php(61): CodeIgniter\Model->__call('get', Array)
#6 D:\laragon\www\ci4-hmvc\app\Controllers\Home.php(26): Modules\Post\Models\PostModel->getNewByCategory(Array)
#7 D:\laragon\www\ci4-hmvc\system\CodeIgniter.php(824): App\Controllers\Home->index()
#8 D:\laragon\www\ci4-hmvc\system\CodeIgniter.php(410): CodeIgniter\CodeIgniter->runController(Object(App\Controllers\Home))
#9 D:\laragon\www\ci4-hmvc\system\CodeIgniter.php(318): CodeIgniter\CodeIgniter->handleRequest(NULL, Object(Config\Cache), false)
#10 D:\laragon\www\ci4-hmvc\public\index.php(37): CodeIgniter\CodeIgniter->run()
#11 D:\laragon\www\ci4-hmvc\system\Commands\Server\rewrite.php(43): require_once('D:\\laragon\\www\\...')
#12 {main}
ERROR - 2021-12-25 03:04:01 --> Operand should contain 1 column(s)
CRITICAL - 2021-12-25 03:04:01 --> Operand should contain 1 column(s)
#0 D:\laragon\www\ci4-hmvc\system\Database\MySQLi\Connection.php(292): mysqli->query('SELECT `title`,...', 0)
#1 D:\laragon\www\ci4-hmvc\system\Database\BaseConnection.php(670): CodeIgniter\Database\MySQLi\Connection->execute('SELECT `title`,...')
#2 D:\laragon\www\ci4-hmvc\system\Database\BaseConnection.php(598): CodeIgniter\Database\BaseConnection->simpleQuery('SELECT `title`,...')
#3 D:\laragon\www\ci4-hmvc\system\Database\BaseBuilder.php(1443): CodeIgniter\Database\BaseConnection->query('SELECT `title`,...', Array, false)
#4 D:\laragon\www\ci4-hmvc\system\Model.php(723): CodeIgniter\Database\BaseBuilder->get(5)
#5 D:\laragon\www\ci4-hmvc\modules\Post\Models\PostModel.php(61): CodeIgniter\Model->__call('get', Array)
#6 D:\laragon\www\ci4-hmvc\app\Controllers\Home.php(26): Modules\Post\Models\PostModel->getNewByCategory(Array)
#7 D:\laragon\www\ci4-hmvc\system\CodeIgniter.php(824): App\Controllers\Home->index()
#8 D:\laragon\www\ci4-hmvc\system\CodeIgniter.php(410): CodeIgniter\CodeIgniter->runController(Object(App\Controllers\Home))
#9 D:\laragon\www\ci4-hmvc\system\CodeIgniter.php(318): CodeIgniter\CodeIgniter->handleRequest(NULL, Object(Config\Cache), false)
#10 D:\laragon\www\ci4-hmvc\public\index.php(37): CodeIgniter\CodeIgniter->run()
#11 D:\laragon\www\ci4-hmvc\system\Commands\Server\rewrite.php(43): require_once('D:\\laragon\\www\\...')
#12 {main}
ERROR - 2021-12-25 03:04:36 --> Operand should contain 1 column(s)
CRITICAL - 2021-12-25 03:04:36 --> Operand should contain 1 column(s)
#0 D:\laragon\www\ci4-hmvc\system\Database\MySQLi\Connection.php(292): mysqli->query('SELECT `title`,...', 0)
#1 D:\laragon\www\ci4-hmvc\system\Database\BaseConnection.php(670): CodeIgniter\Database\MySQLi\Connection->execute('SELECT `title`,...')
#2 D:\laragon\www\ci4-hmvc\system\Database\BaseConnection.php(598): CodeIgniter\Database\BaseConnection->simpleQuery('SELECT `title`,...')
#3 D:\laragon\www\ci4-hmvc\system\Database\BaseBuilder.php(1443): CodeIgniter\Database\BaseConnection->query('SELECT `title`,...', Array, false)
#4 D:\laragon\www\ci4-hmvc\system\Model.php(723): CodeIgniter\Database\BaseBuilder->get(5)
#5 D:\laragon\www\ci4-hmvc\modules\Post\Models\PostModel.php(61): CodeIgniter\Model->__call('get', Array)
#6 D:\laragon\www\ci4-hmvc\app\Controllers\Home.php(26): Modules\Post\Models\PostModel->getNewByCategory(Array)
#7 D:\laragon\www\ci4-hmvc\system\CodeIgniter.php(824): App\Controllers\Home->index()
#8 D:\laragon\www\ci4-hmvc\system\CodeIgniter.php(410): CodeIgniter\CodeIgniter->runController(Object(App\Controllers\Home))
#9 D:\laragon\www\ci4-hmvc\system\CodeIgniter.php(318): CodeIgniter\CodeIgniter->handleRequest(NULL, Object(Config\Cache), false)
#10 D:\laragon\www\ci4-hmvc\public\index.php(37): CodeIgniter\CodeIgniter->run()
#11 D:\laragon\www\ci4-hmvc\system\Commands\Server\rewrite.php(43): require_once('D:\\laragon\\www\\...')
#12 {main}
