CRITICAL - 2021-12-20 23:02:47 --> Undefined variable: data
#0 C:\Users\SAVALD\Downloads\Compressed\ci4-hmvc\modules\Blog\Views\layouts\_header.php(7): CodeIgniter\Debug\Exceptions->errorHandler(8, 'Undefined varia...', 'C:\\Users\\SAVALD...', 7, Array)
#1 C:\Users\SAVALD\Downloads\Compressed\ci4-hmvc\system\View\View.php(214): include('C:\\Users\\SAVALD...')
#2 C:\Users\SAVALD\Downloads\Compressed\ci4-hmvc\system\View\View.php(217): CodeIgniter\View\View->CodeIgniter\View\{closure}()
#3 C:\Users\SAVALD\Downloads\Compressed\ci4-hmvc\system\Common.php(1097): CodeIgniter\View\View->render('\\Modules\\Blog\\V...', Array, true)
#4 C:\Users\SAVALD\Downloads\Compressed\ci4-hmvc\app\Controllers\Home.php(13): view('\\Modules\\Blog\\V...', Array)
#5 C:\Users\SAVALD\Downloads\Compressed\ci4-hmvc\system\CodeIgniter.php(824): App\Controllers\Home->index()
#6 C:\Users\SAVALD\Downloads\Compressed\ci4-hmvc\system\CodeIgniter.php(410): CodeIgniter\CodeIgniter->runController(Object(App\Controllers\Home))
#7 C:\Users\SAVALD\Downloads\Compressed\ci4-hmvc\system\CodeIgniter.php(318): CodeIgniter\CodeIgniter->handleRequest(NULL, Object(Config\Cache), false)
#8 C:\Users\SAVALD\Downloads\Compressed\ci4-hmvc\public\index.php(37): CodeIgniter\CodeIgniter->run()
#9 C:\Users\SAVALD\Downloads\Compressed\ci4-hmvc\system\Commands\Server\rewrite.php(43): require_once('C:\\Users\\SAVALD...')
#10 {main}
CRITICAL - 2021-12-20 23:39:11 --> Invalid file: \Modules\Blogs\Views\index.php
#0 C:\Users\SAVALD\Downloads\Compressed\ci4-hmvc\system\View\View.php(198): CodeIgniter\Exceptions\FrameworkException::forInvalidFile('\\Modules\\Blogs\\...')
#1 C:\Users\SAVALD\Downloads\Compressed\ci4-hmvc\system\Common.php(1097): CodeIgniter\View\View->render('\\Modules\\Blogs\\...', Array, true)
#2 C:\Users\SAVALD\Downloads\Compressed\ci4-hmvc\app\Controllers\Home.php(14): view('\\Modules\\Blogs\\...')
#3 C:\Users\SAVALD\Downloads\Compressed\ci4-hmvc\system\CodeIgniter.php(824): App\Controllers\Home->index()
#4 C:\Users\SAVALD\Downloads\Compressed\ci4-hmvc\system\CodeIgniter.php(410): CodeIgniter\CodeIgniter->runController(Object(App\Controllers\Home))
#5 C:\Users\SAVALD\Downloads\Compressed\ci4-hmvc\system\CodeIgniter.php(318): CodeIgniter\CodeIgniter->handleRequest(NULL, Object(Config\Cache), false)
#6 C:\Users\SAVALD\Downloads\Compressed\ci4-hmvc\public\index.php(37): CodeIgniter\CodeIgniter->run()
#7 C:\Users\SAVALD\Downloads\Compressed\ci4-hmvc\system\Commands\Server\rewrite.php(43): require_once('C:\\Users\\SAVALD...')
#8 {main}
