ERROR - 2021-12-23 00:09:51 --> Unknown column 'post.category_id' in 'on clause'
CRITICAL - 2021-12-23 00:09:51 --> Unknown column 'post.category_id' in 'on clause'
#0 D:\laragon\www\ci4-hmvc\system\Database\MySQLi\Connection.php(292): mysqli->query('SELECT `title`,...', 0)
#1 D:\laragon\www\ci4-hmvc\system\Database\BaseConnection.php(670): CodeIgniter\Database\MySQLi\Connection->execute('SELECT `title`,...')
#2 D:\laragon\www\ci4-hmvc\system\Database\BaseConnection.php(598): CodeIgniter\Database\BaseConnection->simpleQuery('SELECT `title`,...')
#3 D:\laragon\www\ci4-hmvc\system\Database\BaseBuilder.php(1443): CodeIgniter\Database\BaseConnection->query('SELECT `title`,...', Array, false)
#4 D:\laragon\www\ci4-hmvc\system\Model.php(723): CodeIgniter\Database\BaseBuilder->get(3)
#5 D:\laragon\www\ci4-hmvc\modules\Post\Models\PostModel.php(48): CodeIgniter\Model->__call('get', Array)
#6 D:\laragon\www\ci4-hmvc\app\Controllers\Home.php(20): Modules\Post\Models\PostModel->getNewest()
#7 D:\laragon\www\ci4-hmvc\system\CodeIgniter.php(824): App\Controllers\Home->index()
#8 D:\laragon\www\ci4-hmvc\system\CodeIgniter.php(410): CodeIgniter\CodeIgniter->runController(Object(App\Controllers\Home))
#9 D:\laragon\www\ci4-hmvc\system\CodeIgniter.php(318): CodeIgniter\CodeIgniter->handleRequest(NULL, Object(Config\Cache), false)
#10 D:\laragon\www\ci4-hmvc\public\index.php(37): CodeIgniter\CodeIgniter->run()
#11 D:\laragon\www\ci4-hmvc\system\Commands\Server\rewrite.php(43): require_once('D:\\laragon\\www\\...')
#12 {main}
ERROR - 2021-12-23 00:11:24 --> Unknown column 'category.name' in 'field list'
CRITICAL - 2021-12-23 00:11:24 --> Unknown column 'category.name' in 'field list'
#0 D:\laragon\www\ci4-hmvc\system\Database\MySQLi\Connection.php(292): mysqli->query('SELECT `title`,...', 0)
#1 D:\laragon\www\ci4-hmvc\system\Database\BaseConnection.php(670): CodeIgniter\Database\MySQLi\Connection->execute('SELECT `title`,...')
#2 D:\laragon\www\ci4-hmvc\system\Database\BaseConnection.php(598): CodeIgniter\Database\BaseConnection->simpleQuery('SELECT `title`,...')
#3 D:\laragon\www\ci4-hmvc\system\Database\BaseBuilder.php(1443): CodeIgniter\Database\BaseConnection->query('SELECT `title`,...', Array, false)
#4 D:\laragon\www\ci4-hmvc\system\Model.php(723): CodeIgniter\Database\BaseBuilder->get(3)
#5 D:\laragon\www\ci4-hmvc\modules\Post\Models\PostModel.php(48): CodeIgniter\Model->__call('get', Array)
#6 D:\laragon\www\ci4-hmvc\app\Controllers\Home.php(20): Modules\Post\Models\PostModel->getNewest()
#7 D:\laragon\www\ci4-hmvc\system\CodeIgniter.php(824): App\Controllers\Home->index()
#8 D:\laragon\www\ci4-hmvc\system\CodeIgniter.php(410): CodeIgniter\CodeIgniter->runController(Object(App\Controllers\Home))
#9 D:\laragon\www\ci4-hmvc\system\CodeIgniter.php(318): CodeIgniter\CodeIgniter->handleRequest(NULL, Object(Config\Cache), false)
#10 D:\laragon\www\ci4-hmvc\public\index.php(37): CodeIgniter\CodeIgniter->run()
#11 D:\laragon\www\ci4-hmvc\system\Commands\Server\rewrite.php(43): require_once('D:\\laragon\\www\\...')
#12 {main}
ERROR - 2021-12-23 00:11:25 --> Unknown column 'category.name' in 'field list'
CRITICAL - 2021-12-23 00:11:25 --> Unknown column 'category.name' in 'field list'
#0 D:\laragon\www\ci4-hmvc\system\Database\MySQLi\Connection.php(292): mysqli->query('SELECT `title`,...', 0)
#1 D:\laragon\www\ci4-hmvc\system\Database\BaseConnection.php(670): CodeIgniter\Database\MySQLi\Connection->execute('SELECT `title`,...')
#2 D:\laragon\www\ci4-hmvc\system\Database\BaseConnection.php(598): CodeIgniter\Database\BaseConnection->simpleQuery('SELECT `title`,...')
#3 D:\laragon\www\ci4-hmvc\system\Database\BaseBuilder.php(1443): CodeIgniter\Database\BaseConnection->query('SELECT `title`,...', Array, false)
#4 D:\laragon\www\ci4-hmvc\system\Model.php(723): CodeIgniter\Database\BaseBuilder->get(3)
#5 D:\laragon\www\ci4-hmvc\modules\Post\Models\PostModel.php(48): CodeIgniter\Model->__call('get', Array)
#6 D:\laragon\www\ci4-hmvc\app\Controllers\Home.php(20): Modules\Post\Models\PostModel->getNewest()
#7 D:\laragon\www\ci4-hmvc\system\CodeIgniter.php(824): App\Controllers\Home->index()
#8 D:\laragon\www\ci4-hmvc\system\CodeIgniter.php(410): CodeIgniter\CodeIgniter->runController(Object(App\Controllers\Home))
#9 D:\laragon\www\ci4-hmvc\system\CodeIgniter.php(318): CodeIgniter\CodeIgniter->handleRequest(NULL, Object(Config\Cache), false)
#10 D:\laragon\www\ci4-hmvc\public\index.php(37): CodeIgniter\CodeIgniter->run()
#11 D:\laragon\www\ci4-hmvc\system\Commands\Server\rewrite.php(43): require_once('D:\\laragon\\www\\...')
#12 {main}
ERROR - 2021-12-23 00:14:00 --> Unknown column 'users.id' in 'on clause'
CRITICAL - 2021-12-23 00:14:00 --> Unknown column 'users.id' in 'on clause'
#0 D:\laragon\www\ci4-hmvc\system\Database\MySQLi\Connection.php(292): mysqli->query('SELECT `title`,...', 0)
#1 D:\laragon\www\ci4-hmvc\system\Database\BaseConnection.php(670): CodeIgniter\Database\MySQLi\Connection->execute('SELECT `title`,...')
#2 D:\laragon\www\ci4-hmvc\system\Database\BaseConnection.php(598): CodeIgniter\Database\BaseConnection->simpleQuery('SELECT `title`,...')
#3 D:\laragon\www\ci4-hmvc\system\Database\BaseBuilder.php(1443): CodeIgniter\Database\BaseConnection->query('SELECT `title`,...', Array, false)
#4 D:\laragon\www\ci4-hmvc\system\Model.php(723): CodeIgniter\Database\BaseBuilder->get(3)
#5 D:\laragon\www\ci4-hmvc\modules\Post\Models\PostModel.php(49): CodeIgniter\Model->__call('get', Array)
#6 D:\laragon\www\ci4-hmvc\app\Controllers\Home.php(20): Modules\Post\Models\PostModel->getNewest()
#7 D:\laragon\www\ci4-hmvc\system\CodeIgniter.php(824): App\Controllers\Home->index()
#8 D:\laragon\www\ci4-hmvc\system\CodeIgniter.php(410): CodeIgniter\CodeIgniter->runController(Object(App\Controllers\Home))
#9 D:\laragon\www\ci4-hmvc\system\CodeIgniter.php(318): CodeIgniter\CodeIgniter->handleRequest(NULL, Object(Config\Cache), false)
#10 D:\laragon\www\ci4-hmvc\public\index.php(37): CodeIgniter\CodeIgniter->run()
#11 D:\laragon\www\ci4-hmvc\system\Commands\Server\rewrite.php(43): require_once('D:\\laragon\\www\\...')
#12 {main}
ERROR - 2021-12-23 00:16:42 --> Unknown column 'c.category' in 'field list'
CRITICAL - 2021-12-23 00:16:42 --> Unknown column 'c.category' in 'field list'
#0 D:\laragon\www\ci4-hmvc\system\Database\MySQLi\Connection.php(292): mysqli->query('SELECT `title`,...', 0)
#1 D:\laragon\www\ci4-hmvc\system\Database\BaseConnection.php(670): CodeIgniter\Database\MySQLi\Connection->execute('SELECT `title`,...')
#2 D:\laragon\www\ci4-hmvc\system\Database\BaseConnection.php(598): CodeIgniter\Database\BaseConnection->simpleQuery('SELECT `title`,...')
#3 D:\laragon\www\ci4-hmvc\system\Database\BaseBuilder.php(1443): CodeIgniter\Database\BaseConnection->query('SELECT `title`,...', Array, false)
#4 D:\laragon\www\ci4-hmvc\system\Model.php(723): CodeIgniter\Database\BaseBuilder->get(3)
#5 D:\laragon\www\ci4-hmvc\modules\Post\Models\PostModel.php(49): CodeIgniter\Model->__call('get', Array)
#6 D:\laragon\www\ci4-hmvc\app\Controllers\Home.php(20): Modules\Post\Models\PostModel->getNewest()
#7 D:\laragon\www\ci4-hmvc\system\CodeIgniter.php(824): App\Controllers\Home->index()
#8 D:\laragon\www\ci4-hmvc\system\CodeIgniter.php(410): CodeIgniter\CodeIgniter->runController(Object(App\Controllers\Home))
#9 D:\laragon\www\ci4-hmvc\system\CodeIgniter.php(318): CodeIgniter\CodeIgniter->handleRequest(NULL, Object(Config\Cache), false)
#10 D:\laragon\www\ci4-hmvc\public\index.php(37): CodeIgniter\CodeIgniter->run()
#11 D:\laragon\www\ci4-hmvc\system\Commands\Server\rewrite.php(43): require_once('D:\\laragon\\www\\...')
#12 {main}
ERROR - 2021-12-23 00:17:14 --> Unknown column 'name' in 'field list'
CRITICAL - 2021-12-23 00:21:07 --> A non well formed numeric value encountered
#0 [internal function]: CodeIgniter\Debug\Exceptions->errorHandler(8, 'A non well form...', 'D:\\laragon\\www\\...', 17, Array)
#1 D:\laragon\www\ci4-hmvc\modules\Post\Views\partials\trending.php(17): date('D m Y', '2021-12-18 01:5...')
#2 D:\laragon\www\ci4-hmvc\system\View\View.php(214): include('D:\\laragon\\www\\...')
#3 D:\laragon\www\ci4-hmvc\system\View\View.php(217): CodeIgniter\View\View->CodeIgniter\View\{closure}()
#4 D:\laragon\www\ci4-hmvc\system\View\View.php(432): CodeIgniter\View\View->render('\\Modules\\Post\\V...', NULL, true)
#5 D:\laragon\www\ci4-hmvc\modules\Post\Views\index.php(7): CodeIgniter\View\View->include('\\Modules\\Post\\V...')
#6 D:\laragon\www\ci4-hmvc\system\View\View.php(214): include('D:\\laragon\\www\\...')
#7 D:\laragon\www\ci4-hmvc\system\View\View.php(217): CodeIgniter\View\View->CodeIgniter\View\{closure}()
#8 D:\laragon\www\ci4-hmvc\system\Common.php(1097): CodeIgniter\View\View->render('\\Modules\\Post\\V...', Array, true)
#9 D:\laragon\www\ci4-hmvc\app\Controllers\Home.php(25): view('\\Modules\\Post\\V...', Array)
#10 D:\laragon\www\ci4-hmvc\system\CodeIgniter.php(824): App\Controllers\Home->index()
#11 D:\laragon\www\ci4-hmvc\system\CodeIgniter.php(410): CodeIgniter\CodeIgniter->runController(Object(App\Controllers\Home))
#12 D:\laragon\www\ci4-hmvc\system\CodeIgniter.php(318): CodeIgniter\CodeIgniter->handleRequest(NULL, Object(Config\Cache), false)
#13 D:\laragon\www\ci4-hmvc\public\index.php(37): CodeIgniter\CodeIgniter->run()
#14 D:\laragon\www\ci4-hmvc\system\Commands\Server\rewrite.php(43): require_once('D:\\laragon\\www\\...')
#15 {main}
CRITICAL - 2021-12-23 00:21:10 --> A non well formed numeric value encountered
#0 [internal function]: CodeIgniter\Debug\Exceptions->errorHandler(8, 'A non well form...', 'D:\\laragon\\www\\...', 17, Array)
#1 D:\laragon\www\ci4-hmvc\modules\Post\Views\partials\trending.php(17): date('D m Y', '2021-12-18 01:5...')
#2 D:\laragon\www\ci4-hmvc\system\View\View.php(214): include('D:\\laragon\\www\\...')
#3 D:\laragon\www\ci4-hmvc\system\View\View.php(217): CodeIgniter\View\View->CodeIgniter\View\{closure}()
#4 D:\laragon\www\ci4-hmvc\system\View\View.php(432): CodeIgniter\View\View->render('\\Modules\\Post\\V...', NULL, true)
#5 D:\laragon\www\ci4-hmvc\modules\Post\Views\index.php(7): CodeIgniter\View\View->include('\\Modules\\Post\\V...')
#6 D:\laragon\www\ci4-hmvc\system\View\View.php(214): include('D:\\laragon\\www\\...')
#7 D:\laragon\www\ci4-hmvc\system\View\View.php(217): CodeIgniter\View\View->CodeIgniter\View\{closure}()
#8 D:\laragon\www\ci4-hmvc\system\Common.php(1097): CodeIgniter\View\View->render('\\Modules\\Post\\V...', Array, true)
#9 D:\laragon\www\ci4-hmvc\app\Controllers\Home.php(25): view('\\Modules\\Post\\V...', Array)
#10 D:\laragon\www\ci4-hmvc\system\CodeIgniter.php(824): App\Controllers\Home->index()
#11 D:\laragon\www\ci4-hmvc\system\CodeIgniter.php(410): CodeIgniter\CodeIgniter->runController(Object(App\Controllers\Home))
#12 D:\laragon\www\ci4-hmvc\system\CodeIgniter.php(318): CodeIgniter\CodeIgniter->handleRequest(NULL, Object(Config\Cache), false)
#13 D:\laragon\www\ci4-hmvc\public\index.php(37): CodeIgniter\CodeIgniter->run()
#14 D:\laragon\www\ci4-hmvc\system\Commands\Server\rewrite.php(43): require_once('D:\\laragon\\www\\...')
#15 {main}
CRITICAL - 2021-12-23 00:21:50 --> Trying to get property 'published_at' of non-object
#0 D:\laragon\www\ci4-hmvc\app\Controllers\Home.php(23): CodeIgniter\Debug\Exceptions->errorHandler(8, 'Trying to get p...', 'D:\\laragon\\www\\...', 23, Array)
#1 D:\laragon\www\ci4-hmvc\system\CodeIgniter.php(824): App\Controllers\Home->index()
#2 D:\laragon\www\ci4-hmvc\system\CodeIgniter.php(410): CodeIgniter\CodeIgniter->runController(Object(App\Controllers\Home))
#3 D:\laragon\www\ci4-hmvc\system\CodeIgniter.php(318): CodeIgniter\CodeIgniter->handleRequest(NULL, Object(Config\Cache), false)
#4 D:\laragon\www\ci4-hmvc\public\index.php(37): CodeIgniter\CodeIgniter->run()
#5 D:\laragon\www\ci4-hmvc\system\Commands\Server\rewrite.php(43): require_once('D:\\laragon\\www\\...')
#6 {main}
CRITICAL - 2021-12-23 02:25:45 --> Call to undefined function App\Controllers\bgCategory()
#0 D:\laragon\www\ci4-hmvc\system\CodeIgniter.php(824): App\Controllers\Home->index()
#1 D:\laragon\www\ci4-hmvc\system\CodeIgniter.php(410): CodeIgniter\CodeIgniter->runController(Object(App\Controllers\Home))
#2 D:\laragon\www\ci4-hmvc\system\CodeIgniter.php(318): CodeIgniter\CodeIgniter->handleRequest(NULL, Object(Config\Cache), false)
#3 D:\laragon\www\ci4-hmvc\public\index.php(37): CodeIgniter\CodeIgniter->run()
#4 D:\laragon\www\ci4-hmvc\system\Commands\Server\rewrite.php(43): require_once('D:\\laragon\\www\\...')
#5 {main}
CRITICAL - 2021-12-23 02:28:53 --> Call to undefined function App\Controllers\bgCategory()
#0 D:\laragon\www\ci4-hmvc\system\CodeIgniter.php(824): App\Controllers\Home->index()
#1 D:\laragon\www\ci4-hmvc\system\CodeIgniter.php(410): CodeIgniter\CodeIgniter->runController(Object(App\Controllers\Home))
#2 D:\laragon\www\ci4-hmvc\system\CodeIgniter.php(318): CodeIgniter\CodeIgniter->handleRequest(NULL, Object(Config\Cache), false)
#3 D:\laragon\www\ci4-hmvc\public\index.php(37): CodeIgniter\CodeIgniter->run()
#4 D:\laragon\www\ci4-hmvc\system\Commands\Server\rewrite.php(43): require_once('D:\\laragon\\www\\...')
#5 {main}
CRITICAL - 2021-12-23 02:29:14 --> Call to undefined function App\Controllers\bgCategory()
#0 D:\laragon\www\ci4-hmvc\system\CodeIgniter.php(824): App\Controllers\Home->index()
#1 D:\laragon\www\ci4-hmvc\system\CodeIgniter.php(410): CodeIgniter\CodeIgniter->runController(Object(App\Controllers\Home))
#2 D:\laragon\www\ci4-hmvc\system\CodeIgniter.php(318): CodeIgniter\CodeIgniter->handleRequest(NULL, Object(Config\Cache), false)
#3 D:\laragon\www\ci4-hmvc\public\index.php(37): CodeIgniter\CodeIgniter->run()
#4 D:\laragon\www\ci4-hmvc\system\Commands\Server\rewrite.php(43): require_once('D:\\laragon\\www\\...')
#5 {main}
CRITICAL - 2021-12-23 02:29:35 --> Call to undefined function App\Controllers\bgCategory()
#0 D:\laragon\www\ci4-hmvc\system\CodeIgniter.php(824): App\Controllers\Home->index()
#1 D:\laragon\www\ci4-hmvc\system\CodeIgniter.php(410): CodeIgniter\CodeIgniter->runController(Object(App\Controllers\Home))
#2 D:\laragon\www\ci4-hmvc\system\CodeIgniter.php(318): CodeIgniter\CodeIgniter->handleRequest(NULL, Object(Config\Cache), false)
#3 D:\laragon\www\ci4-hmvc\public\index.php(37): CodeIgniter\CodeIgniter->run()
#4 D:\laragon\www\ci4-hmvc\system\Commands\Server\rewrite.php(43): require_once('D:\\laragon\\www\\...')
#5 {main}
CRITICAL - 2021-12-23 02:29:36 --> Call to undefined function App\Controllers\bgCategory()
#0 D:\laragon\www\ci4-hmvc\system\CodeIgniter.php(824): App\Controllers\Home->index()
#1 D:\laragon\www\ci4-hmvc\system\CodeIgniter.php(410): CodeIgniter\CodeIgniter->runController(Object(App\Controllers\Home))
#2 D:\laragon\www\ci4-hmvc\system\CodeIgniter.php(318): CodeIgniter\CodeIgniter->handleRequest(NULL, Object(Config\Cache), false)
#3 D:\laragon\www\ci4-hmvc\public\index.php(37): CodeIgniter\CodeIgniter->run()
#4 D:\laragon\www\ci4-hmvc\system\Commands\Server\rewrite.php(43): require_once('D:\\laragon\\www\\...')
#5 {main}
CRITICAL - 2021-12-23 02:29:37 --> Call to undefined function App\Controllers\bgCategory()
#0 D:\laragon\www\ci4-hmvc\system\CodeIgniter.php(824): App\Controllers\Home->index()
#1 D:\laragon\www\ci4-hmvc\system\CodeIgniter.php(410): CodeIgniter\CodeIgniter->runController(Object(App\Controllers\Home))
#2 D:\laragon\www\ci4-hmvc\system\CodeIgniter.php(318): CodeIgniter\CodeIgniter->handleRequest(NULL, Object(Config\Cache), false)
#3 D:\laragon\www\ci4-hmvc\public\index.php(37): CodeIgniter\CodeIgniter->run()
#4 D:\laragon\www\ci4-hmvc\system\Commands\Server\rewrite.php(43): require_once('D:\\laragon\\www\\...')
#5 {main}
CRITICAL - 2021-12-23 02:29:54 --> Call to undefined function App\Controllers\bgCategory()
#0 D:\laragon\www\ci4-hmvc\system\CodeIgniter.php(824): App\Controllers\Home->index()
#1 D:\laragon\www\ci4-hmvc\system\CodeIgniter.php(410): CodeIgniter\CodeIgniter->runController(Object(App\Controllers\Home))
#2 D:\laragon\www\ci4-hmvc\system\CodeIgniter.php(318): CodeIgniter\CodeIgniter->handleRequest(NULL, Object(Config\Cache), false)
#3 D:\laragon\www\ci4-hmvc\public\index.php(37): CodeIgniter\CodeIgniter->run()
#4 D:\laragon\www\ci4-hmvc\system\Commands\Server\rewrite.php(43): require_once('D:\\laragon\\www\\...')
#5 {main}
CRITICAL - 2021-12-23 02:29:56 --> Call to undefined function App\Controllers\bgCategory()
#0 D:\laragon\www\ci4-hmvc\system\CodeIgniter.php(824): App\Controllers\Home->index()
#1 D:\laragon\www\ci4-hmvc\system\CodeIgniter.php(410): CodeIgniter\CodeIgniter->runController(Object(App\Controllers\Home))
#2 D:\laragon\www\ci4-hmvc\system\CodeIgniter.php(318): CodeIgniter\CodeIgniter->handleRequest(NULL, Object(Config\Cache), false)
#3 D:\laragon\www\ci4-hmvc\public\index.php(37): CodeIgniter\CodeIgniter->run()
#4 D:\laragon\www\ci4-hmvc\system\Commands\Server\rewrite.php(43): require_once('D:\\laragon\\www\\...')
#5 {main}
CRITICAL - 2021-12-23 02:32:56 --> Call to undefined function App\Controllers\bgCategory()
#0 D:\laragon\www\ci4-hmvc\system\CodeIgniter.php(824): App\Controllers\Home->index()
#1 D:\laragon\www\ci4-hmvc\system\CodeIgniter.php(410): CodeIgniter\CodeIgniter->runController(Object(App\Controllers\Home))
#2 D:\laragon\www\ci4-hmvc\system\CodeIgniter.php(318): CodeIgniter\CodeIgniter->handleRequest(NULL, Object(Config\Cache), false)
#3 D:\laragon\www\ci4-hmvc\public\index.php(37): CodeIgniter\CodeIgniter->run()
#4 D:\laragon\www\ci4-hmvc\system\Commands\Server\rewrite.php(43): require_once('D:\\laragon\\www\\...')
#5 {main}
CRITICAL - 2021-12-23 02:32:57 --> Call to undefined function App\Controllers\bgCategory()
#0 D:\laragon\www\ci4-hmvc\system\CodeIgniter.php(824): App\Controllers\Home->index()
#1 D:\laragon\www\ci4-hmvc\system\CodeIgniter.php(410): CodeIgniter\CodeIgniter->runController(Object(App\Controllers\Home))
#2 D:\laragon\www\ci4-hmvc\system\CodeIgniter.php(318): CodeIgniter\CodeIgniter->handleRequest(NULL, Object(Config\Cache), false)
#3 D:\laragon\www\ci4-hmvc\public\index.php(37): CodeIgniter\CodeIgniter->run()
#4 D:\laragon\www\ci4-hmvc\system\Commands\Server\rewrite.php(43): require_once('D:\\laragon\\www\\...')
#5 {main}
