ERROR - 2021-12-22 02:01:55 --> You have an error in your SQL syntax; check the manual that corresponds to your MySQL server version for the right syntax to use near ' category_id, user_id, slug, published_at, post_image' at line 3
CRITICAL - 2021-12-22 02:01:55 --> You have an error in your SQL syntax; check the manual that corresponds to your MySQL server version for the right syntax to use near ' category_id, user_id, slug, published_at, post_image' at line 3
#0 D:\laragon\www\ci4-hmvc\system\Database\MySQLi\Connection.php(292): mysqli->query('SELECT *\nFROM `...', 0)
#1 D:\laragon\www\ci4-hmvc\system\Database\BaseConnection.php(670): CodeIgniter\Database\MySQLi\Connection->execute('SELECT *\nFROM `...')
#2 D:\laragon\www\ci4-hmvc\system\Database\BaseConnection.php(598): CodeIgniter\Database\BaseConnection->simpleQuery('SELECT *\nFROM `...')
#3 D:\laragon\www\ci4-hmvc\system\Database\BaseBuilder.php(1576): CodeIgniter\Database\BaseConnection->query('SELECT *\nFROM `...', Array, false)
#4 D:\laragon\www\ci4-hmvc\system\Model.php(723): CodeIgniter\Database\BaseBuilder->getWhere('title, category...')
#5 D:\laragon\www\ci4-hmvc\app\Controllers\Home.php(20): CodeIgniter\Model->__call('getWhere', Array)
#6 D:\laragon\www\ci4-hmvc\system\CodeIgniter.php(824): App\Controllers\Home->index()
#7 D:\laragon\www\ci4-hmvc\system\CodeIgniter.php(410): CodeIgniter\CodeIgniter->runController(Object(App\Controllers\Home))
#8 D:\laragon\www\ci4-hmvc\system\CodeIgniter.php(318): CodeIgniter\CodeIgniter->handleRequest(NULL, Object(Config\Cache), false)
#9 D:\laragon\www\ci4-hmvc\public\index.php(37): CodeIgniter\CodeIgniter->run()
#10 D:\laragon\www\ci4-hmvc\system\Commands\Server\rewrite.php(43): require_once('D:\\laragon\\www\\...')
#11 {main}
CRITICAL - 2021-12-22 02:04:12 --> Undefined index: 
#0 D:\laragon\www\ci4-hmvc\app\Controllers\Home.php(23): CodeIgniter\Debug\Exceptions->errorHandler(8, 'Undefined index...', 'D:\\laragon\\www\\...', 23, Array)
#1 D:\laragon\www\ci4-hmvc\system\CodeIgniter.php(824): App\Controllers\Home->index()
#2 D:\laragon\www\ci4-hmvc\system\CodeIgniter.php(410): CodeIgniter\CodeIgniter->runController(Object(App\Controllers\Home))
#3 D:\laragon\www\ci4-hmvc\system\CodeIgniter.php(318): CodeIgniter\CodeIgniter->handleRequest(NULL, Object(Config\Cache), false)
#4 D:\laragon\www\ci4-hmvc\public\index.php(37): CodeIgniter\CodeIgniter->run()
#5 D:\laragon\www\ci4-hmvc\system\Commands\Server\rewrite.php(43): require_once('D:\\laragon\\www\\...')
#6 {main}
CRITICAL - 2021-12-22 02:06:01 --> Class '3' not found
#0 [internal function]: CodeIgniter\Debug\Exceptions->shutdownHandler()
#1 {main}
CRITICAL - 2021-12-22 02:06:06 --> Class '3' not found
#0 [internal function]: CodeIgniter\Debug\Exceptions->shutdownHandler()
#1 {main}
