CRITICAL - 2022-05-31 02:35:38 --> Array to string conversion
#0 D:\laragon\www\ci4-blog-post\modules\Post\Views\partials\new.php(520): CodeIgniter\Debug\Exceptions->errorHandler(8, 'Array to string...', 'D:\\laragon\\www\\...', 520, Array)
#1 D:\laragon\www\ci4-blog-post\system\View\View.php(214): include('D:\\laragon\\www\\...')
#2 D:\laragon\www\ci4-blog-post\system\View\View.php(217): CodeIgniter\View\View->CodeIgniter\View\{closure}()
#3 D:\laragon\www\ci4-blog-post\system\View\View.php(432): CodeIgniter\View\View->render('\\Modules\\Post\\V...', NULL, true)
#4 D:\laragon\www\ci4-blog-post\modules\Post\Views\index.php(11): CodeIgniter\View\View->include('\\Modules\\Post\\V...')
#5 D:\laragon\www\ci4-blog-post\system\View\View.php(214): include('D:\\laragon\\www\\...')
#6 D:\laragon\www\ci4-blog-post\system\View\View.php(217): CodeIgniter\View\View->CodeIgniter\View\{closure}()
#7 D:\laragon\www\ci4-blog-post\system\Common.php(1097): CodeIgniter\View\View->render('Post\\Views\\inde...', Array, true)
#8 D:\laragon\www\ci4-blog-post\modules\Post\Controllers\Post.php(36): view('Post\\Views\\inde...', Array)
#9 D:\laragon\www\ci4-blog-post\system\CodeIgniter.php(824): Modules\Post\Controllers\Post->index()
#10 D:\laragon\www\ci4-blog-post\system\CodeIgniter.php(410): CodeIgniter\CodeIgniter->runController(Object(Modules\Post\Controllers\Post))
#11 D:\laragon\www\ci4-blog-post\system\CodeIgniter.php(318): CodeIgniter\CodeIgniter->handleRequest(NULL, Object(Config\Cache), false)
#12 D:\laragon\www\ci4-blog-post\public\index.php(37): CodeIgniter\CodeIgniter->run()
#13 D:\laragon\www\ci4-blog-post\system\Commands\Server\rewrite.php(43): require_once('D:\\laragon\\www\\...')
#14 {main}
CRITICAL - 2022-05-31 02:37:22 --> Array to string conversion
#0 D:\laragon\www\ci4-blog-post\modules\Post\Views\partials\new.php(520): CodeIgniter\Debug\Exceptions->errorHandler(8, 'Array to string...', 'D:\\laragon\\www\\...', 520, Array)
#1 D:\laragon\www\ci4-blog-post\system\View\View.php(214): include('D:\\laragon\\www\\...')
#2 D:\laragon\www\ci4-blog-post\system\View\View.php(217): CodeIgniter\View\View->CodeIgniter\View\{closure}()
#3 D:\laragon\www\ci4-blog-post\system\View\View.php(432): CodeIgniter\View\View->render('\\Modules\\Post\\V...', NULL, true)
#4 D:\laragon\www\ci4-blog-post\modules\Post\Views\index.php(11): CodeIgniter\View\View->include('\\Modules\\Post\\V...')
#5 D:\laragon\www\ci4-blog-post\system\View\View.php(214): include('D:\\laragon\\www\\...')
#6 D:\laragon\www\ci4-blog-post\system\View\View.php(217): CodeIgniter\View\View->CodeIgniter\View\{closure}()
#7 D:\laragon\www\ci4-blog-post\system\Common.php(1097): CodeIgniter\View\View->render('Post\\Views\\inde...', Array, true)
#8 D:\laragon\www\ci4-blog-post\modules\Post\Controllers\Post.php(37): view('Post\\Views\\inde...', Array)
#9 D:\laragon\www\ci4-blog-post\system\CodeIgniter.php(824): Modules\Post\Controllers\Post->index()
#10 D:\laragon\www\ci4-blog-post\system\CodeIgniter.php(410): CodeIgniter\CodeIgniter->runController(Object(Modules\Post\Controllers\Post))
#11 D:\laragon\www\ci4-blog-post\system\CodeIgniter.php(318): CodeIgniter\CodeIgniter->handleRequest(NULL, Object(Config\Cache), false)
#12 D:\laragon\www\ci4-blog-post\public\index.php(37): CodeIgniter\CodeIgniter->run()
#13 D:\laragon\www\ci4-blog-post\system\Commands\Server\rewrite.php(43): require_once('D:\\laragon\\www\\...')
#14 {main}
CRITICAL - 2022-05-31 02:37:23 --> Array to string conversion
#0 D:\laragon\www\ci4-blog-post\modules\Post\Views\partials\new.php(520): CodeIgniter\Debug\Exceptions->errorHandler(8, 'Array to string...', 'D:\\laragon\\www\\...', 520, Array)
#1 D:\laragon\www\ci4-blog-post\system\View\View.php(214): include('D:\\laragon\\www\\...')
#2 D:\laragon\www\ci4-blog-post\system\View\View.php(217): CodeIgniter\View\View->CodeIgniter\View\{closure}()
#3 D:\laragon\www\ci4-blog-post\system\View\View.php(432): CodeIgniter\View\View->render('\\Modules\\Post\\V...', NULL, true)
#4 D:\laragon\www\ci4-blog-post\modules\Post\Views\index.php(11): CodeIgniter\View\View->include('\\Modules\\Post\\V...')
#5 D:\laragon\www\ci4-blog-post\system\View\View.php(214): include('D:\\laragon\\www\\...')
#6 D:\laragon\www\ci4-blog-post\system\View\View.php(217): CodeIgniter\View\View->CodeIgniter\View\{closure}()
#7 D:\laragon\www\ci4-blog-post\system\Common.php(1097): CodeIgniter\View\View->render('Post\\Views\\inde...', Array, true)
#8 D:\laragon\www\ci4-blog-post\modules\Post\Controllers\Post.php(37): view('Post\\Views\\inde...', Array)
#9 D:\laragon\www\ci4-blog-post\system\CodeIgniter.php(824): Modules\Post\Controllers\Post->index()
#10 D:\laragon\www\ci4-blog-post\system\CodeIgniter.php(410): CodeIgniter\CodeIgniter->runController(Object(Modules\Post\Controllers\Post))
#11 D:\laragon\www\ci4-blog-post\system\CodeIgniter.php(318): CodeIgniter\CodeIgniter->handleRequest(NULL, Object(Config\Cache), false)
#12 D:\laragon\www\ci4-blog-post\public\index.php(37): CodeIgniter\CodeIgniter->run()
#13 D:\laragon\www\ci4-blog-post\system\Commands\Server\rewrite.php(43): require_once('D:\\laragon\\www\\...')
#14 {main}
CRITICAL - 2022-05-31 02:43:58 --> Trying to get property 'slug' of non-object
#0 D:\laragon\www\ci4-blog-post\modules\Post\Views\partials\new.php(532): CodeIgniter\Debug\Exceptions->errorHandler(8, 'Trying to get p...', 'D:\\laragon\\www\\...', 532, Array)
#1 D:\laragon\www\ci4-blog-post\system\View\View.php(214): include('D:\\laragon\\www\\...')
#2 D:\laragon\www\ci4-blog-post\system\View\View.php(217): CodeIgniter\View\View->CodeIgniter\View\{closure}()
#3 D:\laragon\www\ci4-blog-post\system\View\View.php(432): CodeIgniter\View\View->render('\\Modules\\Post\\V...', NULL, true)
#4 D:\laragon\www\ci4-blog-post\modules\Post\Views\index.php(11): CodeIgniter\View\View->include('\\Modules\\Post\\V...')
#5 D:\laragon\www\ci4-blog-post\system\View\View.php(214): include('D:\\laragon\\www\\...')
#6 D:\laragon\www\ci4-blog-post\system\View\View.php(217): CodeIgniter\View\View->CodeIgniter\View\{closure}()
#7 D:\laragon\www\ci4-blog-post\system\Common.php(1097): CodeIgniter\View\View->render('Post\\Views\\inde...', Array, true)
#8 D:\laragon\www\ci4-blog-post\modules\Post\Controllers\Post.php(37): view('Post\\Views\\inde...', Array)
#9 D:\laragon\www\ci4-blog-post\system\CodeIgniter.php(824): Modules\Post\Controllers\Post->index()
#10 D:\laragon\www\ci4-blog-post\system\CodeIgniter.php(410): CodeIgniter\CodeIgniter->runController(Object(Modules\Post\Controllers\Post))
#11 D:\laragon\www\ci4-blog-post\system\CodeIgniter.php(318): CodeIgniter\CodeIgniter->handleRequest(NULL, Object(Config\Cache), false)
#12 D:\laragon\www\ci4-blog-post\public\index.php(37): CodeIgniter\CodeIgniter->run()
#13 D:\laragon\www\ci4-blog-post\system\Commands\Server\rewrite.php(43): require_once('D:\\laragon\\www\\...')
#14 {main}
CRITICAL - 2022-05-31 02:44:00 --> Trying to get property 'slug' of non-object
#0 D:\laragon\www\ci4-blog-post\modules\Post\Views\partials\new.php(532): CodeIgniter\Debug\Exceptions->errorHandler(8, 'Trying to get p...', 'D:\\laragon\\www\\...', 532, Array)
#1 D:\laragon\www\ci4-blog-post\system\View\View.php(214): include('D:\\laragon\\www\\...')
#2 D:\laragon\www\ci4-blog-post\system\View\View.php(217): CodeIgniter\View\View->CodeIgniter\View\{closure}()
#3 D:\laragon\www\ci4-blog-post\system\View\View.php(432): CodeIgniter\View\View->render('\\Modules\\Post\\V...', NULL, true)
#4 D:\laragon\www\ci4-blog-post\modules\Post\Views\index.php(11): CodeIgniter\View\View->include('\\Modules\\Post\\V...')
#5 D:\laragon\www\ci4-blog-post\system\View\View.php(214): include('D:\\laragon\\www\\...')
#6 D:\laragon\www\ci4-blog-post\system\View\View.php(217): CodeIgniter\View\View->CodeIgniter\View\{closure}()
#7 D:\laragon\www\ci4-blog-post\system\Common.php(1097): CodeIgniter\View\View->render('Post\\Views\\inde...', Array, true)
#8 D:\laragon\www\ci4-blog-post\modules\Post\Controllers\Post.php(37): view('Post\\Views\\inde...', Array)
#9 D:\laragon\www\ci4-blog-post\system\CodeIgniter.php(824): Modules\Post\Controllers\Post->index()
#10 D:\laragon\www\ci4-blog-post\system\CodeIgniter.php(410): CodeIgniter\CodeIgniter->runController(Object(Modules\Post\Controllers\Post))
#11 D:\laragon\www\ci4-blog-post\system\CodeIgniter.php(318): CodeIgniter\CodeIgniter->handleRequest(NULL, Object(Config\Cache), false)
#12 D:\laragon\www\ci4-blog-post\public\index.php(37): CodeIgniter\CodeIgniter->run()
#13 D:\laragon\www\ci4-blog-post\system\Commands\Server\rewrite.php(43): require_once('D:\\laragon\\www\\...')
#14 {main}
CRITICAL - 2022-05-31 03:27:34 --> Object of class stdClass could not be converted to string
#0 D:\laragon\www\ci4-blog-post\system\CodeIgniter.php(824): Modules\Post\Controllers\Post->index()
#1 D:\laragon\www\ci4-blog-post\system\CodeIgniter.php(410): CodeIgniter\CodeIgniter->runController(Object(Modules\Post\Controllers\Post))
#2 D:\laragon\www\ci4-blog-post\system\CodeIgniter.php(318): CodeIgniter\CodeIgniter->handleRequest(NULL, Object(Config\Cache), false)
#3 D:\laragon\www\ci4-blog-post\public\index.php(37): CodeIgniter\CodeIgniter->run()
#4 D:\laragon\www\ci4-blog-post\system\Commands\Server\rewrite.php(43): require_once('D:\\laragon\\www\\...')
#5 {main}
CRITICAL - 2022-05-31 03:27:36 --> Object of class stdClass could not be converted to string
#0 D:\laragon\www\ci4-blog-post\system\CodeIgniter.php(824): Modules\Post\Controllers\Post->index()
#1 D:\laragon\www\ci4-blog-post\system\CodeIgniter.php(410): CodeIgniter\CodeIgniter->runController(Object(Modules\Post\Controllers\Post))
#2 D:\laragon\www\ci4-blog-post\system\CodeIgniter.php(318): CodeIgniter\CodeIgniter->handleRequest(NULL, Object(Config\Cache), false)
#3 D:\laragon\www\ci4-blog-post\public\index.php(37): CodeIgniter\CodeIgniter->run()
#4 D:\laragon\www\ci4-blog-post\system\Commands\Server\rewrite.php(43): require_once('D:\\laragon\\www\\...')
#5 {main}
CRITICAL - 2022-05-31 03:32:20 --> Undefined variable: news
#0 D:\laragon\www\ci4-blog-post\modules\Post\Views\partials\trending.php(13): CodeIgniter\Debug\Exceptions->errorHandler(8, 'Undefined varia...', 'D:\\laragon\\www\\...', 13, Array)
#1 D:\laragon\www\ci4-blog-post\system\View\View.php(214): include('D:\\laragon\\www\\...')
#2 D:\laragon\www\ci4-blog-post\system\View\View.php(217): CodeIgniter\View\View->CodeIgniter\View\{closure}()
#3 D:\laragon\www\ci4-blog-post\system\View\View.php(432): CodeIgniter\View\View->render('\\Modules\\Post\\V...', NULL, true)
#4 D:\laragon\www\ci4-blog-post\modules\Post\Views\index.php(7): CodeIgniter\View\View->include('\\Modules\\Post\\V...')
#5 D:\laragon\www\ci4-blog-post\system\View\View.php(214): include('D:\\laragon\\www\\...')
#6 D:\laragon\www\ci4-blog-post\system\View\View.php(217): CodeIgniter\View\View->CodeIgniter\View\{closure}()
#7 D:\laragon\www\ci4-blog-post\system\Common.php(1097): CodeIgniter\View\View->render('Post\\Views\\inde...', Array, true)
#8 D:\laragon\www\ci4-blog-post\modules\Post\Controllers\Post.php(66): view('Post\\Views\\inde...', Array)
#9 D:\laragon\www\ci4-blog-post\system\CodeIgniter.php(824): Modules\Post\Controllers\Post->index()
#10 D:\laragon\www\ci4-blog-post\system\CodeIgniter.php(410): CodeIgniter\CodeIgniter->runController(Object(Modules\Post\Controllers\Post))
#11 D:\laragon\www\ci4-blog-post\system\CodeIgniter.php(318): CodeIgniter\CodeIgniter->handleRequest(NULL, Object(Config\Cache), false)
#12 D:\laragon\www\ci4-blog-post\public\index.php(37): CodeIgniter\CodeIgniter->run()
#13 D:\laragon\www\ci4-blog-post\system\Commands\Server\rewrite.php(43): require_once('D:\\laragon\\www\\...')
#14 {main}
